#
# There is insufficient memory for the Java Runtime Environment to continue.
# Native memory allocation (malloc) failed to allocate 1905456 bytes for Chunk::new
# Possible reasons:
#   The system is out of physical RAM or swap space
#   The process is running with CompressedOops enabled, and the Java Heap may be blocking the growth of the native heap
# Possible solutions:
#   Reduce memory load on the system
#   Increase physical memory or swap space
#   Check if swap backing store is full
#   Decrease Java heap size (-Xmx/-Xms)
#   Decrease number of Java threads
#   Decrease Java thread stack sizes (-Xss)
#   Set larger code cache with -XX:ReservedCodeCacheSize=
#   JVM is running with Unscaled Compressed Oops mode in which the Java heap is
#     placed in the first 4GB address space. The Java Heap base address is the
#     maximum limit for the native heap growth. Please use -XX:HeapBaseMinAddress
#     to set the Java Heap base and to place the Java Heap above 4GB virtual address.
# This output file may be truncated or incomplete.
#
#  Out of Memory Error (./src/hotspot/share/memory/arena.cpp:197), pid=8, tid=5804
#
# JRE version: OpenJDK Runtime Environment (11.0.11+9) (build 11.0.11+9-b60-7590822)
# Java VM: OpenJDK 64-Bit Server VM (11.0.11+9-b60-7590822, mixed mode, tiered, compressed oops, g1 gc, windows-amd64)
# No core dump will be written. Minidumps are not enabled by default on client versions of Windows
#

---------------  S U M M A R Y ------------

Command Line: --add-opens=java.base/java.util=ALL-UNNAMED --add-opens=java.base/java.lang=ALL-UNNAMED --add-opens=java.base/java.lang.invoke=ALL-UNNAMED --add-opens=java.base/java.util=ALL-UNNAMED --add-opens=java.prefs/java.util.prefs=ALL-UNNAMED --add-opens=java.prefs/java.util.prefs=ALL-UNNAMED --add-opens=java.base/java.nio.charset=ALL-UNNAMED --add-opens=java.base/java.net=ALL-UNNAMED --add-opens=java.base/java.util.concurrent.atomic=ALL-UNNAMED -Xmx2048m -Dfile.encoding=UTF-8 -Duser.country=419 -Duser.language=es -Duser.variant org.gradle.launcher.daemon.bootstrap.GradleDaemon 7.2

Host: Intel(R) Pentium(R) CPU N4200 @ 1.10GHz, 4 cores, 3G,  Windows 10 , 64 bit Build 10586 (10.0.10586.0)
Time: Mon Mar 28 19:44:30 2022 Hora estándar central (México) elapsed time: 71.061712 seconds (0d 0h 1m 11s)

---------------  T H R E A D  ---------------

Current thread (0x000002215b5ae000):  JavaThread "C2 CompilerThread0" daemon [_thread_in_native, id=5804, stack(0x000000c8a9200000,0x000000c8a9300000)]


Current CompileTask:
C2:  71061 8320 %     4       org.gradle.internal.instantiation.generator.AbstractClassGenerator::inspectType @ 163 (560 bytes)

Stack: [0x000000c8a9200000,0x000000c8a9300000]
Native frames: (J=compiled Java code, j=interpreted, Vv=VM code, C=native code)
V  [jvm.dll+0x5f214a]
V  [jvm.dll+0x726fb5]
V  [jvm.dll+0x7285cd]
V  [jvm.dll+0x728c83]
V  [jvm.dll+0x243278]
V  [jvm.dll+0xbc53c]
V  [jvm.dll+0xbca3c]
V  [jvm.dll+0x353e3b]
V  [jvm.dll+0x321893]
V  [jvm.dll+0x320d8a]
V  [jvm.dll+0x1fc1e2]
V  [jvm.dll+0x1fb3d4]
V  [jvm.dll+0x183d6c]
V  [jvm.dll+0x209a57]
V  [jvm.dll+0x2082a1]
V  [jvm.dll+0x6ef58f]
V  [jvm.dll+0x6e80b5]
V  [jvm.dll+0x5f1036]
C  [ucrtbase.dll+0x6be1d]
C  [KERNEL32.DLL+0x18102]
C  [ntdll.dll+0x5c264]


---------------  P R O C E S S  ---------------

Threads class SMR info:
_java_thread_list=0x000002215fff5280, length=76, elements={
0x000002214106c000, 0x000002215ac1b800, 0x000002215ac1d000, 0x000002215b5a1800,
0x000002215b5a4000, 0x000002215b5a7800, 0x000002215b5ae000, 0x000002215b5b0800,
0x000002215ac8b000, 0x000002215b6f5800, 0x000002215c78c000, 0x000002215cada800,
0x000002215c1bd800, 0x000002215b5f3000, 0x000002215b5f4000, 0x000002215ce67800,
0x000002215ce68000, 0x000002215cde1800, 0x000002215cd5d800, 0x000002215cdd9800,
0x000002215cdda000, 0x000002215cddb000, 0x000002215cddb800, 0x000002215cde0000,
0x000002215cddc800, 0x000002215cddd800, 0x000002215cdde000, 0x000002215cddf000,
0x000002215dc7b800, 0x000002215dc7a000, 0x000002215dc7d000, 0x000002215dc7f800,
0x000002215dc80800, 0x000002215dc81000, 0x000002215dc82000, 0x000002215dc7c000,
0x000002215dc82800, 0x000002215dc83800, 0x000002215dc7e000, 0x000002215dc84800,
0x000002215dc85000, 0x000002215dc86000, 0x000002215dc87000, 0x000002215dc87800,
0x000002215dc88800, 0x000002215ddc0800, 0x000002215ddc4800, 0x000002215ddbf800,
0x000002215ddc5800, 0x000002215ddc2000, 0x000002215ddc6000, 0x000002215ddc3800,
0x000002215ddc3000, 0x000002215ddc7000, 0x000002215ddc1800, 0x000002215ddca800,
0x000002215ddcc000, 0x000002215ddcc800, 0x000002215ddc8000, 0x000002215ddcd800,
0x000002215ddc8800, 0x000002215ddcb000, 0x000002215ddce800, 0x000002215ddc9800,
0x000002215fb55800, 0x000002215fb54000, 0x000002215fb50800, 0x000002215fb52000,
0x000002215fb51800, 0x000002215fb53000, 0x000002215fb54800, 0x000002215fb50000,
0x000002215fb57000, 0x000002215fb58000, 0x000002215fb59000, 0x000002215fb59800
}

Java Threads: ( => current thread )
  0x000002214106c000 JavaThread "main" [_thread_blocked, id=1000, stack(0x000000c8a8600000,0x000000c8a8700000)]
  0x000002215ac1b800 JavaThread "Reference Handler" daemon [_thread_blocked, id=8196, stack(0x000000c8a8d00000,0x000000c8a8e00000)]
  0x000002215ac1d000 JavaThread "Finalizer" daemon [_thread_blocked, id=3624, stack(0x000000c8a8e00000,0x000000c8a8f00000)]
  0x000002215b5a1800 JavaThread "Signal Dispatcher" daemon [_thread_blocked, id=6824, stack(0x000000c8a8f00000,0x000000c8a9000000)]
  0x000002215b5a4000 JavaThread "Attach Listener" daemon [_thread_blocked, id=6028, stack(0x000000c8a9000000,0x000000c8a9100000)]
  0x000002215b5a7800 JavaThread "Service Thread" daemon [_thread_blocked, id=3300, stack(0x000000c8a9100000,0x000000c8a9200000)]
=>0x000002215b5ae000 JavaThread "C2 CompilerThread0" daemon [_thread_in_native, id=5804, stack(0x000000c8a9200000,0x000000c8a9300000)]
  0x000002215b5b0800 JavaThread "C1 CompilerThread0" daemon [_thread_blocked, id=4348, stack(0x000000c8a9300000,0x000000c8a9400000)]
  0x000002215ac8b000 JavaThread "Sweeper thread" daemon [_thread_blocked, id=7740, stack(0x000000c8a9400000,0x000000c8a9500000)]
  0x000002215b6f5800 JavaThread "Common-Cleaner" daemon [_thread_blocked, id=3968, stack(0x000000c8a9500000,0x000000c8a9600000)]
  0x000002215c78c000 JavaThread "Daemon health stats" [_thread_blocked, id=440, stack(0x000000c8a9800000,0x000000c8a9900000)]
  0x000002215cada800 JavaThread "Incoming local TCP Connector on port 2244" [_thread_in_native, id=4564, stack(0x000000c8a9900000,0x000000c8a9a00000)]
  0x000002215c1bd800 JavaThread "Daemon periodic checks" [_thread_blocked, id=4472, stack(0x000000c8a9a00000,0x000000c8a9b00000)]
  0x000002215b5f3000 JavaThread "Daemon" [_thread_blocked, id=4312, stack(0x000000c8a9b00000,0x000000c8a9c00000)]
  0x000002215b5f4000 JavaThread "Handler for socket connection from /127.0.0.1:2244 to /127.0.0.1:2245" [_thread_in_native, id=8072, stack(0x000000c8a9c00000,0x000000c8a9d00000)]
  0x000002215ce67800 JavaThread "Cancel handler" [_thread_blocked, id=1572, stack(0x000000c8a9d00000,0x000000c8a9e00000)]
  0x000002215ce68000 JavaThread "Daemon worker" [_thread_in_native, id=9184, stack(0x000000c8a9e00000,0x000000c8a9f00000)]
  0x000002215cde1800 JavaThread "Asynchronous log dispatcher for DefaultDaemonConnection: socket connection from /127.0.0.1:2244 to /127.0.0.1:2245" [_thread_blocked, id=1848, stack(0x000000c8a9f00000,0x000000c8aa000000)]
  0x000002215cd5d800 JavaThread "Stdin handler" [_thread_blocked, id=708, stack(0x000000c8aa000000,0x000000c8aa100000)]
  0x000002215cdd9800 JavaThread "Daemon client event forwarder" [_thread_blocked, id=5036, stack(0x000000c8aa100000,0x000000c8aa200000)]
  0x000002215cdda000 JavaThread "Cache worker for journal cache (C:\Users\Alondra\.gradle\caches\journal-1)" [_thread_blocked, id=1192, stack(0x000000c8aa400000,0x000000c8aa500000)]
  0x000002215cddb000 JavaThread "File lock request listener" [_thread_in_native, id=6156, stack(0x000000c8aa500000,0x000000c8aa600000)]
  0x000002215cddb800 JavaThread "Cache worker for file hash cache (C:\Users\Alondra\.gradle\caches\7.2\fileHashes)" [_thread_blocked, id=7488, stack(0x000000c8aa600000,0x000000c8aa700000)]
  0x000002215cde0000 JavaThread "Cache worker for file hash cache (D:\Alondra\RecyclerView\.gradle\7.2\fileHashes)" [_thread_blocked, id=8260, stack(0x000000c8aa700000,0x000000c8aa800000)]
  0x000002215cddc800 JavaThread "jar transforms" [_thread_blocked, id=4660, stack(0x000000c8aa800000,0x000000c8aa900000)]
  0x000002215cddd800 JavaThread "jar transforms Thread 2" [_thread_blocked, id=7416, stack(0x000000c8aa900000,0x000000c8aaa00000)]
  0x000002215cdde000 JavaThread "jar transforms Thread 3" [_thread_blocked, id=4672, stack(0x000000c8aaa00000,0x000000c8aab00000)]
  0x000002215cddf000 JavaThread "jar transforms Thread 4" [_thread_blocked, id=992, stack(0x000000c8aab00000,0x000000c8aac00000)]
  0x000002215dc7b800 JavaThread "Cache worker for checksums cache (D:\Alondra\RecyclerView\.gradle\checksums)" [_thread_blocked, id=6096, stack(0x000000c8aac00000,0x000000c8aad00000)]
  0x000002215dc7a000 JavaThread "Cache worker for cache directory md-supplier (C:\Users\Alondra\.gradle\caches\7.2\md-supplier)" [_thread_blocked, id=88, stack(0x000000c8aad00000,0x000000c8aae00000)]
  0x000002215dc7d000 JavaThread "Cache worker for cache directory md-rule (C:\Users\Alondra\.gradle\caches\7.2\md-rule)" [_thread_blocked, id=5276, stack(0x000000c8aae00000,0x000000c8aaf00000)]
  0x000002215dc7f800 JavaThread "Cache worker for execution history cache (C:\Users\Alondra\.gradle\caches\7.2\executionHistory)" [_thread_blocked, id=376, stack(0x000000c8aaf00000,0x000000c8ab000000)]
  0x000002215dc80800 JavaThread "Cache worker for file content cache (C:\Users\Alondra\.gradle\caches\7.2\fileContent)" [_thread_blocked, id=8184, stack(0x000000c8ab000000,0x000000c8ab100000)]
  0x000002215dc81000 JavaThread "Cache worker for dependencies-accessors (D:\Alondra\RecyclerView\.gradle\7.2\dependencies-accessors)" [_thread_blocked, id=5368, stack(0x000000c8ab100000,0x000000c8ab200000)]
  0x000002215dc82000 JavaThread "Cache worker for Build Output Cleanup Cache (D:\Alondra\RecyclerView\.gradle\buildOutputCleanup)" [_thread_blocked, id=5256, stack(0x000000c8ab200000,0x000000c8ab300000)]
  0x000002215dc7c000 JavaThread "Unconstrained build operations" [_thread_blocked, id=4760, stack(0x000000c8ab500000,0x000000c8ab600000)]
  0x000002215dc82800 JavaThread "Unconstrained build operations Thread 2" [_thread_blocked, id=7768, stack(0x000000c8ab600000,0x000000c8ab700000)]
  0x000002215dc83800 JavaThread "Unconstrained build operations Thread 3" [_thread_blocked, id=7852, stack(0x000000c8ab700000,0x000000c8ab800000)]
  0x000002215dc7e000 JavaThread "Unconstrained build operations Thread 4" [_thread_blocked, id=4680, stack(0x000000c8ab800000,0x000000c8ab900000)]
  0x000002215dc84800 JavaThread "Unconstrained build operations Thread 5" [_thread_blocked, id=1428, stack(0x000000c8ab900000,0x000000c8aba00000)]
  0x000002215dc85000 JavaThread "Unconstrained build operations Thread 6" [_thread_blocked, id=5412, stack(0x000000c8aba00000,0x000000c8abb00000)]
  0x000002215dc86000 JavaThread "Unconstrained build operations Thread 7" [_thread_blocked, id=7496, stack(0x000000c8abb00000,0x000000c8abc00000)]
  0x000002215dc87000 JavaThread "Unconstrained build operations Thread 8" [_thread_blocked, id=348, stack(0x000000c8abc00000,0x000000c8abd00000)]
  0x000002215dc87800 JavaThread "Unconstrained build operations Thread 9" [_thread_blocked, id=4488, stack(0x000000c8abd00000,0x000000c8abe00000)]
  0x000002215dc88800 JavaThread "Unconstrained build operations Thread 10" [_thread_blocked, id=9180, stack(0x000000c8abe00000,0x000000c8abf00000)]
  0x000002215ddc0800 JavaThread "Unconstrained build operations Thread 11" [_thread_blocked, id=2740, stack(0x000000c8abf00000,0x000000c8ac000000)]
  0x000002215ddc4800 JavaThread "Unconstrained build operations Thread 12" [_thread_blocked, id=4000, stack(0x000000c8ac000000,0x000000c8ac100000)]
  0x000002215ddbf800 JavaThread "Unconstrained build operations Thread 13" [_thread_blocked, id=5736, stack(0x000000c8ac100000,0x000000c8ac200000)]
  0x000002215ddc5800 JavaThread "Unconstrained build operations Thread 14" [_thread_blocked, id=5644, stack(0x000000c8ac200000,0x000000c8ac300000)]
  0x000002215ddc2000 JavaThread "Unconstrained build operations Thread 15" [_thread_blocked, id=6316, stack(0x000000c8ac300000,0x000000c8ac400000)]
  0x000002215ddc6000 JavaThread "Unconstrained build operations Thread 16" [_thread_blocked, id=3924, stack(0x000000c8ac400000,0x000000c8ac500000)]
  0x000002215ddc3800 JavaThread "Unconstrained build operations Thread 17" [_thread_blocked, id=7828, stack(0x000000c8ac500000,0x000000c8ac600000)]
  0x000002215ddc3000 JavaThread "Unconstrained build operations Thread 18" [_thread_blocked, id=6240, stack(0x000000c8ac600000,0x000000c8ac700000)]
  0x000002215ddc7000 JavaThread "Unconstrained build operations Thread 19" [_thread_blocked, id=9060, stack(0x000000c8ac700000,0x000000c8ac800000)]
  0x000002215ddc1800 JavaThread "Unconstrained build operations Thread 20" [_thread_blocked, id=3412, stack(0x000000c8ac800000,0x000000c8ac900000)]
  0x000002215ddca800 JavaThread "Unconstrained build operations Thread 21" [_thread_blocked, id=6680, stack(0x000000c8ac900000,0x000000c8aca00000)]
  0x000002215ddcc000 JavaThread "Unconstrained build operations Thread 22" [_thread_blocked, id=4176, stack(0x000000c8aca00000,0x000000c8acb00000)]
  0x000002215ddcc800 JavaThread "Unconstrained build operations Thread 23" [_thread_blocked, id=8776, stack(0x000000c8acb00000,0x000000c8acc00000)]
  0x000002215ddc8000 JavaThread "Unconstrained build operations Thread 24" [_thread_blocked, id=4900, stack(0x000000c8acc00000,0x000000c8acd00000)]
  0x000002215ddcd800 JavaThread "Unconstrained build operations Thread 25" [_thread_blocked, id=7296, stack(0x000000c8acd00000,0x000000c8ace00000)]
  0x000002215ddc8800 JavaThread "Unconstrained build operations Thread 26" [_thread_blocked, id=6872, stack(0x000000c8ace00000,0x000000c8acf00000)]
  0x000002215ddcb000 JavaThread "Unconstrained build operations Thread 27" [_thread_blocked, id=7052, stack(0x000000c8acf00000,0x000000c8ad000000)]
  0x000002215ddce800 JavaThread "Unconstrained build operations Thread 28" [_thread_blocked, id=4792, stack(0x000000c8ad000000,0x000000c8ad100000)]
  0x000002215ddc9800 JavaThread "Unconstrained build operations Thread 29" [_thread_blocked, id=5872, stack(0x000000c8ad100000,0x000000c8ad200000)]
  0x000002215fb55800 JavaThread "Unconstrained build operations Thread 30" [_thread_blocked, id=8400, stack(0x000000c8ad200000,0x000000c8ad300000)]
  0x000002215fb54000 JavaThread "Unconstrained build operations Thread 31" [_thread_blocked, id=5172, stack(0x000000c8ad300000,0x000000c8ad400000)]
  0x000002215fb50800 JavaThread "Unconstrained build operations Thread 32" [_thread_blocked, id=7132, stack(0x000000c8ad400000,0x000000c8ad500000)]
  0x000002215fb52000 JavaThread "Unconstrained build operations Thread 33" [_thread_blocked, id=2328, stack(0x000000c8ad500000,0x000000c8ad600000)]
  0x000002215fb51800 JavaThread "Unconstrained build operations Thread 34" [_thread_blocked, id=5176, stack(0x000000c8ad600000,0x000000c8ad700000)]
  0x000002215fb53000 JavaThread "Unconstrained build operations Thread 35" [_thread_blocked, id=2728, stack(0x000000c8ad700000,0x000000c8ad800000)]
  0x000002215fb54800 JavaThread "Unconstrained build operations Thread 36" [_thread_blocked, id=3952, stack(0x000000c8ad800000,0x000000c8ad900000)]
  0x000002215fb50000 JavaThread "Unconstrained build operations Thread 37" [_thread_blocked, id=4184, stack(0x000000c8ad900000,0x000000c8ada00000)]
  0x000002215fb57000 JavaThread "Unconstrained build operations Thread 38" [_thread_blocked, id=1920, stack(0x000000c8ada00000,0x000000c8adb00000)]
  0x000002215fb58000 JavaThread "Unconstrained build operations Thread 39" [_thread_blocked, id=8324, stack(0x000000c8adb00000,0x000000c8adc00000)]
  0x000002215fb59000 JavaThread "Unconstrained build operations Thread 40" [_thread_blocked, id=5792, stack(0x000000c8adc00000,0x000000c8add00000)]
  0x000002215fb59800 JavaThread "Memory manager" [_thread_blocked, id=4840, stack(0x000000c8add00000,0x000000c8ade00000)]

Other Threads:
  0x000002215ac15800 VMThread "VM Thread" [stack: 0x000000c8a8c00000,0x000000c8a8d00000] [id=2400]
  0x000002215b721800 WatcherThread [stack: 0x000000c8a9600000,0x000000c8a9700000] [id=3372]
  0x0000022141085000 GCTaskThread "GC Thread#0" [stack: 0x000000c8a8700000,0x000000c8a8800000] [id=7472]
  0x000002215c02e000 GCTaskThread "GC Thread#1" [stack: 0x000000c8a9700000,0x000000c8a9800000] [id=7708]
  0x000002215ce6a000 GCTaskThread "GC Thread#2" [stack: 0x000000c8aa200000,0x000000c8aa300000] [id=2336]
  0x000002215c9d8000 GCTaskThread "GC Thread#3" [stack: 0x000000c8aa300000,0x000000c8aa400000] [id=8988]
  0x00000221410b6800 ConcurrentGCThread "G1 Main Marker" [stack: 0x000000c8a8800000,0x000000c8a8900000] [id=792]
  0x00000221410b8000 ConcurrentGCThread "G1 Conc#0" [stack: 0x000000c8a8900000,0x000000c8a8a00000] [id=6172]
  0x0000022141112000 ConcurrentGCThread "G1 Refine#0" [stack: 0x000000c8a8a00000,0x000000c8a8b00000] [id=5608]
  0x0000022141114000 ConcurrentGCThread "G1 Young RemSet Sampling" [stack: 0x000000c8a8b00000,0x000000c8a8c00000] [id=8488]

Threads with active compile tasks:
C2 CompilerThread0  71210 8320 %     4       org.gradle.internal.instantiation.generator.AbstractClassGenerator::inspectType @ 163 (560 bytes)

VM state:not at safepoint (normal execution)

VM Mutex/Monitor currently owned by a thread: None

Heap address: 0x0000000080000000, size: 2048 MB, Compressed Oops mode: 32-bit
Narrow klass base: 0x0000000000000000, Narrow klass shift: 3
Compressed class space size: 1073741824 Address: 0x0000000100000000

Heap:
 garbage-first heap   total 159744K, used 98501K [0x0000000080000000, 0x0000000100000000)
  region size 1024K, 10 young (10240K), 3 survivors (3072K)
 Metaspace       used 78440K, capacity 80425K, committed 80636K, reserved 1120256K
  class space    used 10118K, capacity 10803K, committed 10828K, reserved 1048576K
Heap Regions: E=young(eden), S=young(survivor), O=old, HS=humongous(starts), HC=humongous(continues), CS=collection set, F=free, A=archive, TAMS=top-at-mark-start (previous, next)
|   0|0x0000000080000000, 0x0000000080100000, 0x0000000080100000|100%| O|  |TAMS 0x0000000080100000, 0x0000000080000000| Untracked 
|   1|0x0000000080100000, 0x0000000080200000, 0x0000000080200000|100%| O|  |TAMS 0x0000000080200000, 0x0000000080100000| Untracked 
|   2|0x0000000080200000, 0x0000000080300000, 0x0000000080300000|100%| O|  |TAMS 0x0000000080300000, 0x0000000080200000| Untracked 
|   3|0x0000000080300000, 0x0000000080400000, 0x0000000080400000|100%|HS|  |TAMS 0x0000000080400000, 0x0000000080300000| Complete 
|   4|0x0000000080400000, 0x0000000080500000, 0x0000000080500000|100%|HC|  |TAMS 0x0000000080500000, 0x0000000080400000| Complete 
|   5|0x0000000080500000, 0x0000000080600000, 0x0000000080600000|100%|HC|  |TAMS 0x0000000080600000, 0x0000000080500000| Complete 
|   6|0x0000000080600000, 0x0000000080700000, 0x0000000080700000|100%| O|  |TAMS 0x0000000080700000, 0x0000000080600000| Untracked 
|   7|0x0000000080700000, 0x0000000080800000, 0x0000000080800000|100%| O|  |TAMS 0x0000000080800000, 0x0000000080700000| Untracked 
|   8|0x0000000080800000, 0x0000000080900000, 0x0000000080900000|100%| O|  |TAMS 0x0000000080900000, 0x0000000080800000| Untracked 
|   9|0x0000000080900000, 0x0000000080a00000, 0x0000000080a00000|100%| O|  |TAMS 0x0000000080a00000, 0x0000000080900000| Untracked 
|  10|0x0000000080a00000, 0x0000000080b00000, 0x0000000080b00000|100%| O|  |TAMS 0x0000000080b00000, 0x0000000080a00000| Untracked 
|  11|0x0000000080b00000, 0x0000000080c00000, 0x0000000080c00000|100%| O|  |TAMS 0x0000000080c00000, 0x0000000080b00000| Untracked 
|  12|0x0000000080c00000, 0x0000000080d00000, 0x0000000080d00000|100%| O|  |TAMS 0x0000000080d00000, 0x0000000080c00000| Untracked 
|  13|0x0000000080d00000, 0x0000000080e00000, 0x0000000080e00000|100%| O|  |TAMS 0x0000000080e00000, 0x0000000080d00000| Untracked 
|  14|0x0000000080e00000, 0x0000000080f00000, 0x0000000080f00000|100%| O|  |TAMS 0x0000000080f00000, 0x0000000080e00000| Untracked 
|  15|0x0000000080f00000, 0x0000000081000000, 0x0000000081000000|100%| O|  |TAMS 0x0000000081000000, 0x0000000080f00000| Untracked 
|  16|0x0000000081000000, 0x0000000081100000, 0x0000000081100000|100%| O|  |TAMS 0x0000000081100000, 0x0000000081000000| Untracked 
|  17|0x0000000081100000, 0x0000000081200000, 0x0000000081200000|100%|HS|  |TAMS 0x0000000081200000, 0x0000000081100000| Complete 
|  18|0x0000000081200000, 0x0000000081300000, 0x0000000081300000|100%|HC|  |TAMS 0x0000000081300000, 0x0000000081200000| Complete 
|  19|0x0000000081300000, 0x0000000081400000, 0x0000000081400000|100%|HS|  |TAMS 0x0000000081400000, 0x0000000081300000| Complete 
|  20|0x0000000081400000, 0x0000000081500000, 0x0000000081500000|100%|HC|  |TAMS 0x0000000081500000, 0x0000000081400000| Complete 
|  21|0x0000000081500000, 0x0000000081600000, 0x0000000081600000|100%|HC|  |TAMS 0x0000000081600000, 0x0000000081500000| Complete 
|  22|0x0000000081600000, 0x0000000081700000, 0x0000000081700000|100%|HS|  |TAMS 0x0000000081700000, 0x0000000081600000| Complete 
|  23|0x0000000081700000, 0x0000000081800000, 0x0000000081800000|100%|HC|  |TAMS 0x0000000081800000, 0x0000000081700000| Complete 
|  24|0x0000000081800000, 0x0000000081900000, 0x0000000081900000|100%|HC|  |TAMS 0x0000000081900000, 0x0000000081800000| Complete 
|  25|0x0000000081900000, 0x0000000081a00000, 0x0000000081a00000|100%|HC|  |TAMS 0x0000000081a00000, 0x0000000081900000| Complete 
|  26|0x0000000081a00000, 0x0000000081b00000, 0x0000000081b00000|100%| O|  |TAMS 0x0000000081b00000, 0x0000000081a00000| Untracked 
|  27|0x0000000081b00000, 0x0000000081c00000, 0x0000000081c00000|100%| O|  |TAMS 0x0000000081c00000, 0x0000000081b00000| Untracked 
|  28|0x0000000081c00000, 0x0000000081d00000, 0x0000000081d00000|100%| O|  |TAMS 0x0000000081d00000, 0x0000000081c00000| Untracked 
|  29|0x0000000081d00000, 0x0000000081e00000, 0x0000000081e00000|100%| O|  |TAMS 0x0000000081e00000, 0x0000000081d00000| Untracked 
|  30|0x0000000081e00000, 0x0000000081f00000, 0x0000000081f00000|100%| O|  |TAMS 0x0000000081f00000, 0x0000000081e00000| Untracked 
|  31|0x0000000081f00000, 0x0000000082000000, 0x0000000082000000|100%| O|  |TAMS 0x0000000082000000, 0x0000000081f00000| Untracked 
|  32|0x0000000082000000, 0x0000000082100000, 0x0000000082100000|100%| O|  |TAMS 0x0000000082100000, 0x0000000082000000| Untracked 
|  33|0x0000000082100000, 0x0000000082200000, 0x0000000082200000|100%| O|  |TAMS 0x0000000082200000, 0x0000000082100000| Untracked 
|  34|0x0000000082200000, 0x0000000082300000, 0x0000000082300000|100%| O|  |TAMS 0x0000000082300000, 0x0000000082200000| Untracked 
|  35|0x0000000082300000, 0x0000000082400000, 0x0000000082400000|100%| O|  |TAMS 0x0000000082400000, 0x0000000082300000| Untracked 
|  36|0x0000000082400000, 0x0000000082500000, 0x0000000082500000|100%| O|  |TAMS 0x0000000082500000, 0x0000000082400000| Untracked 
|  37|0x0000000082500000, 0x0000000082600000, 0x0000000082600000|100%| O|  |TAMS 0x0000000082600000, 0x0000000082500000| Untracked 
|  38|0x0000000082600000, 0x0000000082700000, 0x0000000082700000|100%| O|  |TAMS 0x0000000082700000, 0x0000000082600000| Untracked 
|  39|0x0000000082700000, 0x0000000082800000, 0x0000000082800000|100%| O|  |TAMS 0x0000000082800000, 0x0000000082700000| Untracked 
|  40|0x0000000082800000, 0x0000000082900000, 0x0000000082900000|100%| O|  |TAMS 0x0000000082900000, 0x0000000082800000| Untracked 
|  41|0x0000000082900000, 0x0000000082a00000, 0x0000000082a00000|100%|HS|  |TAMS 0x0000000082a00000, 0x0000000082900000| Complete 
|  42|0x0000000082a00000, 0x0000000082b00000, 0x0000000082b00000|100%|HC|  |TAMS 0x0000000082b00000, 0x0000000082a00000| Complete 
|  43|0x0000000082b00000, 0x0000000082c00000, 0x0000000082c00000|100%|HC|  |TAMS 0x0000000082c00000, 0x0000000082b00000| Complete 
|  44|0x0000000082c00000, 0x0000000082d00000, 0x0000000082d00000|100%| O|  |TAMS 0x0000000082d00000, 0x0000000082c00000| Untracked 
|  45|0x0000000082d00000, 0x0000000082e00000, 0x0000000082e00000|100%| O|  |TAMS 0x0000000082e00000, 0x0000000082d00000| Untracked 
|  46|0x0000000082e00000, 0x0000000082f00000, 0x0000000082f00000|100%| O|  |TAMS 0x0000000082f00000, 0x0000000082e00000| Untracked 
|  47|0x0000000082f00000, 0x0000000083000000, 0x0000000083000000|100%| O|  |TAMS 0x0000000083000000, 0x0000000082f00000| Untracked 
|  48|0x0000000083000000, 0x0000000083100000, 0x0000000083100000|100%| O|  |TAMS 0x0000000083100000, 0x0000000083000000| Untracked 
|  49|0x0000000083100000, 0x0000000083200000, 0x0000000083200000|100%| O|  |TAMS 0x0000000083200000, 0x0000000083100000| Untracked 
|  50|0x0000000083200000, 0x0000000083300000, 0x0000000083300000|100%| O|  |TAMS 0x0000000083300000, 0x0000000083200000| Untracked 
|  51|0x0000000083300000, 0x0000000083400000, 0x0000000083400000|100%|HS|  |TAMS 0x0000000083400000, 0x0000000083300000| Complete 
|  52|0x0000000083400000, 0x0000000083500000, 0x0000000083500000|100%|HC|  |TAMS 0x0000000083500000, 0x0000000083400000| Complete 
|  53|0x0000000083500000, 0x0000000083600000, 0x0000000083600000|100%|HC|  |TAMS 0x0000000083600000, 0x0000000083500000| Complete 
|  54|0x0000000083600000, 0x0000000083700000, 0x0000000083700000|100%|HC|  |TAMS 0x0000000083700000, 0x0000000083600000| Complete 
|  55|0x0000000083700000, 0x0000000083800000, 0x0000000083800000|100%| O|  |TAMS 0x0000000083800000, 0x0000000083700000| Untracked 
|  56|0x0000000083800000, 0x0000000083900000, 0x0000000083900000|100%| O|  |TAMS 0x0000000083900000, 0x0000000083800000| Untracked 
|  57|0x0000000083900000, 0x0000000083a00000, 0x0000000083a00000|100%| O|  |TAMS 0x0000000083a00000, 0x0000000083900000| Untracked 
|  58|0x0000000083a00000, 0x0000000083b00000, 0x0000000083b00000|100%| O|  |TAMS 0x0000000083b00000, 0x0000000083a00000| Untracked 
|  59|0x0000000083b00000, 0x0000000083c00000, 0x0000000083c00000|100%| O|  |TAMS 0x0000000083c00000, 0x0000000083b00000| Untracked 
|  60|0x0000000083c00000, 0x0000000083d00000, 0x0000000083d00000|100%|HS|  |TAMS 0x0000000083d00000, 0x0000000083c00000| Complete 
|  61|0x0000000083d00000, 0x0000000083e00000, 0x0000000083e00000|100%|HS|  |TAMS 0x0000000083e00000, 0x0000000083d00000| Complete 
|  62|0x0000000083e00000, 0x0000000083f00000, 0x0000000083f00000|100%|HS|  |TAMS 0x0000000083f00000, 0x0000000083e00000| Complete 
|  63|0x0000000083f00000, 0x0000000084000000, 0x0000000084000000|100%| O|  |TAMS 0x0000000084000000, 0x0000000083f00000| Untracked 
|  64|0x0000000084000000, 0x0000000084100000, 0x0000000084100000|100%|HS|  |TAMS 0x0000000084100000, 0x0000000084000000| Complete 
|  65|0x0000000084100000, 0x0000000084200000, 0x0000000084200000|100%|HS|  |TAMS 0x0000000084200000, 0x0000000084100000| Complete 
|  66|0x0000000084200000, 0x0000000084300000, 0x0000000084300000|100%|HC|  |TAMS 0x0000000084300000, 0x0000000084200000| Complete 
|  67|0x0000000084300000, 0x0000000084400000, 0x0000000084400000|100%|HC|  |TAMS 0x0000000084400000, 0x0000000084300000| Complete 
|  68|0x0000000084400000, 0x0000000084500000, 0x0000000084500000|100%| O|  |TAMS 0x0000000084500000, 0x0000000084400000| Untracked 
|  69|0x0000000084500000, 0x0000000084600000, 0x0000000084600000|100%| O|  |TAMS 0x0000000084600000, 0x0000000084500000| Untracked 
|  70|0x0000000084600000, 0x0000000084700000, 0x0000000084700000|100%| O|  |TAMS 0x0000000084700000, 0x0000000084600000| Untracked 
|  71|0x0000000084700000, 0x0000000084800000, 0x0000000084800000|100%|HS|  |TAMS 0x0000000084800000, 0x0000000084700000| Complete 
|  72|0x0000000084800000, 0x0000000084900000, 0x0000000084900000|100%|HC|  |TAMS 0x0000000084900000, 0x0000000084800000| Complete 
|  73|0x0000000084900000, 0x0000000084a00000, 0x0000000084a00000|100%| O|  |TAMS 0x0000000084a00000, 0x0000000084900000| Untracked 
|  74|0x0000000084a00000, 0x0000000084b00000, 0x0000000084b00000|100%| O|  |TAMS 0x0000000084b00000, 0x0000000084a00000| Untracked 
|  75|0x0000000084b00000, 0x0000000084c00000, 0x0000000084c00000|100%| O|  |TAMS 0x0000000084c00000, 0x0000000084b00000| Untracked 
|  76|0x0000000084c00000, 0x0000000084d00000, 0x0000000084d00000|100%| O|  |TAMS 0x0000000084d00000, 0x0000000084c00000| Untracked 
|  77|0x0000000084d00000, 0x0000000084e00000, 0x0000000084e00000|100%| O|  |TAMS 0x0000000084e00000, 0x0000000084d00000| Untracked 
|  78|0x0000000084e00000, 0x0000000084f00000, 0x0000000084f00000|100%| O|  |TAMS 0x0000000084f00000, 0x0000000084e00000| Untracked 
|  79|0x0000000084f00000, 0x0000000085000000, 0x0000000085000000|100%| O|  |TAMS 0x0000000085000000, 0x0000000084f00000| Untracked 
|  80|0x0000000085000000, 0x0000000085100000, 0x0000000085100000|100%| O|  |TAMS 0x0000000085100000, 0x0000000085000000| Untracked 
|  81|0x0000000085100000, 0x0000000085200000, 0x0000000085200000|100%| O|  |TAMS 0x0000000085200000, 0x0000000085100000| Untracked 
|  82|0x0000000085200000, 0x0000000085300000, 0x0000000085300000|100%| O|  |TAMS 0x0000000085300000, 0x0000000085200000| Untracked 
|  83|0x0000000085300000, 0x0000000085400000, 0x0000000085400000|100%| O|  |TAMS 0x0000000085400000, 0x0000000085300000| Untracked 
|  84|0x0000000085400000, 0x0000000085500000, 0x0000000085500000|100%| O|  |TAMS 0x0000000085500000, 0x0000000085400000| Untracked 
|  85|0x0000000085500000, 0x0000000085600000, 0x0000000085600000|100%| O|  |TAMS 0x0000000085600000, 0x0000000085500000| Untracked 
|  86|0x0000000085600000, 0x0000000085700000, 0x0000000085700000|100%| O|  |TAMS 0x0000000085700000, 0x0000000085600000| Untracked 
|  87|0x0000000085700000, 0x000000008579dc00, 0x0000000085800000| 61%| O|  |TAMS 0x000000008579dc00, 0x0000000085700000| Untracked 
|  88|0x0000000085800000, 0x0000000085800000, 0x0000000085900000|  0%| F|  |TAMS 0x0000000085800000, 0x0000000085800000| Untracked 
|  89|0x0000000085900000, 0x0000000085900000, 0x0000000085a00000|  0%| F|  |TAMS 0x0000000085900000, 0x0000000085900000| Untracked 
|  90|0x0000000085a00000, 0x0000000085a00000, 0x0000000085b00000|  0%| F|  |TAMS 0x0000000085a00000, 0x0000000085a00000| Untracked 
|  91|0x0000000085b00000, 0x0000000085b00000, 0x0000000085c00000|  0%| F|  |TAMS 0x0000000085b00000, 0x0000000085b00000| Untracked 
|  92|0x0000000085c00000, 0x0000000085c00000, 0x0000000085d00000|  0%| F|  |TAMS 0x0000000085c00000, 0x0000000085c00000| Untracked 
|  93|0x0000000085d00000, 0x0000000085d00000, 0x0000000085e00000|  0%| F|  |TAMS 0x0000000085d00000, 0x0000000085d00000| Untracked 
|  94|0x0000000085e00000, 0x0000000085e00000, 0x0000000085f00000|  0%| F|  |TAMS 0x0000000085e00000, 0x0000000085e00000| Untracked 
|  95|0x0000000085f00000, 0x0000000085f00000, 0x0000000086000000|  0%| F|  |TAMS 0x0000000085f00000, 0x0000000085f00000| Untracked 
|  96|0x0000000086000000, 0x0000000086000000, 0x0000000086100000|  0%| F|  |TAMS 0x0000000086000000, 0x0000000086000000| Untracked 
|  97|0x0000000086100000, 0x0000000086100000, 0x0000000086200000|  0%| F|  |TAMS 0x0000000086100000, 0x0000000086100000| Untracked 
|  98|0x0000000086200000, 0x0000000086200000, 0x0000000086300000|  0%| F|  |TAMS 0x0000000086200000, 0x0000000086200000| Untracked 
|  99|0x0000000086300000, 0x0000000086300000, 0x0000000086400000|  0%| F|  |TAMS 0x0000000086300000, 0x0000000086300000| Untracked 
| 100|0x0000000086400000, 0x0000000086400000, 0x0000000086500000|  0%| F|  |TAMS 0x0000000086400000, 0x0000000086400000| Untracked 
| 101|0x0000000086500000, 0x0000000086500000, 0x0000000086600000|  0%| F|  |TAMS 0x0000000086500000, 0x0000000086500000| Untracked 
| 102|0x0000000086600000, 0x0000000086600000, 0x0000000086700000|  0%| F|  |TAMS 0x0000000086600000, 0x0000000086600000| Untracked 
| 103|0x0000000086700000, 0x0000000086700000, 0x0000000086800000|  0%| F|  |TAMS 0x0000000086700000, 0x0000000086700000| Untracked 
| 104|0x0000000086800000, 0x0000000086800000, 0x0000000086900000|  0%| F|  |TAMS 0x0000000086800000, 0x0000000086800000| Untracked 
| 105|0x0000000086900000, 0x0000000086900000, 0x0000000086a00000|  0%| F|  |TAMS 0x0000000086900000, 0x0000000086900000| Untracked 
| 106|0x0000000086a00000, 0x0000000086a00000, 0x0000000086b00000|  0%| F|  |TAMS 0x0000000086a00000, 0x0000000086a00000| Untracked 
| 107|0x0000000086b00000, 0x0000000086b93ab8, 0x0000000086c00000| 57%| S|CS|TAMS 0x0000000086b00000, 0x0000000086b00000| Complete 
| 108|0x0000000086c00000, 0x0000000086d00000, 0x0000000086d00000|100%| S|CS|TAMS 0x0000000086c00000, 0x0000000086c00000| Complete 
| 109|0x0000000086d00000, 0x0000000086e00000, 0x0000000086e00000|100%| S|CS|TAMS 0x0000000086d00000, 0x0000000086d00000| Complete 
| 110|0x0000000086e00000, 0x0000000086e00000, 0x0000000086f00000|  0%| F|  |TAMS 0x0000000086e00000, 0x0000000086e00000| Untracked 
| 111|0x0000000086f00000, 0x0000000086f00000, 0x0000000087000000|  0%| F|  |TAMS 0x0000000086f00000, 0x0000000086f00000| Untracked 
| 112|0x0000000087000000, 0x0000000087000000, 0x0000000087100000|  0%| F|  |TAMS 0x0000000087000000, 0x0000000087000000| Untracked 
| 113|0x0000000087100000, 0x0000000087100000, 0x0000000087200000|  0%| F|  |TAMS 0x0000000087100000, 0x0000000087100000| Untracked 
| 114|0x0000000087200000, 0x0000000087200000, 0x0000000087300000|  0%| F|  |TAMS 0x0000000087200000, 0x0000000087200000| Untracked 
| 115|0x0000000087300000, 0x0000000087300000, 0x0000000087400000|  0%| F|  |TAMS 0x0000000087300000, 0x0000000087300000| Untracked 
| 116|0x0000000087400000, 0x0000000087400000, 0x0000000087500000|  0%| F|  |TAMS 0x0000000087400000, 0x0000000087400000| Untracked 
| 117|0x0000000087500000, 0x0000000087500000, 0x0000000087600000|  0%| F|  |TAMS 0x0000000087500000, 0x0000000087500000| Untracked 
| 118|0x0000000087600000, 0x0000000087600000, 0x0000000087700000|  0%| F|  |TAMS 0x0000000087600000, 0x0000000087600000| Untracked 
| 119|0x0000000087700000, 0x0000000087700000, 0x0000000087800000|  0%| F|  |TAMS 0x0000000087700000, 0x0000000087700000| Untracked 
| 120|0x0000000087800000, 0x0000000087800000, 0x0000000087900000|  0%| F|  |TAMS 0x0000000087800000, 0x0000000087800000| Untracked 
| 121|0x0000000087900000, 0x0000000087900000, 0x0000000087a00000|  0%| F|  |TAMS 0x0000000087900000, 0x0000000087900000| Untracked 
| 122|0x0000000087a00000, 0x0000000087a00000, 0x0000000087b00000|  0%| F|  |TAMS 0x0000000087a00000, 0x0000000087a00000| Untracked 
| 123|0x0000000087b00000, 0x0000000087b00000, 0x0000000087c00000|  0%| F|  |TAMS 0x0000000087b00000, 0x0000000087b00000| Untracked 
| 124|0x0000000087c00000, 0x0000000087c00000, 0x0000000087d00000|  0%| F|  |TAMS 0x0000000087c00000, 0x0000000087c00000| Untracked 
| 125|0x0000000087d00000, 0x0000000087d00000, 0x0000000087e00000|  0%| F|  |TAMS 0x0000000087d00000, 0x0000000087d00000| Untracked 
| 126|0x0000000087e00000, 0x0000000087e00000, 0x0000000087f00000|  0%| F|  |TAMS 0x0000000087e00000, 0x0000000087e00000| Untracked 
| 127|0x0000000087f00000, 0x0000000087f00000, 0x0000000088000000|  0%| F|  |TAMS 0x0000000087f00000, 0x0000000087f00000| Untracked 
| 128|0x0000000088000000, 0x0000000088000000, 0x0000000088100000|  0%| F|  |TAMS 0x0000000088000000, 0x0000000088000000| Untracked 
| 129|0x0000000088100000, 0x0000000088100000, 0x0000000088200000|  0%| F|  |TAMS 0x0000000088100000, 0x0000000088100000| Untracked 
| 130|0x0000000088200000, 0x0000000088200000, 0x0000000088300000|  0%| F|  |TAMS 0x0000000088200000, 0x0000000088200000| Untracked 
| 131|0x0000000088300000, 0x0000000088300000, 0x0000000088400000|  0%| F|  |TAMS 0x0000000088300000, 0x0000000088300000| Untracked 
| 132|0x0000000088400000, 0x0000000088400000, 0x0000000088500000|  0%| F|  |TAMS 0x0000000088400000, 0x0000000088400000| Untracked 
| 133|0x0000000088500000, 0x0000000088500000, 0x0000000088600000|  0%| F|  |TAMS 0x0000000088500000, 0x0000000088500000| Untracked 
| 134|0x0000000088600000, 0x0000000088600000, 0x0000000088700000|  0%| F|  |TAMS 0x0000000088600000, 0x0000000088600000| Untracked 
| 135|0x0000000088700000, 0x0000000088700000, 0x0000000088800000|  0%| F|  |TAMS 0x0000000088700000, 0x0000000088700000| Untracked 
| 136|0x0000000088800000, 0x0000000088800000, 0x0000000088900000|  0%| F|  |TAMS 0x0000000088800000, 0x0000000088800000| Untracked 
| 137|0x0000000088900000, 0x0000000088900000, 0x0000000088a00000|  0%| F|  |TAMS 0x0000000088900000, 0x0000000088900000| Untracked 
| 138|0x0000000088a00000, 0x0000000088a00000, 0x0000000088b00000|  0%| F|  |TAMS 0x0000000088a00000, 0x0000000088a00000| Untracked 
| 139|0x0000000088b00000, 0x0000000088b00000, 0x0000000088c00000|  0%| F|  |TAMS 0x0000000088b00000, 0x0000000088b00000| Untracked 
| 140|0x0000000088c00000, 0x0000000088c00000, 0x0000000088d00000|  0%| F|  |TAMS 0x0000000088c00000, 0x0000000088c00000| Untracked 
| 141|0x0000000088d00000, 0x0000000088d00000, 0x0000000088e00000|  0%| F|  |TAMS 0x0000000088d00000, 0x0000000088d00000| Untracked 
| 142|0x0000000088e00000, 0x0000000088e00000, 0x0000000088f00000|  0%| F|  |TAMS 0x0000000088e00000, 0x0000000088e00000| Untracked 
| 143|0x0000000088f00000, 0x0000000088f00000, 0x0000000089000000|  0%| F|  |TAMS 0x0000000088f00000, 0x0000000088f00000| Untracked 
| 144|0x0000000089000000, 0x0000000089000000, 0x0000000089100000|  0%| F|  |TAMS 0x0000000089000000, 0x0000000089000000| Untracked 
| 145|0x0000000089100000, 0x0000000089100000, 0x0000000089200000|  0%| F|  |TAMS 0x0000000089100000, 0x0000000089100000| Untracked 
| 146|0x0000000089200000, 0x0000000089200000, 0x0000000089300000|  0%| F|  |TAMS 0x0000000089200000, 0x0000000089200000| Untracked 
| 147|0x0000000089300000, 0x0000000089300000, 0x0000000089400000|  0%| F|  |TAMS 0x0000000089300000, 0x0000000089300000| Untracked 
| 148|0x0000000089400000, 0x0000000089400000, 0x0000000089500000|  0%| F|  |TAMS 0x0000000089400000, 0x0000000089400000| Untracked 
| 149|0x0000000089500000, 0x0000000089600000, 0x0000000089600000|100%| E|  |TAMS 0x0000000089500000, 0x0000000089500000| Complete 
| 150|0x0000000089600000, 0x0000000089700000, 0x0000000089700000|100%| E|CS|TAMS 0x0000000089600000, 0x0000000089600000| Complete 
| 151|0x0000000089700000, 0x0000000089800000, 0x0000000089800000|100%| E|CS|TAMS 0x0000000089700000, 0x0000000089700000| Complete 
| 152|0x0000000089800000, 0x0000000089900000, 0x0000000089900000|100%| E|CS|TAMS 0x0000000089800000, 0x0000000089800000| Complete 
| 153|0x0000000089900000, 0x0000000089a00000, 0x0000000089a00000|100%| E|CS|TAMS 0x0000000089900000, 0x0000000089900000| Complete 
| 154|0x0000000089a00000, 0x0000000089b00000, 0x0000000089b00000|100%| E|CS|TAMS 0x0000000089a00000, 0x0000000089a00000| Complete 
| 155|0x0000000089b00000, 0x0000000089c00000, 0x0000000089c00000|100%| E|CS|TAMS 0x0000000089b00000, 0x0000000089b00000| Complete 

Card table byte_map: [0x0000022153f70000,0x0000022154370000] _byte_map_base: 0x0000022153b70000

Marking Bits (Prev, Next): (CMBitMap*) 0x00000221410add68, (CMBitMap*) 0x00000221410adda0
 Prev Bits: [0x0000022154770000, 0x0000022156770000)
 Next Bits: [0x0000022156770000, 0x0000022158770000)

Polling page: 0x000002213f0e0000

Metaspace:

Usage:
  Non-class:     67.99 MB capacity,    66.74 MB ( 98%) used,     1.06 MB (  2%) free+waste,   197.13 KB ( <1%) overhead. 
      Class:     10.58 MB capacity,     9.88 MB ( 93%) used,   622.61 KB (  6%) free+waste,    91.75 KB ( <1%) overhead. 
       Both:     78.57 MB capacity,    76.63 MB ( 98%) used,     1.66 MB (  2%) free+waste,   288.88 KB ( <1%) overhead. 

Virtual space:
  Non-class space:       70.00 MB reserved,      68.17 MB ( 97%) committed 
      Class space:        1.00 GB reserved,      10.70 MB (  1%) committed 
             Both:        1.07 GB reserved,      78.87 MB (  7%) committed 

Chunk freelists:
   Non-Class:  58.00 KB
       Class:  13.00 KB
        Both:  71.00 KB

MaxMetaspaceSize: 17179869184.00 GB
CompressedClassSpaceSize: 1.00 GB

CodeHeap 'non-profiled nmethods': size=120064Kb used=4325Kb max_used=4325Kb free=115738Kb
 bounds [0x000002214c630000, 0x000002214ca70000, 0x0000022153b70000]
CodeHeap 'profiled nmethods': size=120000Kb used=18111Kb max_used=18111Kb free=101889Kb
 bounds [0x0000022145100000, 0x00000221462b0000, 0x000002214c630000]
CodeHeap 'non-nmethods': size=5696Kb used=2268Kb max_used=2294Kb free=3427Kb
 bounds [0x0000022144b70000, 0x0000022144de0000, 0x0000022145100000]
 total_blobs=9174 nmethods=8296 adapters=790
 compilation: enabled
              stopped_count=0, restarted_count=0
 full_count=0

Compilation events (20 events):
Event: 70.918 Thread 0x000002215b5b0800 8388       3       kotlin.collections.CollectionsKt__CollectionsKt::emptyList (7 bytes)
Event: 70.919 Thread 0x000002215b5b0800 nmethod 8388 0x000002214628ce90 code [0x000002214628d040, 0x000002214628d138]
Event: 70.920 Thread 0x000002215b5b0800 8389       3       java.util.concurrent.atomic.AtomicBoolean::compareAndSet (26 bytes)
Event: 70.921 Thread 0x000002215b5b0800 nmethod 8389 0x000002214628d210 code [0x000002214628d440, 0x000002214628da98]
Event: 70.921 Thread 0x000002215b5b0800 8390       3       com.android.build.api.artifact.impl.TypedStorageProvider$getArtifact$1$1::invoke (5 bytes)
Event: 70.922 Thread 0x000002215b5b0800 nmethod 8390 0x000002214628dd10 code [0x000002214628df80, 0x000002214628e8c8]
Event: 70.922 Thread 0x000002215b5b0800 8391       3       com.android.build.api.artifact.impl.TypedStorageProvider$getArtifact$1$1::invoke (27 bytes)
Event: 70.923 Thread 0x000002215b5b0800 nmethod 8391 0x000002214628ec90 code [0x000002214628eee0, 0x000002214628f7e8]
Event: 70.923 Thread 0x000002215b5b0800 8392       3       org.gradle.api.internal.DefaultNamedDomainObjectCollection$AbstractDomainObjectCreatingProvider::configure (83 bytes)
Event: 70.924 Thread 0x000002215b5b0800 nmethod 8392 0x000002214628fb90 code [0x000002214628fe00, 0x0000022146290888]
Event: 70.924 Thread 0x000002215b5b0800 8393       1       com.android.build.api.component.impl.ComponentIdentityImpl::getName (5 bytes)
Event: 70.924 Thread 0x000002215b5b0800 nmethod 8393 0x000002214ca67210 code [0x000002214ca673c0, 0x000002214ca67478]
Event: 70.926 Thread 0x000002215b5b0800 8394       3       com.android.build.gradle.options.ProjectOptions$OptionValue$$Lambda$645/0x0000000100781440::call (12 bytes)
Event: 70.927 Thread 0x000002215b5b0800 nmethod 8394 0x0000022146290c10 code [0x0000022146290e20, 0x00000221462914d8]
Event: 70.927 Thread 0x000002215b5b0800 8395       3       com.android.build.gradle.options.ProjectOptions$OptionValue::lambda$setValueForUseAtConfiguration$0 (32 bytes)
Event: 70.927 Thread 0x000002215b5b0800 nmethod 8395 0x0000022146291710 code [0x0000022146291920, 0x0000022146291f78]
Event: 70.927 Thread 0x000002215b5b0800 8396       1       org.gradle.internal.ImmutableActionSet$EmptySet::isEmpty (2 bytes)
Event: 70.927 Thread 0x000002215b5b0800 nmethod 8396 0x000002214ca67510 code [0x000002214ca676c0, 0x000002214ca67778]
Event: 70.927 Thread 0x000002215b5b0800 8397       1       com.android.build.api.artifact.impl.ArtifactContainer::getFinal (5 bytes)
Event: 70.927 Thread 0x000002215b5b0800 nmethod 8397 0x000002214ca67810 code [0x000002214ca679c0, 0x000002214ca67a78]

GC Heap History (20 events):
Event: 65.669 GC heap before
{Heap before GC invocations=79 (full 0):
 garbage-first heap   total 110592K, used 94055K [0x0000000080000000, 0x0000000100000000)
  region size 1024K, 11 young (11264K), 2 survivors (2048K)
 Metaspace       used 69827K, capacity 71560K, committed 71676K, reserved 1112064K
  class space    used 8872K, capacity 9480K, committed 9548K, reserved 1048576K
}
Event: 65.675 GC heap after
{Heap after GC invocations=80 (full 0):
 garbage-first heap   total 110592K, used 85416K [0x0000000080000000, 0x0000000100000000)
  region size 1024K, 2 young (2048K), 2 survivors (2048K)
 Metaspace       used 69827K, capacity 71560K, committed 71676K, reserved 1112064K
  class space    used 8872K, capacity 9480K, committed 9548K, reserved 1048576K
}
Event: 66.106 GC heap before
{Heap before GC invocations=81 (full 0):
 garbage-first heap   total 110592K, used 94632K [0x0000000080000000, 0x0000000100000000)
  region size 1024K, 11 young (11264K), 2 survivors (2048K)
 Metaspace       used 70671K, capacity 72483K, committed 72572K, reserved 1112064K
  class space    used 8993K, capacity 9617K, committed 9676K, reserved 1048576K
}
Event: 66.112 GC heap after
{Heap after GC invocations=82 (full 0):
 garbage-first heap   total 110592K, used 85872K [0x0000000080000000, 0x0000000100000000)
  region size 1024K, 2 young (2048K), 2 survivors (2048K)
 Metaspace       used 70671K, capacity 72483K, committed 72572K, reserved 1112064K
  class space    used 8993K, capacity 9617K, committed 9676K, reserved 1048576K
}
Event: 66.312 GC heap before
{Heap before GC invocations=82 (full 0):
 garbage-first heap   total 110592K, used 87920K [0x0000000080000000, 0x0000000100000000)
  region size 1024K, 5 young (5120K), 2 survivors (2048K)
 Metaspace       used 70951K, capacity 72746K, committed 72956K, reserved 1112064K
  class space    used 9024K, capacity 9683K, committed 9804K, reserved 1048576K
}
Event: 66.325 GC heap after
{Heap after GC invocations=83 (full 0):
 garbage-first heap   total 110592K, used 86267K [0x0000000080000000, 0x0000000100000000)
  region size 1024K, 2 young (2048K), 2 survivors (2048K)
 Metaspace       used 70951K, capacity 72746K, committed 72956K, reserved 1112064K
  class space    used 9024K, capacity 9683K, committed 9804K, reserved 1048576K
}
Event: 66.879 GC heap before
{Heap before GC invocations=84 (full 0):
 garbage-first heap   total 110592K, used 95483K [0x0000000080000000, 0x0000000100000000)
  region size 1024K, 11 young (11264K), 2 survivors (2048K)
 Metaspace       used 71806K, capacity 73577K, committed 73724K, reserved 1114112K
  class space    used 9139K, capacity 9784K, committed 9804K, reserved 1048576K
}
Event: 66.884 GC heap after
{Heap after GC invocations=85 (full 0):
 garbage-first heap   total 110592K, used 86246K [0x0000000080000000, 0x0000000100000000)
  region size 1024K, 1 young (1024K), 1 survivors (1024K)
 Metaspace       used 71806K, capacity 73577K, committed 73724K, reserved 1114112K
  class space    used 9139K, capacity 9784K, committed 9804K, reserved 1048576K
}
Event: 67.330 GC heap before
{Heap before GC invocations=85 (full 0):
 garbage-first heap   total 110592K, used 95462K [0x0000000080000000, 0x0000000100000000)
  region size 1024K, 10 young (10240K), 1 survivors (1024K)
 Metaspace       used 72728K, capacity 74572K, committed 74620K, reserved 1114112K
  class space    used 9258K, capacity 9903K, committed 9932K, reserved 1048576K
}
Event: 67.336 GC heap after
{Heap after GC invocations=86 (full 0):
 garbage-first heap   total 110592K, used 86691K [0x0000000080000000, 0x0000000100000000)
  region size 1024K, 2 young (2048K), 2 survivors (2048K)
 Metaspace       used 72728K, capacity 74572K, committed 74620K, reserved 1114112K
  class space    used 9258K, capacity 9903K, committed 9932K, reserved 1048576K
}
Event: 67.785 GC heap before
{Heap before GC invocations=87 (full 0):
 garbage-first heap   total 110592K, used 94883K [0x0000000080000000, 0x0000000100000000)
  region size 1024K, 10 young (10240K), 2 survivors (2048K)
 Metaspace       used 73489K, capacity 75314K, committed 75516K, reserved 1114112K
  class space    used 9347K, capacity 10001K, committed 10060K, reserved 1048576K
}
Event: 67.793 GC heap after
{Heap after GC invocations=88 (full 0):
 garbage-first heap   total 133120K, used 86910K [0x0000000080000000, 0x0000000100000000)
  region size 1024K, 2 young (2048K), 2 survivors (2048K)
 Metaspace       used 73489K, capacity 75314K, committed 75516K, reserved 1114112K
  class space    used 9347K, capacity 10001K, committed 10060K, reserved 1048576K
}
Event: 68.815 GC heap before
{Heap before GC invocations=88 (full 0):
 garbage-first heap   total 133120K, used 105342K [0x0000000080000000, 0x0000000100000000)
  region size 1024K, 20 young (20480K), 2 survivors (2048K)
 Metaspace       used 74238K, capacity 76136K, committed 76412K, reserved 1116160K
  class space    used 9431K, capacity 10079K, committed 10188K, reserved 1048576K
}
Event: 68.824 GC heap after
{Heap after GC invocations=89 (full 0):
 garbage-first heap   total 133120K, used 88090K [0x0000000080000000, 0x0000000100000000)
  region size 1024K, 3 young (3072K), 3 survivors (3072K)
 Metaspace       used 74238K, capacity 76136K, committed 76412K, reserved 1116160K
  class space    used 9431K, capacity 10079K, committed 10188K, reserved 1048576K
}
Event: 69.197 GC heap before
{Heap before GC invocations=90 (full 0):
 garbage-first heap   total 133120K, used 106522K [0x0000000080000000, 0x0000000100000000)
  region size 1024K, 21 young (21504K), 3 survivors (3072K)
 Metaspace       used 74362K, capacity 76337K, committed 76412K, reserved 1116160K
  class space    used 9455K, capacity 10147K, committed 10188K, reserved 1048576K
}
Event: 69.209 GC heap after
{Heap after GC invocations=91 (full 0):
 garbage-first heap   total 133120K, used 89689K [0x0000000080000000, 0x0000000100000000)
  region size 1024K, 3 young (3072K), 3 survivors (3072K)
 Metaspace       used 74362K, capacity 76337K, committed 76412K, reserved 1116160K
  class space    used 9455K, capacity 10147K, committed 10188K, reserved 1048576K
}
Event: 69.731 GC heap before
{Heap before GC invocations=91 (full 0):
 garbage-first heap   total 133120K, used 108121K [0x0000000080000000, 0x0000000100000000)
  region size 1024K, 21 young (21504K), 3 survivors (3072K)
 Metaspace       used 75318K, capacity 77335K, committed 77564K, reserved 1116160K
  class space    used 9547K, capacity 10245K, committed 10316K, reserved 1048576K
}
Event: 69.742 GC heap after
{Heap after GC invocations=92 (full 0):
 garbage-first heap   total 133120K, used 91294K [0x0000000080000000, 0x0000000100000000)
  region size 1024K, 2 young (2048K), 2 survivors (2048K)
 Metaspace       used 75318K, capacity 77335K, committed 77564K, reserved 1116160K
  class space    used 9547K, capacity 10245K, committed 10316K, reserved 1048576K
}
Event: 70.735 GC heap before
{Heap before GC invocations=93 (full 0):
 garbage-first heap   total 133120K, used 109726K [0x0000000080000000, 0x0000000100000000)
  region size 1024K, 20 young (20480K), 2 survivors (2048K)
 Metaspace       used 77559K, capacity 79546K, committed 79740K, reserved 1118208K
  class space    used 9937K, capacity 10639K, committed 10700K, reserved 1048576K
}
Event: 70.744 GC heap after
{Heap after GC invocations=94 (full 0):
 garbage-first heap   total 159744K, used 92357K [0x0000000080000000, 0x0000000100000000)
  region size 1024K, 3 young (3072K), 3 survivors (3072K)
 Metaspace       used 77559K, capacity 79546K, committed 79740K, reserved 1118208K
  class space    used 9937K, capacity 10639K, committed 10700K, reserved 1048576K
}

Deoptimization events (20 events):
Event: 68.060 Thread 0x000002215ce68000 DEOPT PACKING pc=0x000002214c9a1858 sp=0x000000c8a9ef6f30
Event: 68.060 Thread 0x000002215ce68000 DEOPT UNPACKING pc=0x0000022144b962a9 sp=0x000000c8a9ef6eb8 mode 2
Event: 68.249 Thread 0x000002215ce68000 DEOPT PACKING pc=0x0000022145a2df66 sp=0x000000c8a9ef7d20
Event: 68.249 Thread 0x000002215ce68000 DEOPT UNPACKING pc=0x0000022144b966bf sp=0x000000c8a9ef7258 mode 0
Event: 68.299 Thread 0x000002215ce68000 DEOPT PACKING pc=0x0000022145bf6571 sp=0x000000c8a9ef7a30
Event: 68.299 Thread 0x000002215ce68000 DEOPT UNPACKING pc=0x0000022144b966bf sp=0x000000c8a9ef6f28 mode 0
Event: 68.624 Thread 0x000002215cddd800 DEOPT PACKING pc=0x0000022145a31b21 sp=0x000000c8aa9fde90
Event: 68.624 Thread 0x000002215cddd800 DEOPT UNPACKING pc=0x0000022144b966bf sp=0x000000c8aa9fd3c0 mode 0
Event: 68.873 Thread 0x000002215ce68000 Uncommon trap: trap_request=0xffffff4d fr.pc=0x000002214c7ba378 relative=0x0000000000000338
Event: 68.873 Thread 0x000002215ce68000 Uncommon trap: reason=unstable_if action=reinterpret pc=0x000002214c7ba378 method=java.util.StringJoiner.add(Ljava/lang/CharSequence;)Ljava/util/StringJoiner; @ 33 c2
Event: 68.873 Thread 0x000002215ce68000 DEOPT PACKING pc=0x000002214c7ba378 sp=0x000000c8a9ef5990
Event: 68.873 Thread 0x000002215ce68000 DEOPT UNPACKING pc=0x0000022144b962a9 sp=0x000000c8a9ef5940 mode 2
Event: 69.119 Thread 0x000002215ce68000 Uncommon trap: trap_request=0xfffffff4 fr.pc=0x000002214c96e8bc relative=0x000000000000081c
Event: 69.119 Thread 0x000002215ce68000 Uncommon trap: reason=null_check action=make_not_entrant pc=0x000002214c96e8bc method=com.sun.beans.introspect.MethodInfo$MethodOrder.compare(Ljava/lang/reflect/Method;Ljava/lang/reflect/Method;)I @ 133 c2
Event: 69.119 Thread 0x000002215ce68000 DEOPT PACKING pc=0x000002214c96e8bc sp=0x000000c8a9ef3870
Event: 69.119 Thread 0x000002215ce68000 DEOPT UNPACKING pc=0x0000022144b962a9 sp=0x000000c8a9ef3810 mode 2
Event: 69.227 Thread 0x000002215ce68000 Uncommon trap: trap_request=0xffffffde fr.pc=0x000002214c776ca8 relative=0x00000000000009c8
Event: 69.227 Thread 0x000002215ce68000 Uncommon trap: reason=class_check action=maybe_recompile pc=0x000002214c776ca8 method=java.util.WeakHashMap.eq(Ljava/lang/Object;Ljava/lang/Object;)Z @ 7 c2
Event: 69.227 Thread 0x000002215ce68000 DEOPT PACKING pc=0x000002214c776ca8 sp=0x000000c8a9ef39f0
Event: 69.227 Thread 0x000002215ce68000 DEOPT UNPACKING pc=0x0000022144b962a9 sp=0x000000c8a9ef3960 mode 2

Classes redefined (0 events):
No events

Internal exceptions (20 events):
Event: 69.297 Thread 0x000002215ce68000 Exception <a 'java/lang/ClassNotFoundException'{0x0000000087b10c08}: com/android/builder/core/AbstractBuildTypeCustomizer> (0x0000000087b10c08) thrown at [./src/hotspot/share/classfile/systemDictionary.cpp, line 231]
Event: 69.301 Thread 0x000002215ce68000 Exception <a 'java/lang/ClassNotFoundException'{0x0000000087b48de0}: com/android/build/gradle/internal/dsl/BuildTypeCustomizer> (0x0000000087b48de0) thrown at [./src/hotspot/share/classfile/systemDictionary.cpp, line 231]
Event: 69.308 Thread 0x000002215ce68000 Exception <a 'java/lang/ClassNotFoundException'{0x0000000087be0698}: com/android/build/gradle/internal/dsl/BuildType$AgpDecoratedCustomizer> (0x0000000087be0698) thrown at [./src/hotspot/share/classfile/systemDictionary.cpp, line 231]
Event: 69.312 Thread 0x000002215ce68000 Exception <a 'java/lang/ClassNotFoundException'{0x0000000087a30a80}: com/android/build/gradle/internal/dsl/BuildType$AgpDecorated_DecoratedCustomizer> (0x0000000087a30a80) thrown at [./src/hotspot/share/classfile/systemDictionary.cpp, line 231]
Event: 69.323 Thread 0x000002215ce68000 Exception <a 'java/lang/ClassNotFoundException'{0x0000000087afa138}: build_c7kxm3ozm0x705s2ilwb6h5hu$_run_closure1$_closure4BeanInfo> (0x0000000087afa138) thrown at [./src/hotspot/share/classfile/systemDictionary.cpp, line 231]
Event: 69.324 Thread 0x000002215ce68000 Exception <a 'java/lang/ClassNotFoundException'{0x000000008790cb18}: build_c7kxm3ozm0x705s2ilwb6h5hu$_run_closure1$_closure4Customizer> (0x000000008790cb18) thrown at [./src/hotspot/share/classfile/systemDictionary.cpp, line 231]
Event: 69.328 Thread 0x000002215ce68000 Exception <a 'java/lang/ClassNotFoundException'{0x0000000087937f80}: build_c7kxm3ozm0x705s2ilwb6h5hu$_run_closure1BeanInfo> (0x0000000087937f80) thrown at [./src/hotspot/share/classfile/systemDictionary.cpp, line 231]
Event: 69.329 Thread 0x000002215ce68000 Exception <a 'java/lang/ClassNotFoundException'{0x0000000087949860}: build_c7kxm3ozm0x705s2ilwb6h5hu$_run_closure1Customizer> (0x0000000087949860) thrown at [./src/hotspot/share/classfile/systemDictionary.cpp, line 231]
Event: 69.338 Thread 0x000002215ce68000 Exception <a 'java/lang/ClassNotFoundException'{0x00000000879a9f68}: org/gradle/api/JavaVersionBeanInfo> (0x00000000879a9f68) thrown at [./src/hotspot/share/classfile/systemDictionary.cpp, line 231]
Event: 69.341 Thread 0x000002215ce68000 Exception <a 'java/lang/ClassNotFoundException'{0x00000000879d5ba8}: org/gradle/api/JavaVersionCustomizer> (0x00000000879d5ba8) thrown at [./src/hotspot/share/classfile/systemDictionary.cpp, line 231]
Event: 69.350 Thread 0x000002215ce68000 Exception <a 'java/lang/ClassNotFoundException'{0x0000000087840640}: com/android/build/gradle/internal/CompileOptions$AgpDecorated_DecoratedBeanInfo> (0x0000000087840640) thrown at [./src/hotspot/share/classfile/systemDictionary.cpp, line 231]
Event: 69.352 Thread 0x000002215ce68000 Exception <a 'java/lang/ClassNotFoundException'{0x000000008785e120}: com/android/build/gradle/internal/CompileOptions$AgpDecoratedBeanInfo> (0x000000008785e120) thrown at [./src/hotspot/share/classfile/systemDictionary.cpp, line 231]
Event: 69.354 Thread 0x000002215ce68000 Exception <a 'java/lang/ClassNotFoundException'{0x0000000087879b10}: com/android/build/gradle/internal/CompileOptionsBeanInfo> (0x0000000087879b10) thrown at [./src/hotspot/share/classfile/systemDictionary.cpp, line 231]
Event: 69.356 Thread 0x000002215ce68000 Exception <a 'java/lang/ClassNotFoundException'{0x0000000087895700}: com/android/build/gradle/internal/CompileOptionsCustomizer> (0x0000000087895700) thrown at [./src/hotspot/share/classfile/systemDictionary.cpp, line 231]
Event: 69.358 Thread 0x000002215ce68000 Exception <a 'java/lang/ClassNotFoundException'{0x00000000878bf118}: com/android/build/gradle/internal/CompileOptions$AgpDecoratedCustomizer> (0x00000000878bf118) thrown at [./src/hotspot/share/classfile/systemDictionary.cpp, line 231]
Event: 69.361 Thread 0x000002215ce68000 Exception <a 'java/lang/ClassNotFoundException'{0x00000000878ec3b8}: com/android/build/gradle/internal/CompileOptions$AgpDecorated_DecoratedCustomizer> (0x00000000878ec3b8) thrown at [./src/hotspot/share/classfile/systemDictionary.cpp, line 231]
Event: 69.404 Thread 0x000002215ce68000 Exception <a 'java/lang/ClassNotFoundException'{0x0000000087647078}: org/jetbrains/kotlin/gradle/dsl/KotlinJvmOptionsImplBeanInfo> (0x0000000087647078) thrown at [./src/hotspot/share/classfile/systemDictionary.cpp, line 231]
Event: 69.405 Thread 0x000002215ce68000 Exception <a 'java/lang/ClassNotFoundException'{0x0000000087663050}: org/jetbrains/kotlin/gradle/dsl/KotlinJvmOptionsBaseBeanInfo> (0x0000000087663050) thrown at [./src/hotspot/share/classfile/systemDictionary.cpp, line 231]
Event: 69.406 Thread 0x000002215ce68000 Exception <a 'java/lang/ClassNotFoundException'{0x000000008767efd8}: org/jetbrains/kotlin/gradle/dsl/KotlinJvmOptionsBaseCustomizer> (0x000000008767efd8) thrown at [./src/hotspot/share/classfile/systemDictionary.cpp, line 231]
Event: 69.409 Thread 0x000002215ce68000 Exception <a 'java/lang/ClassNotFoundException'{0x00000000876b52a0}: org/jetbrains/kotlin/gradle/dsl/KotlinJvmOptionsImplCustomizer> (0x00000000876b52a0) thrown at [./src/hotspot/share/classfile/systemDictionary.cpp, line 231]

Events (20 events):
Event: 70.900 loading class com/android/build/gradle/internal/tasks/ApplicationTaskManager$createDynamicBundleTask$2
Event: 70.900 loading class com/android/build/gradle/internal/tasks/ApplicationTaskManager$createDynamicBundleTask$2 done
Event: 70.902 loading class org/gradle/api/plugins/internal/DefaultAdhocSoftwareComponent
Event: 70.902 loading class org/gradle/api/plugins/internal/DefaultAdhocSoftwareComponent done
Event: 70.903 loading class org/gradle/api/component/AdhocComponentWithVariants
Event: 70.904 loading class org/gradle/api/component/AdhocComponentWithVariants done
Event: 70.907 loading class com/android/build/gradle/internal/tasks/ApplicationTaskManager$createSoftwareComponent$1
Event: 70.907 loading class com/android/build/gradle/internal/tasks/ApplicationTaskManager$createSoftwareComponent$1 done
Event: 70.908 loading class org/gradle/api/component/AdhocComponentWithVariants
Event: 70.908 loading class org/gradle/api/component/AdhocComponentWithVariants done
Event: 70.909 loading class org/gradle/api/internal/java/usagecontext/ConfigurationVariantMapping
Event: 70.909 loading class org/gradle/api/internal/java/usagecontext/ConfigurationVariantMapping done
Event: 70.913 loading class org/gradle/api/internal/java/usagecontext/ConfigurationVariantDetailsInternal
Event: 70.913 loading class org/gradle/api/internal/java/usagecontext/ConfigurationVariantDetailsInternal done
Event: 70.914 loading class org/gradle/api/component/ConfigurationVariantDetails
Event: 70.914 loading class org/gradle/api/component/ConfigurationVariantDetails done
Event: 70.915 loading class org/gradle/api/component/SoftwareComponentContainer
Event: 70.915 loading class org/gradle/api/component/SoftwareComponentContainer done
Event: 70.927 loading class com/android/build/gradle/internal/tasks/OptimizeResourcesTask$CreateAction
Event: 70.927 loading class com/android/build/gradle/internal/tasks/OptimizeResourcesTask$CreateAction done


Dynamic libraries:
0x00007ff7832f0000 - 0x00007ff7832fa000 	D:\Alondra\programs\Android Studio\jre\bin\java.exe
0x00007ffca02a0000 - 0x00007ffca0461000 	C:\Windows\SYSTEM32\ntdll.dll
0x00007ffc9d8b0000 - 0x00007ffc9d95d000 	C:\Windows\system32\KERNEL32.DLL
0x00007ffc9c9a0000 - 0x00007ffc9cb88000 	C:\Windows\system32\KERNELBASE.dll
0x00007ffc9b0b0000 - 0x00007ffc9b129000 	C:\Windows\system32\apphelp.dll
0x00007ffc9ba50000 - 0x00007ffc9bb44000 	C:\Windows\SYSTEM32\ucrtbase.dll
0x00007ffc79270000 - 0x00007ffc79289000 	D:\Alondra\programs\Android Studio\jre\bin\jli.dll
0x00007ffc78d30000 - 0x00007ffc78d47000 	D:\Alondra\programs\Android Studio\jre\bin\VCRUNTIME140.dll
0x00007ffc9fed0000 - 0x00007ffca0026000 	C:\Windows\system32\USER32.dll
0x00007ffc9d960000 - 0x00007ffc9dae6000 	C:\Windows\system32\GDI32.dll
0x00007ffc880b0000 - 0x00007ffc88324000 	C:\Windows\WinSxS\amd64_microsoft.windows.common-controls_6595b64144ccf1df_6.0.10586.0_none_8c15ae12515e1c22\COMCTL32.dll
0x00007ffc9de50000 - 0x00007ffc9deed000 	C:\Windows\system32\msvcrt.dll
0x00007ffc9def0000 - 0x00007ffc9e16d000 	C:\Windows\system32\combase.dll
0x00007ffc9db90000 - 0x00007ffc9dcac000 	C:\Windows\system32\RPCRT4.dll
0x00007ffc9d400000 - 0x00007ffc9d46a000 	C:\Windows\system32\bcryptPrimitives.dll
0x00007ffc9db50000 - 0x00007ffc9db8b000 	C:\Windows\system32\IMM32.DLL
0x00007ffc78c60000 - 0x00007ffc78cfd000 	D:\Alondra\programs\Android Studio\jre\bin\msvcp140.dll
0x00007ffc5ff50000 - 0x00007ffc60a25000 	D:\Alondra\programs\Android Studio\jre\bin\server\jvm.dll
0x00007ffc9dcb0000 - 0x00007ffc9dd57000 	C:\Windows\system32\ADVAPI32.dll
0x00007ffc9daf0000 - 0x00007ffc9db4b000 	C:\Windows\system32\sechost.dll
0x00007ffc9e170000 - 0x00007ffc9e178000 	C:\Windows\system32\PSAPI.DLL
0x00007ffc8d040000 - 0x00007ffc8d049000 	C:\Windows\SYSTEM32\WSOCK32.dll
0x00007ffc8bd00000 - 0x00007ffc8bd0a000 	C:\Windows\SYSTEM32\VERSION.dll
0x00007ffc9ad10000 - 0x00007ffc9ad33000 	C:\Windows\SYSTEM32\WINMM.dll
0x000002213f0b0000 - 0x000002213f0dc000 	C:\Windows\SYSTEM32\WINMMBASE.dll
0x00007ffc9e7e0000 - 0x00007ffc9e84b000 	C:\Windows\system32\WS2_32.dll
0x00007ffc9c950000 - 0x00007ffc9c993000 	C:\Windows\system32\cfgmgr32.dll
0x00007ffc9c940000 - 0x00007ffc9c94f000 	C:\Windows\system32\kernel.appcore.dll
0x00007ffc7d720000 - 0x00007ffc7d731000 	D:\Alondra\programs\Android Studio\jre\bin\verify.dll
0x00007ffc9a1b0000 - 0x00007ffc9a33c000 	C:\Windows\SYSTEM32\DBGHELP.DLL
0x00007ffc721b0000 - 0x00007ffc721d5000 	C:\Windows\SYSTEM32\dbgcore.DLL
0x00007ffc7ce10000 - 0x00007ffc7ce39000 	D:\Alondra\programs\Android Studio\jre\bin\java.dll
0x00007ffc9b060000 - 0x00007ffc9b06b000 	D:\Alondra\programs\Android Studio\jre\bin\jimage.dll
0x00007ffc7d590000 - 0x00007ffc7d5a8000 	D:\Alondra\programs\Android Studio\jre\bin\zip.dll
0x00007ffc9e960000 - 0x00007ffc9febf000 	C:\Windows\system32\SHELL32.dll
0x00007ffc9cdb0000 - 0x00007ffc9d3f4000 	C:\Windows\system32\windows.storage.dll
0x00007ffca0230000 - 0x00007ffca0282000 	C:\Windows\system32\shlwapi.dll
0x00007ffc9cc20000 - 0x00007ffc9ccd5000 	C:\Windows\system32\shcore.dll
0x00007ffc9c8c0000 - 0x00007ffc9c90b000 	C:\Windows\system32\powrprof.dll
0x00007ffc9c920000 - 0x00007ffc9c934000 	C:\Windows\system32\profapi.dll
0x00007ffc7aac0000 - 0x00007ffc7aada000 	D:\Alondra\programs\Android Studio\jre\bin\net.dll
0x00007ffc911a0000 - 0x00007ffc91268000 	C:\Windows\SYSTEM32\WINHTTP.dll
0x00007ffc9c190000 - 0x00007ffc9c1ec000 	C:\Windows\system32\mswsock.dll
0x00007ffc79510000 - 0x00007ffc79524000 	D:\Alondra\programs\Android Studio\jre\bin\nio.dll
0x00007ffc80ae0000 - 0x00007ffc80b07000 	C:\Users\Alondra\.gradle\native\e1d6ef7f7dcc3fd88c89a11ec53ec762bb8ba0a96d01ffa2cd45eb1d1d8dd5c5\windows-amd64\native-platform.dll
0x00007ffc9a750000 - 0x00007ffc9a75a000 	D:\Alondra\programs\Android Studio\jre\bin\management.dll
0x00007ffc99740000 - 0x00007ffc9974d000 	D:\Alondra\programs\Android Studio\jre\bin\management_ext.dll
0x00007ffc9c240000 - 0x00007ffc9c257000 	C:\Windows\SYSTEM32\CRYPTSP.dll
0x00007ffc9bed0000 - 0x00007ffc9bf04000 	C:\Windows\system32\rsaenh.dll
0x00007ffc9c800000 - 0x00007ffc9c829000 	C:\Windows\SYSTEM32\bcrypt.dll
0x00007ffc9c020000 - 0x00007ffc9c03f000 	C:\Windows\SYSTEM32\USERENV.dll
0x00007ffc9c360000 - 0x00007ffc9c36b000 	C:\Windows\SYSTEM32\CRYPTBASE.dll
0x00007ffc8fe80000 - 0x00007ffc8feb8000 	C:\Windows\SYSTEM32\IPHLPAPI.DLL
0x00007ffc9fec0000 - 0x00007ffc9fec8000 	C:\Windows\system32\NSI.dll
0x00007ffc8f370000 - 0x00007ffc8f386000 	C:\Windows\SYSTEM32\dhcpcsvc6.DLL
0x00007ffc8f350000 - 0x00007ffc8f36a000 	C:\Windows\SYSTEM32\dhcpcsvc.DLL

dbghelp: loaded successfully - version: 4.0.5 - missing functions: none
symbol engine: initialized successfully - sym options: 0x614 - pdb path: .;D:\Alondra\programs\Android Studio\jre\bin;C:\Windows\SYSTEM32;C:\Windows\WinSxS\amd64_microsoft.windows.common-controls_6595b64144ccf1df_6.0.10586.0_none_8c15ae12515e1c22;D:\Alondra\programs\Android Studio\jre\bin\server;C:\Users\Alondra\.gradle\native\e1d6ef7f7dcc3fd88c89a11ec53ec762bb8ba0a96d01ffa2cd45eb1d1d8dd5c5\windows-amd64

VM Arguments:
jvm_args: --add-opens=java.base/java.util=ALL-UNNAMED --add-opens=java.base/java.lang=ALL-UNNAMED --add-opens=java.base/java.lang.invoke=ALL-UNNAMED --add-opens=java.base/java.util=ALL-UNNAMED --add-opens=java.prefs/java.util.prefs=ALL-UNNAMED --add-opens=java.prefs/java.util.prefs=ALL-UNNAMED --add-opens=java.base/java.nio.charset=ALL-UNNAMED --add-opens=java.base/java.net=ALL-UNNAMED --add-opens=java.base/java.util.concurrent.atomic=ALL-UNNAMED -Xmx2048m -Dfile.encoding=UTF-8 -Duser.country=419 -Duser.language=es -Duser.variant 
java_command: org.gradle.launcher.daemon.bootstrap.GradleDaemon 7.2
java_class_path (initial): C:\Users\Alondra\.gradle\wrapper\dists\gradle-7.2-bin\2dnblmf4td7x66yl1d74lt32g\gradle-7.2\lib\gradle-launcher-7.2.jar
Launcher Type: SUN_STANDARD

[Global flags]
     intx CICompilerCount                          = 3                                         {product} {ergonomic}
     uint ConcGCThreads                            = 1                                         {product} {ergonomic}
     uint G1ConcRefinementThreads                  = 4                                         {product} {ergonomic}
   size_t G1HeapRegionSize                         = 1048576                                   {product} {ergonomic}
    uintx GCDrainStackTargetSize                   = 64                                        {product} {ergonomic}
   size_t InitialHeapSize                          = 65011712                                  {product} {ergonomic}
   size_t MarkStackSize                            = 4194304                                   {product} {ergonomic}
   size_t MaxHeapSize                              = 2147483648                                {product} {command line}
   size_t MaxNewSize                               = 1287651328                                {product} {ergonomic}
   size_t MinHeapDeltaBytes                        = 1048576                                   {product} {ergonomic}
    uintx NonNMethodCodeHeapSize                   = 5830732                                {pd product} {ergonomic}
    uintx NonProfiledCodeHeapSize                  = 122913754                              {pd product} {ergonomic}
    uintx ProfiledCodeHeapSize                     = 122913754                              {pd product} {ergonomic}
    uintx ReservedCodeCacheSize                    = 251658240                              {pd product} {ergonomic}
     bool SegmentedCodeCache                       = true                                      {product} {ergonomic}
     bool UseCompressedClassPointers               = true                                 {lp64_product} {ergonomic}
     bool UseCompressedOops                        = true                                 {lp64_product} {ergonomic}
     bool UseG1GC                                  = true                                      {product} {ergonomic}
     bool UseLargePagesIndividualAllocation        = false                                  {pd product} {ergonomic}

Logging:
Log output configuration:
 #0: stdout all=warning uptime,level,tags
 #1: stderr all=off uptime,level,tags

Environment Variables:
JAVA_HOME=D:\Alondra\programs\java\jdk1.8.0_281
PATH=D:\Alondra\programs\python39\Scripts\;D:\Alondra\programs\python39\;C:\Python39\Scripts\;C:\Python39\;C:\Program Files (x86)\Common Files\Oracle\Java\javapath;C:\Windows\system32;C:\Windows;C:\Windows\System32\Wbem;C:\Windows\System32\WindowsPowerShell\v1.0\;C:\Users\Alondra\AppData\Local\Programs\Python\Python39;C:\Users\Alondra\AppData\Local\Programs\Python\Python39\Scripts;C:\Program Files\dotnet\;D:\Alondra\programs\Brackets\command;D:\Alondra\programs\java\jdk1.8.0_281\bin;D:\Alondra\programs\nodejs\;C:\ProgramData\chocolatey\bin;D:\Alondra\programs\Git\cmd;D:\Alondra\programs\PuTTY\;C:\Users\Alondra\AppData\Roaming\Python\Python39\Scripts;C:\Users\Alondra\AppData\Roaming\Python\Python39;D:\Alondra\programs\PostgreSQL\13\bin;D:\Alondra\7° SEMESTRE\4.Lenguajes y Automatas ll\javacc-javacc-7.0.10\scripts;D:\Alondra\7° SEMESTRE\4.Lenguajes y Automatas ll\javacc-javacc-7.0.10\bin;D:\Alondra\programs\XAMPP\php;D:\Alondra\programs\ComposerSetup;D:\Alondra\programs\Pyhon\Scripts\;D:\Alondra\programs\Pyhon\;D:\Alondra\programs\Microsoft VS Code\bin;D:\Alondra\descargas D\curl_7_53_1_openssl_nghttp2_x64;C:\Users\Alondra\.dotnet\tools;C:\Users\Alondra\AppData\Roaming\npm;D:\Alondra\programs\Nmap;C:\Users\Alondra\AppData\Roaming\Composer\vendor\bin
USERNAME=Alondra
OS=Windows_NT
PROCESSOR_IDENTIFIER=Intel64 Family 6 Model 92 Stepping 9, GenuineIntel



---------------  S Y S T E M  ---------------

OS: Windows 10 , 64 bit Build 10586 (10.0.10586.0)
OS uptime: 0 days 21:12 hours

CPU:total 4 (initial active 4) (4 cores per cpu, 1 threads per core) family 6 model 92 stepping 9 microcode 0x2a, cmov, cx8, fxsr, mmx, sse, sse2, sse3, ssse3, sse4.1, sse4.2, popcnt, aes, clmul, erms, 3dnowpref, tsc, tscinvbit, sha

Memory: 4k page, system-wide physical 3928M (245M free)
TotalPageFile size 5438M (AvailPageFile size 5M)
current process WorkingSet (physical memory assigned to process): 309M, peak: 309M
current process commit charge ("private bytes"): 396M, peak: 397M

vm_info: OpenJDK 64-Bit Server VM (11.0.11+9-b60-7590822) for windows-amd64 JRE (11.0.11+9-b60-7590822), built on Jul 29 2021 21:43:44 by "builder" with MS VC++ 14.0 (VS2015)

END.
