#
# There is insufficient memory for the Java Runtime Environment to continue.
# Native memory allocation (malloc) failed to allocate 2161616 bytes for Chunk::new
# Possible reasons:
#   The system is out of physical RAM or swap space
#   The process is running with CompressedOops enabled, and the Java Heap may be blocking the growth of the native heap
# Possible solutions:
#   Reduce memory load on the system
#   Increase physical memory or swap space
#   Check if swap backing store is full
#   Decrease Java heap size (-Xmx/-Xms)
#   Decrease number of Java threads
#   Decrease Java thread stack sizes (-Xss)
#   Set larger code cache with -XX:ReservedCodeCacheSize=
#   JVM is running with Unscaled Compressed Oops mode in which the Java heap is
#     placed in the first 4GB address space. The Java Heap base address is the
#     maximum limit for the native heap growth. Please use -XX:HeapBaseMinAddress
#     to set the Java Heap base and to place the Java Heap above 4GB virtual address.
# This output file may be truncated or incomplete.
#
#  Out of Memory Error (./src/hotspot/share/memory/arena.cpp:197), pid=2528, tid=5364
#
# JRE version: OpenJDK Runtime Environment (11.0.11+9) (build 11.0.11+9-b60-7590822)
# Java VM: OpenJDK 64-Bit Server VM (11.0.11+9-b60-7590822, mixed mode, tiered, compressed oops, g1 gc, windows-amd64)
# No core dump will be written. Minidumps are not enabled by default on client versions of Windows
#

---------------  S U M M A R Y ------------

Command Line: --add-opens=java.base/java.util=ALL-UNNAMED --add-opens=java.base/java.lang=ALL-UNNAMED --add-opens=java.base/java.lang.invoke=ALL-UNNAMED --add-opens=java.base/java.util=ALL-UNNAMED --add-opens=java.prefs/java.util.prefs=ALL-UNNAMED --add-opens=java.prefs/java.util.prefs=ALL-UNNAMED --add-opens=java.base/java.nio.charset=ALL-UNNAMED --add-opens=java.base/java.net=ALL-UNNAMED --add-opens=java.base/java.util.concurrent.atomic=ALL-UNNAMED -Xmx2048m -Dfile.encoding=UTF-8 -Duser.country=419 -Duser.language=es -Duser.variant org.gradle.launcher.daemon.bootstrap.GradleDaemon 7.2

Host: Intel(R) Pentium(R) CPU N4200 @ 1.10GHz, 4 cores, 3G,  Windows 10 , 64 bit Build 10586 (10.0.10586.0)
Time: Tue Mar 29 20:17:26 2022 Hora estándar central (México) elapsed time: 94.862915 seconds (0d 0h 1m 34s)

---------------  T H R E A D  ---------------

Current thread (0x0000024379bdf800):  JavaThread "C2 CompilerThread0" daemon [_thread_in_native, id=5364, stack(0x0000005a00e00000,0x0000005a00f00000)]


Current CompileTask:
C2:  94863 15033 %     4       com.android.tools.r8.ir.regalloc.b::a @ 1542 (1824 bytes)

Stack: [0x0000005a00e00000,0x0000005a00f00000]
Native frames: (J=compiled Java code, j=interpreted, Vv=VM code, C=native code)
V  [jvm.dll+0x5f214a]
V  [jvm.dll+0x726fb5]
V  [jvm.dll+0x7285cd]
V  [jvm.dll+0x728c83]
V  [jvm.dll+0x243278]
V  [jvm.dll+0xbc53c]
V  [jvm.dll+0xbca3c]
V  [jvm.dll+0x353e3b]
V  [jvm.dll+0x19875c]
V  [jvm.dll+0x1fc2ee]
V  [jvm.dll+0x1fb3d4]
V  [jvm.dll+0x183d6c]
V  [jvm.dll+0x209a57]
V  [jvm.dll+0x2082a1]
V  [jvm.dll+0x6ef58f]
V  [jvm.dll+0x6e80b5]
V  [jvm.dll+0x5f1036]
C  [ucrtbase.dll+0x6be1d]
C  [KERNEL32.DLL+0x18102]
C  [ntdll.dll+0x5c264]


---------------  P R O C E S S  ---------------

Threads class SMR info:
_java_thread_list=0x000002430061b150, length=85, elements={
0x000002435ffce000, 0x0000024379b7f800, 0x0000024379b81000, 0x0000024379bda800,
0x0000024379bdd800, 0x0000024379bde800, 0x0000024379bdf800, 0x0000024379bed800,
0x0000024379bf6800, 0x000002437a65d800, 0x000002437b552000, 0x000002437d0f2000,
0x000002437c966800, 0x000002437cecb000, 0x000002437c6fa000, 0x000002437be6a000,
0x000002437db9c000, 0x000002437d597800, 0x000002437de8d000, 0x000002437de8e000,
0x000002437de8c800, 0x000002437de92000, 0x000002437de93000, 0x000002437de8f800,
0x000002437de90800, 0x000002437de91000, 0x000002437bc74000, 0x000002437bc75800,
0x000002437bc77800, 0x000002437bc78000, 0x000002437bc7b800, 0x000002437bc72800,
0x000002437bc7d000, 0x000002437bc79800, 0x000002437bc7a800, 0x000002437bc7e000,
0x000002437bc79000, 0x000002437bc7c000, 0x000002437bc7e800, 0x000002437bc7f800,
0x000002437bc80000, 0x000002437de8f000, 0x000002437ac49000, 0x000002437ac4a000,
0x000002437ac44000, 0x000002437ac46800, 0x000002437ac45000, 0x000002437ac4a800,
0x000002437ac47800, 0x000002437ac4b800, 0x000002437ac48800, 0x000002437ac46000,
0x000002437ac4d000, 0x000002437ac4c800, 0x000002437ac4e000, 0x000002437ac52000,
0x000002437ac4f000, 0x000002437ac51800, 0x000002437ac4f800, 0x000002437ac50800,
0x000002437ac53000, 0x000002437e3d5000, 0x000002437e3d6000, 0x000002437e3d7800,
0x000002437e3d6800, 0x000002437e3d9000, 0x000002437e3d8800, 0x000002437e3d3800,
0x000002437e3da000, 0x000002437e3d4800, 0x000002437e3df800, 0x000002437e3db000,
0x000002437e3de000, 0x000002437e3dd000, 0x000002437e3e0800, 0x000002437e3db800,
0x000002437e3e2000, 0x000002437e3dc800, 0x000002437b799000, 0x000002437b793000,
0x000002437b796800, 0x000002437b799800, 0x000002437b798000, 0x000002437b794000,
0x000002437b794800
}

Java Threads: ( => current thread )
  0x000002435ffce000 JavaThread "main" [_thread_blocked, id=8528, stack(0x0000005a00200000,0x0000005a00300000)]
  0x0000024379b7f800 JavaThread "Reference Handler" daemon [_thread_blocked, id=8228, stack(0x0000005a00900000,0x0000005a00a00000)]
  0x0000024379b81000 JavaThread "Finalizer" daemon [_thread_blocked, id=5344, stack(0x0000005a00a00000,0x0000005a00b00000)]
  0x0000024379bda800 JavaThread "Signal Dispatcher" daemon [_thread_blocked, id=5044, stack(0x0000005a00b00000,0x0000005a00c00000)]
  0x0000024379bdd800 JavaThread "Attach Listener" daemon [_thread_blocked, id=7004, stack(0x0000005a00c00000,0x0000005a00d00000)]
  0x0000024379bde800 JavaThread "Service Thread" daemon [_thread_blocked, id=1424, stack(0x0000005a00d00000,0x0000005a00e00000)]
=>0x0000024379bdf800 JavaThread "C2 CompilerThread0" daemon [_thread_in_native, id=5364, stack(0x0000005a00e00000,0x0000005a00f00000)]
  0x0000024379bed800 JavaThread "C1 CompilerThread0" daemon [_thread_blocked, id=3700, stack(0x0000005a00f00000,0x0000005a01000000)]
  0x0000024379bf6800 JavaThread "Sweeper thread" daemon [_thread_blocked, id=444, stack(0x0000005a01000000,0x0000005a01100000)]
  0x000002437a65d800 JavaThread "Common-Cleaner" daemon [_thread_blocked, id=8572, stack(0x0000005a01100000,0x0000005a01200000)]
  0x000002437b552000 JavaThread "Daemon health stats" [_thread_blocked, id=8736, stack(0x0000005a01600000,0x0000005a01700000)]
  0x000002437d0f2000 JavaThread "Incoming local TCP Connector on port 1797" [_thread_in_native, id=7296, stack(0x0000005a01700000,0x0000005a01800000)]
  0x000002437c966800 JavaThread "Daemon periodic checks" [_thread_blocked, id=8804, stack(0x0000005a01800000,0x0000005a01900000)]
  0x000002437cecb000 JavaThread "Daemon" [_thread_blocked, id=5796, stack(0x0000005a01900000,0x0000005a01a00000)]
  0x000002437c6fa000 JavaThread "Handler for socket connection from /127.0.0.1:1797 to /127.0.0.1:1798" [_thread_in_native, id=8760, stack(0x0000005a01a00000,0x0000005a01b00000)]
  0x000002437be6a000 JavaThread "Cancel handler" [_thread_blocked, id=6532, stack(0x0000005a01b00000,0x0000005a01c00000)]
  0x000002437db9c000 JavaThread "Daemon worker" [_thread_blocked, id=6004, stack(0x0000005a01c00000,0x0000005a01d00000)]
  0x000002437d597800 JavaThread "Asynchronous log dispatcher for DefaultDaemonConnection: socket connection from /127.0.0.1:1797 to /127.0.0.1:1798" [_thread_blocked, id=8560, stack(0x0000005a01d00000,0x0000005a01e00000)]
  0x000002437de8d000 JavaThread "Daemon client event forwarder" [_thread_blocked, id=2176, stack(0x0000005a01f00000,0x0000005a02000000)]
  0x000002437de8e000 JavaThread "Cache worker for journal cache (D:\Alondra\AndroidStudioProjects\caches\journal-1)" [_thread_blocked, id=4472, stack(0x0000005a02200000,0x0000005a02300000)]
  0x000002437de8c800 JavaThread "File lock request listener" [_thread_in_native, id=4836, stack(0x0000005a02300000,0x0000005a02400000)]
  0x000002437de92000 JavaThread "Cache worker for file hash cache (D:\Alondra\AndroidStudioProjects\caches\7.2\fileHashes)" [_thread_blocked, id=5916, stack(0x0000005a02400000,0x0000005a02500000)]
  0x000002437de93000 JavaThread "Cache worker for file hash cache (D:\Alondra\RecyclerView\.gradle\7.2\fileHashes)" [_thread_blocked, id=3948, stack(0x0000005a02600000,0x0000005a02700000)]
  0x000002437de8f800 JavaThread "Cache worker for checksums cache (D:\Alondra\RecyclerView\.gradle\checksums)" [_thread_blocked, id=8088, stack(0x0000005a02800000,0x0000005a02900000)]
  0x000002437de90800 JavaThread "Cache worker for cache directory md-supplier (D:\Alondra\AndroidStudioProjects\caches\7.2\md-supplier)" [_thread_blocked, id=7448, stack(0x0000005a02900000,0x0000005a02a00000)]
  0x000002437de91000 JavaThread "Cache worker for cache directory md-rule (D:\Alondra\AndroidStudioProjects\caches\7.2\md-rule)" [_thread_blocked, id=6528, stack(0x0000005a02b00000,0x0000005a02c00000)]
  0x000002437bc74000 JavaThread "Cache worker for execution history cache (D:\Alondra\AndroidStudioProjects\caches\7.2\executionHistory)" [_thread_blocked, id=4024, stack(0x0000005a02c00000,0x0000005a02d00000)]
  0x000002437bc75800 JavaThread "jar transforms" [_thread_blocked, id=8708, stack(0x0000005a02e00000,0x0000005a02f00000)]
  0x000002437bc77800 JavaThread "Cache worker for file content cache (D:\Alondra\AndroidStudioProjects\caches\7.2\fileContent)" [_thread_blocked, id=1292, stack(0x0000005a02f00000,0x0000005a03000000)]
  0x000002437bc78000 JavaThread "jar transforms Thread 2" [_thread_blocked, id=1956, stack(0x0000005a03000000,0x0000005a03100000)]
  0x000002437bc7b800 JavaThread "Cache worker for dependencies-accessors (D:\Alondra\RecyclerView\.gradle\7.2\dependencies-accessors)" [_thread_blocked, id=8520, stack(0x0000005a03100000,0x0000005a03200000)]
  0x000002437bc72800 JavaThread "jar transforms Thread 3" [_thread_blocked, id=8312, stack(0x0000005a03200000,0x0000005a03300000)]
  0x000002437bc7d000 JavaThread "Cache worker for Build Output Cleanup Cache (D:\Alondra\RecyclerView\.gradle\buildOutputCleanup)" [_thread_blocked, id=1764, stack(0x0000005a03400000,0x0000005a03500000)]
  0x000002437bc79800 JavaThread "Unconstrained build operations" [_thread_blocked, id=5768, stack(0x0000005a03500000,0x0000005a03600000)]
  0x000002437bc7a800 JavaThread "Unconstrained build operations Thread 2" [_thread_in_Java, id=1648, stack(0x0000005a03600000,0x0000005a03700000)]
  0x000002437bc7e000 JavaThread "Unconstrained build operations Thread 3" [_thread_blocked, id=4980, stack(0x0000005a03700000,0x0000005a03800000)]
  0x000002437bc79000 JavaThread "Unconstrained build operations Thread 4" [_thread_blocked, id=3392, stack(0x0000005a03800000,0x0000005a03900000)]
  0x000002437bc7c000 JavaThread "Unconstrained build operations Thread 5" [_thread_blocked, id=6456, stack(0x0000005a03900000,0x0000005a03a00000)]
  0x000002437bc7e800 JavaThread "Unconstrained build operations Thread 6" [_thread_blocked, id=6600, stack(0x0000005a03a00000,0x0000005a03b00000)]
  0x000002437bc7f800 JavaThread "Unconstrained build operations Thread 7" [_thread_blocked, id=7328, stack(0x0000005a03b00000,0x0000005a03c00000)]
  0x000002437bc80000 JavaThread "Unconstrained build operations Thread 8" [_thread_blocked, id=4872, stack(0x0000005a03c00000,0x0000005a03d00000)]
  0x000002437de8f000 JavaThread "Unconstrained build operations Thread 9" [_thread_blocked, id=5092, stack(0x0000005a03d00000,0x0000005a03e00000)]
  0x000002437ac49000 JavaThread "Unconstrained build operations Thread 10" [_thread_blocked, id=1296, stack(0x0000005a03e00000,0x0000005a03f00000)]
  0x000002437ac4a000 JavaThread "Unconstrained build operations Thread 11" [_thread_blocked, id=3592, stack(0x0000005a03f00000,0x0000005a04000000)]
  0x000002437ac44000 JavaThread "Unconstrained build operations Thread 12" [_thread_blocked, id=4644, stack(0x0000005a04000000,0x0000005a04100000)]
  0x000002437ac46800 JavaThread "Unconstrained build operations Thread 13" [_thread_blocked, id=5520, stack(0x0000005a04100000,0x0000005a04200000)]
  0x000002437ac45000 JavaThread "Unconstrained build operations Thread 14" [_thread_blocked, id=8412, stack(0x0000005a04200000,0x0000005a04300000)]
  0x000002437ac4a800 JavaThread "Unconstrained build operations Thread 15" [_thread_blocked, id=4480, stack(0x0000005a04300000,0x0000005a04400000)]
  0x000002437ac47800 JavaThread "Unconstrained build operations Thread 16" [_thread_blocked, id=5628, stack(0x0000005a04400000,0x0000005a04500000)]
  0x000002437ac4b800 JavaThread "Unconstrained build operations Thread 17" [_thread_blocked, id=3736, stack(0x0000005a04500000,0x0000005a04600000)]
  0x000002437ac48800 JavaThread "Unconstrained build operations Thread 18" [_thread_blocked, id=3372, stack(0x0000005a04600000,0x0000005a04700000)]
  0x000002437ac46000 JavaThread "Unconstrained build operations Thread 19" [_thread_blocked, id=3248, stack(0x0000005a04700000,0x0000005a04800000)]
  0x000002437ac4d000 JavaThread "Unconstrained build operations Thread 20" [_thread_blocked, id=184, stack(0x0000005a04800000,0x0000005a04900000)]
  0x000002437ac4c800 JavaThread "Unconstrained build operations Thread 21" [_thread_in_native, id=2816, stack(0x0000005a04900000,0x0000005a04a00000)]
  0x000002437ac4e000 JavaThread "Unconstrained build operations Thread 22" [_thread_blocked, id=1056, stack(0x0000005a04a00000,0x0000005a04b00000)]
  0x000002437ac52000 JavaThread "Unconstrained build operations Thread 23" [_thread_blocked, id=6476, stack(0x0000005a04b00000,0x0000005a04c00000)]
  0x000002437ac4f000 JavaThread "Unconstrained build operations Thread 24" [_thread_blocked, id=5568, stack(0x0000005a04c00000,0x0000005a04d00000)]
  0x000002437ac51800 JavaThread "Unconstrained build operations Thread 25" [_thread_blocked, id=3928, stack(0x0000005a04d00000,0x0000005a04e00000)]
  0x000002437ac4f800 JavaThread "Unconstrained build operations Thread 26" [_thread_blocked, id=3752, stack(0x0000005a04e00000,0x0000005a04f00000)]
  0x000002437ac50800 JavaThread "Unconstrained build operations Thread 27" [_thread_blocked, id=5276, stack(0x0000005a04f00000,0x0000005a05000000)]
  0x000002437ac53000 JavaThread "Unconstrained build operations Thread 28" [_thread_blocked, id=4216, stack(0x0000005a05000000,0x0000005a05100000)]
  0x000002437e3d5000 JavaThread "Unconstrained build operations Thread 29" [_thread_blocked, id=1560, stack(0x0000005a05100000,0x0000005a05200000)]
  0x000002437e3d6000 JavaThread "Unconstrained build operations Thread 30" [_thread_blocked, id=5404, stack(0x0000005a05200000,0x0000005a05300000)]
  0x000002437e3d7800 JavaThread "Unconstrained build operations Thread 31" [_thread_blocked, id=5300, stack(0x0000005a05300000,0x0000005a05400000)]
  0x000002437e3d6800 JavaThread "Unconstrained build operations Thread 32" [_thread_blocked, id=5544, stack(0x0000005a05400000,0x0000005a05500000)]
  0x000002437e3d9000 JavaThread "Unconstrained build operations Thread 33" [_thread_blocked, id=7264, stack(0x0000005a05500000,0x0000005a05600000)]
  0x000002437e3d8800 JavaThread "Unconstrained build operations Thread 34" [_thread_blocked, id=1392, stack(0x0000005a05600000,0x0000005a05700000)]
  0x000002437e3d3800 JavaThread "Unconstrained build operations Thread 35" [_thread_blocked, id=6828, stack(0x0000005a05700000,0x0000005a05800000)]
  0x000002437e3da000 JavaThread "Unconstrained build operations Thread 36" [_thread_blocked, id=3320, stack(0x0000005a05800000,0x0000005a05900000)]
  0x000002437e3d4800 JavaThread "Unconstrained build operations Thread 37" [_thread_blocked, id=2252, stack(0x0000005a05900000,0x0000005a05a00000)]
  0x000002437e3df800 JavaThread "Unconstrained build operations Thread 38" [_thread_blocked, id=7068, stack(0x0000005a05a00000,0x0000005a05b00000)]
  0x000002437e3db000 JavaThread "Unconstrained build operations Thread 39" [_thread_blocked, id=5248, stack(0x0000005a05b00000,0x0000005a05c00000)]
  0x000002437e3de000 JavaThread "Unconstrained build operations Thread 40" [_thread_blocked, id=5784, stack(0x0000005a05c00000,0x0000005a05d00000)]
  0x000002437e3dd000 JavaThread "jar transforms Thread 4" [_thread_blocked, id=3516, stack(0x0000005a05d00000,0x0000005a05e00000)]
  0x000002437e3e0800 JavaThread "Memory manager" [_thread_blocked, id=5328, stack(0x0000005a06400000,0x0000005a06500000)]
  0x000002437e3db800 JavaThread "build event listener" [_thread_blocked, id=4912, stack(0x0000005a06a00000,0x0000005a06b00000)]
  0x000002437e3e2000 JavaThread "Execution worker for ':'" [_thread_blocked, id=4140, stack(0x0000005a06b00000,0x0000005a06c00000)]
  0x000002437e3dc800 JavaThread "Execution worker for ':' Thread 2" [_thread_blocked, id=4664, stack(0x0000005a06c00000,0x0000005a06d00000)]
  0x000002437b799000 JavaThread "Execution worker for ':' Thread 3" [_thread_blocked, id=5228, stack(0x0000005a06d00000,0x0000005a06e00000)]
  0x000002437b793000 JavaThread "Cache worker for execution history cache (D:\Alondra\RecyclerView\.gradle\7.2\executionHistory)" [_thread_blocked, id=7200, stack(0x0000005a06e00000,0x0000005a06f00000)]
  0x000002437b796800 JavaThread "WorkerExecutor Queue" [_thread_blocked, id=8892, stack(0x0000005a06f00000,0x0000005a07000000)]
  0x000002437b799800 JavaThread "pool-3-thread-1" [_thread_blocked, id=2076, stack(0x0000005a07000000,0x0000005a07100000)]
  0x000002437b798000 JavaThread "stderr" [_thread_in_native, id=5208, stack(0x0000005a07100000,0x0000005a07200000)]
  0x000002437b794000 JavaThread "stdout" [_thread_in_native, id=6612, stack(0x0000005a07200000,0x0000005a07300000)]
  0x000002437b794800 JavaThread "C2 CompilerThread1" daemon [_thread_in_native, id=5748, stack(0x0000005a07300000,0x0000005a07400000)]

Other Threads:
  0x0000024379b7d000 VMThread "VM Thread" [stack: 0x0000005a00800000,0x0000005a00900000] [id=5556]
  0x000002437a68a000 WatcherThread [stack: 0x0000005a01200000,0x0000005a01300000] [id=4396]
  0x000002435ffe5000 GCTaskThread "GC Thread#0" [stack: 0x0000005a00300000,0x0000005a00400000] [id=7572]
  0x000002437ac2a000 GCTaskThread "GC Thread#1" [stack: 0x0000005a01400000,0x0000005a01500000] [id=5268]
  0x000002437d715000 GCTaskThread "GC Thread#2" [stack: 0x0000005a02000000,0x0000005a02100000] [id=6480]
  0x000002437c0c2000 GCTaskThread "GC Thread#3" [stack: 0x0000005a02100000,0x0000005a02200000] [id=2732]
  0x0000024360017000 ConcurrentGCThread "G1 Main Marker" [stack: 0x0000005a00400000,0x0000005a00500000] [id=6860]
  0x0000024360018800 ConcurrentGCThread "G1 Conc#0" [stack: 0x0000005a00500000,0x0000005a00600000] [id=7860]
  0x0000024360074800 ConcurrentGCThread "G1 Refine#0" [stack: 0x0000005a00600000,0x0000005a00700000] [id=5076]
  0x0000024360075800 ConcurrentGCThread "G1 Young RemSet Sampling" [stack: 0x0000005a00700000,0x0000005a00800000] [id=8724]

Threads with active compile tasks:
C2 CompilerThread0  94980 15033 %     4       com.android.tools.r8.ir.regalloc.b::a @ 1542 (1824 bytes)
C2 CompilerThread1  94980 14981 %     4       com.android.tools.r8.ir.regalloc.b::c @ 2135 (3939 bytes)

VM state:not at safepoint (normal execution)

VM Mutex/Monitor currently owned by a thread: None

Heap address: 0x0000000080000000, size: 2048 MB, Compressed Oops mode: 32-bit
Narrow klass base: 0x0000000000000000, Narrow klass shift: 3
Compressed class space size: 1073741824 Address: 0x0000000100000000

Heap:
 garbage-first heap   total 247808K, used 197517K [0x0000000080000000, 0x0000000100000000)
  region size 1024K, 69 young (70656K), 4 survivors (4096K)
 Metaspace       used 103757K, capacity 106323K, committed 106524K, reserved 1140736K
  class space    used 13414K, capacity 14438K, committed 14464K, reserved 1048576K
Heap Regions: E=young(eden), S=young(survivor), O=old, HS=humongous(starts), HC=humongous(continues), CS=collection set, F=free, A=archive, TAMS=top-at-mark-start (previous, next)
|   0|0x0000000080000000, 0x0000000080100000, 0x0000000080100000|100%| O|  |TAMS 0x0000000080100000, 0x0000000080000000| Untracked 
|   1|0x0000000080100000, 0x0000000080200000, 0x0000000080200000|100%| O|  |TAMS 0x0000000080200000, 0x0000000080100000| Untracked 
|   2|0x0000000080200000, 0x0000000080300000, 0x0000000080300000|100%| O|  |TAMS 0x0000000080300000, 0x0000000080200000| Untracked 
|   3|0x0000000080300000, 0x0000000080400000, 0x0000000080400000|100%|HS|  |TAMS 0x0000000080400000, 0x0000000080300000| Complete 
|   4|0x0000000080400000, 0x0000000080500000, 0x0000000080500000|100%|HC|  |TAMS 0x0000000080500000, 0x0000000080400000| Complete 
|   5|0x0000000080500000, 0x0000000080600000, 0x0000000080600000|100%|HC|  |TAMS 0x0000000080600000, 0x0000000080500000| Complete 
|   6|0x0000000080600000, 0x0000000080700000, 0x0000000080700000|100%| O|  |TAMS 0x0000000080700000, 0x0000000080600000| Untracked 
|   7|0x0000000080700000, 0x0000000080800000, 0x0000000080800000|100%| O|  |TAMS 0x0000000080800000, 0x0000000080700000| Untracked 
|   8|0x0000000080800000, 0x0000000080900000, 0x0000000080900000|100%| O|  |TAMS 0x0000000080900000, 0x0000000080800000| Untracked 
|   9|0x0000000080900000, 0x0000000080a00000, 0x0000000080a00000|100%| O|  |TAMS 0x0000000080a00000, 0x0000000080900000| Untracked 
|  10|0x0000000080a00000, 0x0000000080b00000, 0x0000000080b00000|100%| O|  |TAMS 0x0000000080b00000, 0x0000000080a00000| Untracked 
|  11|0x0000000080b00000, 0x0000000080c00000, 0x0000000080c00000|100%| O|  |TAMS 0x0000000080c00000, 0x0000000080b00000| Untracked 
|  12|0x0000000080c00000, 0x0000000080d00000, 0x0000000080d00000|100%| O|  |TAMS 0x0000000080d00000, 0x0000000080c00000| Untracked 
|  13|0x0000000080d00000, 0x0000000080e00000, 0x0000000080e00000|100%| O|  |TAMS 0x0000000080e00000, 0x0000000080d00000| Untracked 
|  14|0x0000000080e00000, 0x0000000080f00000, 0x0000000080f00000|100%| O|  |TAMS 0x0000000080f00000, 0x0000000080e00000| Untracked 
|  15|0x0000000080f00000, 0x0000000081000000, 0x0000000081000000|100%| O|  |TAMS 0x0000000081000000, 0x0000000080f00000| Untracked 
|  16|0x0000000081000000, 0x0000000081100000, 0x0000000081100000|100%| O|  |TAMS 0x0000000081100000, 0x0000000081000000| Untracked 
|  17|0x0000000081100000, 0x0000000081200000, 0x0000000081200000|100%| O|  |TAMS 0x0000000081200000, 0x0000000081100000| Untracked 
|  18|0x0000000081200000, 0x0000000081300000, 0x0000000081300000|100%| O|  |TAMS 0x0000000081300000, 0x0000000081200000| Untracked 
|  19|0x0000000081300000, 0x0000000081400000, 0x0000000081400000|100%| O|  |TAMS 0x0000000081400000, 0x0000000081300000| Untracked 
|  20|0x0000000081400000, 0x0000000081500000, 0x0000000081500000|100%| O|  |TAMS 0x0000000081500000, 0x0000000081400000| Untracked 
|  21|0x0000000081500000, 0x0000000081600000, 0x0000000081600000|100%| O|  |TAMS 0x0000000081600000, 0x0000000081500000| Untracked 
|  22|0x0000000081600000, 0x0000000081700000, 0x0000000081700000|100%| O|  |TAMS 0x0000000081700000, 0x0000000081600000| Untracked 
|  23|0x0000000081700000, 0x0000000081800000, 0x0000000081800000|100%| O|  |TAMS 0x0000000081800000, 0x0000000081700000| Untracked 
|  24|0x0000000081800000, 0x0000000081900000, 0x0000000081900000|100%| O|  |TAMS 0x0000000081900000, 0x0000000081800000| Untracked 
|  25|0x0000000081900000, 0x0000000081a00000, 0x0000000081a00000|100%| O|  |TAMS 0x0000000081a00000, 0x0000000081900000| Untracked 
|  26|0x0000000081a00000, 0x0000000081b00000, 0x0000000081b00000|100%| O|  |TAMS 0x0000000081b00000, 0x0000000081a00000| Untracked 
|  27|0x0000000081b00000, 0x0000000081c00000, 0x0000000081c00000|100%| O|  |TAMS 0x0000000081c00000, 0x0000000081b00000| Untracked 
|  28|0x0000000081c00000, 0x0000000081d00000, 0x0000000081d00000|100%|HS|  |TAMS 0x0000000081d00000, 0x0000000081c00000| Complete 
|  29|0x0000000081d00000, 0x0000000081e00000, 0x0000000081e00000|100%|HS|  |TAMS 0x0000000081e00000, 0x0000000081d00000| Complete 
|  30|0x0000000081e00000, 0x0000000081f00000, 0x0000000081f00000|100%|HS|  |TAMS 0x0000000081f00000, 0x0000000081e00000| Complete 
|  31|0x0000000081f00000, 0x0000000082000000, 0x0000000082000000|100%|HS|  |TAMS 0x0000000082000000, 0x0000000081f00000| Complete 
|  32|0x0000000082000000, 0x0000000082100000, 0x0000000082100000|100%| O|  |TAMS 0x0000000082100000, 0x0000000082000000| Untracked 
|  33|0x0000000082100000, 0x0000000082200000, 0x0000000082200000|100%| O|  |TAMS 0x0000000082200000, 0x0000000082100000| Untracked 
|  34|0x0000000082200000, 0x0000000082300000, 0x0000000082300000|100%|HS|  |TAMS 0x0000000082300000, 0x0000000082200000| Complete 
|  35|0x0000000082300000, 0x0000000082400000, 0x0000000082400000|100%|HC|  |TAMS 0x0000000082400000, 0x0000000082300000| Complete 
|  36|0x0000000082400000, 0x0000000082500000, 0x0000000082500000|100%|HC|  |TAMS 0x0000000082500000, 0x0000000082400000| Complete 
|  37|0x0000000082500000, 0x0000000082600000, 0x0000000082600000|100%|HS|  |TAMS 0x0000000082600000, 0x0000000082500000| Complete 
|  38|0x0000000082600000, 0x0000000082700000, 0x0000000082700000|100%|HC|  |TAMS 0x0000000082700000, 0x0000000082600000| Complete 
|  39|0x0000000082700000, 0x0000000082800000, 0x0000000082800000|100%| O|  |TAMS 0x0000000082800000, 0x0000000082700000| Untracked 
|  40|0x0000000082800000, 0x0000000082900000, 0x0000000082900000|100%| O|  |TAMS 0x0000000082900000, 0x0000000082800000| Untracked 
|  41|0x0000000082900000, 0x0000000082a00000, 0x0000000082a00000|100%| O|  |TAMS 0x0000000082a00000, 0x0000000082900000| Untracked 
|  42|0x0000000082a00000, 0x0000000082b00000, 0x0000000082b00000|100%| O|  |TAMS 0x0000000082b00000, 0x0000000082a00000| Untracked 
|  43|0x0000000082b00000, 0x0000000082c00000, 0x0000000082c00000|100%| O|  |TAMS 0x0000000082c00000, 0x0000000082b00000| Untracked 
|  44|0x0000000082c00000, 0x0000000082d00000, 0x0000000082d00000|100%| O|  |TAMS 0x0000000082d00000, 0x0000000082c00000| Untracked 
|  45|0x0000000082d00000, 0x0000000082e00000, 0x0000000082e00000|100%| O|  |TAMS 0x0000000082e00000, 0x0000000082d00000| Untracked 
|  46|0x0000000082e00000, 0x0000000082f00000, 0x0000000082f00000|100%| O|  |TAMS 0x0000000082f00000, 0x0000000082e00000| Untracked 
|  47|0x0000000082f00000, 0x0000000083000000, 0x0000000083000000|100%| O|  |TAMS 0x0000000083000000, 0x0000000082f00000| Untracked 
|  48|0x0000000083000000, 0x0000000083100000, 0x0000000083100000|100%| O|  |TAMS 0x0000000083100000, 0x0000000083000000| Untracked 
|  49|0x0000000083100000, 0x0000000083200000, 0x0000000083200000|100%| O|  |TAMS 0x0000000083200000, 0x0000000083100000| Untracked 
|  50|0x0000000083200000, 0x0000000083300000, 0x0000000083300000|100%| O|  |TAMS 0x0000000083300000, 0x0000000083200000| Untracked 
|  51|0x0000000083300000, 0x0000000083400000, 0x0000000083400000|100%| O|  |TAMS 0x0000000083400000, 0x0000000083300000| Untracked 
|  52|0x0000000083400000, 0x0000000083500000, 0x0000000083500000|100%| O|  |TAMS 0x0000000083500000, 0x0000000083400000| Untracked 
|  53|0x0000000083500000, 0x0000000083600000, 0x0000000083600000|100%| O|  |TAMS 0x0000000083600000, 0x0000000083500000| Untracked 
|  54|0x0000000083600000, 0x0000000083700000, 0x0000000083700000|100%| O|  |TAMS 0x0000000083700000, 0x0000000083600000| Untracked 
|  55|0x0000000083700000, 0x0000000083800000, 0x0000000083800000|100%| O|  |TAMS 0x0000000083800000, 0x0000000083700000| Untracked 
|  56|0x0000000083800000, 0x0000000083900000, 0x0000000083900000|100%| O|  |TAMS 0x0000000083900000, 0x0000000083800000| Untracked 
|  57|0x0000000083900000, 0x0000000083a00000, 0x0000000083a00000|100%| O|  |TAMS 0x0000000083a00000, 0x0000000083900000| Untracked 
|  58|0x0000000083a00000, 0x0000000083b00000, 0x0000000083b00000|100%| O|  |TAMS 0x0000000083b00000, 0x0000000083a00000| Untracked 
|  59|0x0000000083b00000, 0x0000000083c00000, 0x0000000083c00000|100%| O|  |TAMS 0x0000000083c00000, 0x0000000083b00000| Untracked 
|  60|0x0000000083c00000, 0x0000000083d00000, 0x0000000083d00000|100%| O|  |TAMS 0x0000000083d00000, 0x0000000083c00000| Untracked 
|  61|0x0000000083d00000, 0x0000000083e00000, 0x0000000083e00000|100%| O|  |TAMS 0x0000000083e00000, 0x0000000083d00000| Untracked 
|  62|0x0000000083e00000, 0x0000000083f00000, 0x0000000083f00000|100%| O|  |TAMS 0x0000000083f00000, 0x0000000083e00000| Untracked 
|  63|0x0000000083f00000, 0x0000000084000000, 0x0000000084000000|100%| O|  |TAMS 0x0000000084000000, 0x0000000083f00000| Untracked 
|  64|0x0000000084000000, 0x0000000084100000, 0x0000000084100000|100%| O|  |TAMS 0x0000000084100000, 0x0000000084000000| Untracked 
|  65|0x0000000084100000, 0x0000000084200000, 0x0000000084200000|100%| O|  |TAMS 0x0000000084200000, 0x0000000084100000| Untracked 
|  66|0x0000000084200000, 0x0000000084300000, 0x0000000084300000|100%| O|  |TAMS 0x0000000084300000, 0x0000000084200000| Untracked 
|  67|0x0000000084300000, 0x0000000084400000, 0x0000000084400000|100%| O|  |TAMS 0x0000000084400000, 0x0000000084300000| Untracked 
|  68|0x0000000084400000, 0x0000000084500000, 0x0000000084500000|100%| O|  |TAMS 0x0000000084500000, 0x0000000084400000| Untracked 
|  69|0x0000000084500000, 0x0000000084600000, 0x0000000084600000|100%| O|  |TAMS 0x0000000084600000, 0x0000000084500000| Untracked 
|  70|0x0000000084600000, 0x0000000084700000, 0x0000000084700000|100%| O|  |TAMS 0x0000000084700000, 0x0000000084600000| Untracked 
|  71|0x0000000084700000, 0x0000000084800000, 0x0000000084800000|100%| O|  |TAMS 0x0000000084800000, 0x0000000084700000| Untracked 
|  72|0x0000000084800000, 0x0000000084900000, 0x0000000084900000|100%| O|  |TAMS 0x0000000084900000, 0x0000000084800000| Untracked 
|  73|0x0000000084900000, 0x0000000084a00000, 0x0000000084a00000|100%| O|  |TAMS 0x0000000084a00000, 0x0000000084900000| Untracked 
|  74|0x0000000084a00000, 0x0000000084b00000, 0x0000000084b00000|100%| O|  |TAMS 0x0000000084b00000, 0x0000000084a00000| Untracked 
|  75|0x0000000084b00000, 0x0000000084c00000, 0x0000000084c00000|100%| O|  |TAMS 0x0000000084c00000, 0x0000000084b00000| Untracked 
|  76|0x0000000084c00000, 0x0000000084d00000, 0x0000000084d00000|100%| O|  |TAMS 0x0000000084d00000, 0x0000000084c00000| Untracked 
|  77|0x0000000084d00000, 0x0000000084e00000, 0x0000000084e00000|100%| O|  |TAMS 0x0000000084e00000, 0x0000000084d00000| Untracked 
|  78|0x0000000084e00000, 0x0000000084f00000, 0x0000000084f00000|100%| O|  |TAMS 0x0000000084f00000, 0x0000000084e00000| Untracked 
|  79|0x0000000084f00000, 0x0000000085000000, 0x0000000085000000|100%| O|  |TAMS 0x0000000085000000, 0x0000000084f00000| Untracked 
|  80|0x0000000085000000, 0x0000000085100000, 0x0000000085100000|100%| O|  |TAMS 0x0000000085100000, 0x0000000085000000| Untracked 
|  81|0x0000000085100000, 0x0000000085200000, 0x0000000085200000|100%| O|  |TAMS 0x0000000085200000, 0x0000000085100000| Untracked 
|  82|0x0000000085200000, 0x0000000085300000, 0x0000000085300000|100%| O|  |TAMS 0x0000000085300000, 0x0000000085200000| Untracked 
|  83|0x0000000085300000, 0x0000000085400000, 0x0000000085400000|100%|HS|  |TAMS 0x0000000085400000, 0x0000000085300000| Complete 
|  84|0x0000000085400000, 0x0000000085500000, 0x0000000085500000|100%| O|  |TAMS 0x0000000085500000, 0x0000000085400000| Untracked 
|  85|0x0000000085500000, 0x0000000085600000, 0x0000000085600000|100%| O|  |TAMS 0x0000000085600000, 0x0000000085500000| Untracked 
|  86|0x0000000085600000, 0x0000000085700000, 0x0000000085700000|100%| O|  |TAMS 0x0000000085700000, 0x0000000085600000| Untracked 
|  87|0x0000000085700000, 0x0000000085800000, 0x0000000085800000|100%| O|  |TAMS 0x0000000085800000, 0x0000000085700000| Untracked 
|  88|0x0000000085800000, 0x0000000085900000, 0x0000000085900000|100%| O|  |TAMS 0x0000000085900000, 0x0000000085800000| Untracked 
|  89|0x0000000085900000, 0x0000000085a00000, 0x0000000085a00000|100%| O|  |TAMS 0x0000000085a00000, 0x0000000085900000| Untracked 
|  90|0x0000000085a00000, 0x0000000085b00000, 0x0000000085b00000|100%| O|  |TAMS 0x0000000085b00000, 0x0000000085a00000| Untracked 
|  91|0x0000000085b00000, 0x0000000085c00000, 0x0000000085c00000|100%| O|  |TAMS 0x0000000085c00000, 0x0000000085b00000| Untracked 
|  92|0x0000000085c00000, 0x0000000085d00000, 0x0000000085d00000|100%| O|  |TAMS 0x0000000085d00000, 0x0000000085c00000| Untracked 
|  93|0x0000000085d00000, 0x0000000085e00000, 0x0000000085e00000|100%| O|  |TAMS 0x0000000085e00000, 0x0000000085d00000| Untracked 
|  94|0x0000000085e00000, 0x0000000085f00000, 0x0000000085f00000|100%| O|  |TAMS 0x0000000085f00000, 0x0000000085e00000| Untracked 
|  95|0x0000000085f00000, 0x0000000086000000, 0x0000000086000000|100%| O|  |TAMS 0x0000000086000000, 0x0000000085f00000| Untracked 
|  96|0x0000000086000000, 0x0000000086100000, 0x0000000086100000|100%| O|  |TAMS 0x0000000086100000, 0x0000000086000000| Untracked 
|  97|0x0000000086100000, 0x0000000086200000, 0x0000000086200000|100%| O|  |TAMS 0x0000000086200000, 0x0000000086100000| Untracked 
|  98|0x0000000086200000, 0x0000000086300000, 0x0000000086300000|100%| O|  |TAMS 0x0000000086300000, 0x0000000086200000| Untracked 
|  99|0x0000000086300000, 0x0000000086400000, 0x0000000086400000|100%| O|  |TAMS 0x0000000086400000, 0x0000000086300000| Untracked 
| 100|0x0000000086400000, 0x0000000086500000, 0x0000000086500000|100%| O|  |TAMS 0x0000000086500000, 0x0000000086400000| Untracked 
| 101|0x0000000086500000, 0x0000000086600000, 0x0000000086600000|100%| O|  |TAMS 0x0000000086600000, 0x0000000086500000| Untracked 
| 102|0x0000000086600000, 0x0000000086700000, 0x0000000086700000|100%| O|  |TAMS 0x0000000086700000, 0x0000000086600000| Untracked 
| 103|0x0000000086700000, 0x0000000086800000, 0x0000000086800000|100%| O|  |TAMS 0x0000000086800000, 0x0000000086700000| Untracked 
| 104|0x0000000086800000, 0x0000000086900000, 0x0000000086900000|100%| O|  |TAMS 0x0000000086900000, 0x0000000086800000| Untracked 
| 105|0x0000000086900000, 0x0000000086a00000, 0x0000000086a00000|100%| O|  |TAMS 0x0000000086a00000, 0x0000000086900000| Untracked 
| 106|0x0000000086a00000, 0x0000000086b00000, 0x0000000086b00000|100%| O|  |TAMS 0x0000000086b00000, 0x0000000086a00000| Untracked 
| 107|0x0000000086b00000, 0x0000000086c00000, 0x0000000086c00000|100%| O|  |TAMS 0x0000000086c00000, 0x0000000086b00000| Untracked 
| 108|0x0000000086c00000, 0x0000000086d00000, 0x0000000086d00000|100%| O|  |TAMS 0x0000000086d00000, 0x0000000086c00000| Untracked 
| 109|0x0000000086d00000, 0x0000000086e00000, 0x0000000086e00000|100%| O|  |TAMS 0x0000000086e00000, 0x0000000086d00000| Untracked 
| 110|0x0000000086e00000, 0x0000000086f00000, 0x0000000086f00000|100%| O|  |TAMS 0x0000000086f00000, 0x0000000086e00000| Untracked 
| 111|0x0000000086f00000, 0x0000000087000000, 0x0000000087000000|100%| O|  |TAMS 0x0000000087000000, 0x0000000086f00000| Untracked 
| 112|0x0000000087000000, 0x0000000087100000, 0x0000000087100000|100%| O|  |TAMS 0x0000000087100000, 0x0000000087000000| Untracked 
| 113|0x0000000087100000, 0x0000000087200000, 0x0000000087200000|100%| O|  |TAMS 0x0000000087200000, 0x0000000087100000| Untracked 
| 114|0x0000000087200000, 0x0000000087300000, 0x0000000087300000|100%| O|  |TAMS 0x0000000087300000, 0x0000000087200000| Untracked 
| 115|0x0000000087300000, 0x0000000087400000, 0x0000000087400000|100%| O|  |TAMS 0x0000000087400000, 0x0000000087300000| Untracked 
| 116|0x0000000087400000, 0x0000000087500000, 0x0000000087500000|100%| O|  |TAMS 0x0000000087500000, 0x0000000087400000| Untracked 
| 117|0x0000000087500000, 0x0000000087600000, 0x0000000087600000|100%| O|  |TAMS 0x0000000087600000, 0x0000000087500000| Untracked 
| 118|0x0000000087600000, 0x0000000087700000, 0x0000000087700000|100%| O|  |TAMS 0x0000000087700000, 0x0000000087600000| Untracked 
| 119|0x0000000087700000, 0x0000000087800000, 0x0000000087800000|100%| O|  |TAMS 0x0000000087800000, 0x0000000087700000| Untracked 
| 120|0x0000000087800000, 0x0000000087900000, 0x0000000087900000|100%| O|  |TAMS 0x0000000087900000, 0x0000000087800000| Untracked 
| 121|0x0000000087900000, 0x0000000087a00000, 0x0000000087a00000|100%| O|  |TAMS 0x0000000087a00000, 0x0000000087900000| Untracked 
| 122|0x0000000087a00000, 0x0000000087b00000, 0x0000000087b00000|100%| O|  |TAMS 0x0000000087b00000, 0x0000000087a00000| Untracked 
| 123|0x0000000087b00000, 0x0000000087c00000, 0x0000000087c00000|100%| O|  |TAMS 0x0000000087c00000, 0x0000000087b00000| Untracked 
| 124|0x0000000087c00000, 0x0000000087d00000, 0x0000000087d00000|100%| O|  |TAMS 0x0000000087d00000, 0x0000000087c00000| Untracked 
| 125|0x0000000087d00000, 0x0000000087db5c00, 0x0000000087e00000| 70%| O|  |TAMS 0x0000000087db5c00, 0x0000000087d00000| Untracked 
| 126|0x0000000087e00000, 0x0000000087e00000, 0x0000000087f00000|  0%| F|  |TAMS 0x0000000087e00000, 0x0000000087e00000| Untracked 
| 127|0x0000000087f00000, 0x0000000087f00000, 0x0000000088000000|  0%| F|  |TAMS 0x0000000087f00000, 0x0000000087f00000| Untracked 
| 128|0x0000000088000000, 0x0000000088000000, 0x0000000088100000|  0%| F|  |TAMS 0x0000000088000000, 0x0000000088000000| Untracked 
| 129|0x0000000088100000, 0x0000000088100000, 0x0000000088200000|  0%| F|  |TAMS 0x0000000088100000, 0x0000000088100000| Untracked 
| 130|0x0000000088200000, 0x0000000088200000, 0x0000000088300000|  0%| F|  |TAMS 0x0000000088200000, 0x0000000088200000| Untracked 
| 131|0x0000000088300000, 0x0000000088300000, 0x0000000088400000|  0%| F|  |TAMS 0x0000000088300000, 0x0000000088300000| Untracked 
| 132|0x0000000088400000, 0x0000000088400000, 0x0000000088500000|  0%| F|  |TAMS 0x0000000088400000, 0x0000000088400000| Untracked 
| 133|0x0000000088500000, 0x0000000088500000, 0x0000000088600000|  0%| F|  |TAMS 0x0000000088500000, 0x0000000088500000| Untracked 
| 134|0x0000000088600000, 0x0000000088600000, 0x0000000088700000|  0%| F|  |TAMS 0x0000000088600000, 0x0000000088600000| Untracked 
| 135|0x0000000088700000, 0x0000000088700000, 0x0000000088800000|  0%| F|  |TAMS 0x0000000088700000, 0x0000000088700000| Untracked 
| 136|0x0000000088800000, 0x0000000088800000, 0x0000000088900000|  0%| F|  |TAMS 0x0000000088800000, 0x0000000088800000| Untracked 
| 137|0x0000000088900000, 0x0000000088900000, 0x0000000088a00000|  0%| F|  |TAMS 0x0000000088900000, 0x0000000088900000| Untracked 
| 138|0x0000000088a00000, 0x0000000088a00000, 0x0000000088b00000|  0%| F|  |TAMS 0x0000000088a00000, 0x0000000088a00000| Untracked 
| 139|0x0000000088b00000, 0x0000000088b00000, 0x0000000088c00000|  0%| F|  |TAMS 0x0000000088b00000, 0x0000000088b00000| Untracked 
| 140|0x0000000088c00000, 0x0000000088c00000, 0x0000000088d00000|  0%| F|  |TAMS 0x0000000088c00000, 0x0000000088c00000| Untracked 
| 141|0x0000000088d00000, 0x0000000088d00000, 0x0000000088e00000|  0%| F|  |TAMS 0x0000000088d00000, 0x0000000088d00000| Untracked 
| 142|0x0000000088e00000, 0x0000000088e00000, 0x0000000088f00000|  0%| F|  |TAMS 0x0000000088e00000, 0x0000000088e00000| Untracked 
| 143|0x0000000088f00000, 0x0000000088f00000, 0x0000000089000000|  0%| F|  |TAMS 0x0000000088f00000, 0x0000000088f00000| Untracked 
| 144|0x0000000089000000, 0x0000000089000000, 0x0000000089100000|  0%| F|  |TAMS 0x0000000089000000, 0x0000000089000000| Untracked 
| 145|0x0000000089100000, 0x0000000089100000, 0x0000000089200000|  0%| F|  |TAMS 0x0000000089100000, 0x0000000089100000| Untracked 
| 146|0x0000000089200000, 0x0000000089200000, 0x0000000089300000|  0%| F|  |TAMS 0x0000000089200000, 0x0000000089200000| Untracked 
| 147|0x0000000089300000, 0x0000000089300000, 0x0000000089400000|  0%| F|  |TAMS 0x0000000089300000, 0x0000000089300000| Untracked 
| 148|0x0000000089400000, 0x0000000089400000, 0x0000000089500000|  0%| F|  |TAMS 0x0000000089400000, 0x0000000089400000| Untracked 
| 149|0x0000000089500000, 0x0000000089500000, 0x0000000089600000|  0%| F|  |TAMS 0x0000000089500000, 0x0000000089500000| Untracked 
| 150|0x0000000089600000, 0x0000000089600000, 0x0000000089700000|  0%| F|  |TAMS 0x0000000089600000, 0x0000000089600000| Untracked 
| 151|0x0000000089700000, 0x0000000089700000, 0x0000000089800000|  0%| F|  |TAMS 0x0000000089700000, 0x0000000089700000| Untracked 
| 152|0x0000000089800000, 0x0000000089800000, 0x0000000089900000|  0%| F|  |TAMS 0x0000000089800000, 0x0000000089800000| Untracked 
| 153|0x0000000089900000, 0x0000000089900000, 0x0000000089a00000|  0%| F|  |TAMS 0x0000000089900000, 0x0000000089900000| Untracked 
| 154|0x0000000089a00000, 0x0000000089a00000, 0x0000000089b00000|  0%| F|  |TAMS 0x0000000089a00000, 0x0000000089a00000| Untracked 
| 155|0x0000000089b00000, 0x0000000089b00000, 0x0000000089c00000|  0%| F|  |TAMS 0x0000000089b00000, 0x0000000089b00000| Untracked 
| 156|0x0000000089c00000, 0x0000000089c00000, 0x0000000089d00000|  0%| F|  |TAMS 0x0000000089c00000, 0x0000000089c00000| Untracked 
| 157|0x0000000089d00000, 0x0000000089d00000, 0x0000000089e00000|  0%| F|  |TAMS 0x0000000089d00000, 0x0000000089d00000| Untracked 
| 158|0x0000000089e00000, 0x0000000089e00000, 0x0000000089f00000|  0%| F|  |TAMS 0x0000000089e00000, 0x0000000089e00000| Untracked 
| 159|0x0000000089f00000, 0x0000000089f2dab0, 0x000000008a000000| 17%| S|CS|TAMS 0x0000000089f00000, 0x0000000089f00000| Complete 
| 160|0x000000008a000000, 0x000000008a000000, 0x000000008a100000|  0%| F|  |TAMS 0x000000008a000000, 0x000000008a000000| Untracked 
| 161|0x000000008a100000, 0x000000008a100000, 0x000000008a200000|  0%| F|  |TAMS 0x000000008a100000, 0x000000008a100000| Untracked 
| 162|0x000000008a200000, 0x000000008a200000, 0x000000008a300000|  0%| F|  |TAMS 0x000000008a200000, 0x000000008a200000| Untracked 
| 163|0x000000008a300000, 0x000000008a400000, 0x000000008a400000|100%| S|CS|TAMS 0x000000008a300000, 0x000000008a300000| Complete 
| 164|0x000000008a400000, 0x000000008a400000, 0x000000008a500000|  0%| F|  |TAMS 0x000000008a400000, 0x000000008a400000| Untracked 
| 165|0x000000008a500000, 0x000000008a500000, 0x000000008a600000|  0%| F|  |TAMS 0x000000008a500000, 0x000000008a500000| Untracked 
| 166|0x000000008a600000, 0x000000008a700000, 0x000000008a700000|100%| S|CS|TAMS 0x000000008a600000, 0x000000008a600000| Complete 
| 167|0x000000008a700000, 0x000000008a800000, 0x000000008a800000|100%| S|CS|TAMS 0x000000008a700000, 0x000000008a700000| Complete 
| 168|0x000000008a800000, 0x000000008a800000, 0x000000008a900000|  0%| F|  |TAMS 0x000000008a800000, 0x000000008a800000| Untracked 
| 169|0x000000008a900000, 0x000000008a900000, 0x000000008aa00000|  0%| F|  |TAMS 0x000000008a900000, 0x000000008a900000| Untracked 
| 170|0x000000008aa00000, 0x000000008aa00000, 0x000000008ab00000|  0%| F|  |TAMS 0x000000008aa00000, 0x000000008aa00000| Untracked 
| 171|0x000000008ab00000, 0x000000008ab00000, 0x000000008ac00000|  0%| F|  |TAMS 0x000000008ab00000, 0x000000008ab00000| Untracked 
| 172|0x000000008ac00000, 0x000000008ac00000, 0x000000008ad00000|  0%| F|  |TAMS 0x000000008ac00000, 0x000000008ac00000| Untracked 
| 173|0x000000008ad00000, 0x000000008ad00000, 0x000000008ae00000|  0%| F|  |TAMS 0x000000008ad00000, 0x000000008ad00000| Untracked 
| 174|0x000000008ae00000, 0x000000008ae00000, 0x000000008af00000|  0%| F|  |TAMS 0x000000008ae00000, 0x000000008ae00000| Untracked 
| 175|0x000000008af00000, 0x000000008af00000, 0x000000008b000000|  0%| F|  |TAMS 0x000000008af00000, 0x000000008af00000| Untracked 
| 176|0x000000008b000000, 0x000000008b080800, 0x000000008b100000| 50%| E|  |TAMS 0x000000008b000000, 0x000000008b000000| Complete 
| 177|0x000000008b100000, 0x000000008b200000, 0x000000008b200000|100%| E|CS|TAMS 0x000000008b100000, 0x000000008b100000| Complete 
| 178|0x000000008b200000, 0x000000008b300000, 0x000000008b300000|100%| E|CS|TAMS 0x000000008b200000, 0x000000008b200000| Complete 
| 179|0x000000008b300000, 0x000000008b400000, 0x000000008b400000|100%| E|CS|TAMS 0x000000008b300000, 0x000000008b300000| Complete 
| 180|0x000000008b400000, 0x000000008b500000, 0x000000008b500000|100%| E|CS|TAMS 0x000000008b400000, 0x000000008b400000| Complete 
| 181|0x000000008b500000, 0x000000008b600000, 0x000000008b600000|100%| E|CS|TAMS 0x000000008b500000, 0x000000008b500000| Complete 
| 182|0x000000008b600000, 0x000000008b700000, 0x000000008b700000|100%| E|CS|TAMS 0x000000008b600000, 0x000000008b600000| Complete 
| 183|0x000000008b700000, 0x000000008b800000, 0x000000008b800000|100%| E|CS|TAMS 0x000000008b700000, 0x000000008b700000| Complete 
| 184|0x000000008b800000, 0x000000008b900000, 0x000000008b900000|100%| E|CS|TAMS 0x000000008b800000, 0x000000008b800000| Complete 
| 185|0x000000008b900000, 0x000000008ba00000, 0x000000008ba00000|100%| E|CS|TAMS 0x000000008b900000, 0x000000008b900000| Complete 
| 186|0x000000008ba00000, 0x000000008bb00000, 0x000000008bb00000|100%| E|CS|TAMS 0x000000008ba00000, 0x000000008ba00000| Complete 
| 187|0x000000008bb00000, 0x000000008bc00000, 0x000000008bc00000|100%| E|CS|TAMS 0x000000008bb00000, 0x000000008bb00000| Complete 
| 188|0x000000008bc00000, 0x000000008bd00000, 0x000000008bd00000|100%| E|CS|TAMS 0x000000008bc00000, 0x000000008bc00000| Complete 
| 189|0x000000008bd00000, 0x000000008be00000, 0x000000008be00000|100%| E|CS|TAMS 0x000000008bd00000, 0x000000008bd00000| Complete 
| 190|0x000000008be00000, 0x000000008bf00000, 0x000000008bf00000|100%| E|CS|TAMS 0x000000008be00000, 0x000000008be00000| Complete 
| 191|0x000000008bf00000, 0x000000008c000000, 0x000000008c000000|100%| E|CS|TAMS 0x000000008bf00000, 0x000000008bf00000| Complete 
| 192|0x000000008c000000, 0x000000008c100000, 0x000000008c100000|100%| E|CS|TAMS 0x000000008c000000, 0x000000008c000000| Complete 
| 193|0x000000008c100000, 0x000000008c200000, 0x000000008c200000|100%| E|CS|TAMS 0x000000008c100000, 0x000000008c100000| Complete 
| 194|0x000000008c200000, 0x000000008c300000, 0x000000008c300000|100%| E|CS|TAMS 0x000000008c200000, 0x000000008c200000| Complete 
| 195|0x000000008c300000, 0x000000008c400000, 0x000000008c400000|100%| E|CS|TAMS 0x000000008c300000, 0x000000008c300000| Complete 
| 196|0x000000008c400000, 0x000000008c500000, 0x000000008c500000|100%| E|CS|TAMS 0x000000008c400000, 0x000000008c400000| Complete 
| 197|0x000000008c500000, 0x000000008c600000, 0x000000008c600000|100%| E|CS|TAMS 0x000000008c500000, 0x000000008c500000| Complete 
| 198|0x000000008c600000, 0x000000008c700000, 0x000000008c700000|100%| E|CS|TAMS 0x000000008c600000, 0x000000008c600000| Complete 
| 199|0x000000008c700000, 0x000000008c800000, 0x000000008c800000|100%| E|CS|TAMS 0x000000008c700000, 0x000000008c700000| Complete 
| 200|0x000000008c800000, 0x000000008c900000, 0x000000008c900000|100%| E|CS|TAMS 0x000000008c800000, 0x000000008c800000| Complete 
| 201|0x000000008c900000, 0x000000008ca00000, 0x000000008ca00000|100%| E|CS|TAMS 0x000000008c900000, 0x000000008c900000| Complete 
| 202|0x000000008ca00000, 0x000000008cb00000, 0x000000008cb00000|100%| E|CS|TAMS 0x000000008ca00000, 0x000000008ca00000| Complete 
| 203|0x000000008cb00000, 0x000000008cc00000, 0x000000008cc00000|100%| E|CS|TAMS 0x000000008cb00000, 0x000000008cb00000| Complete 
| 204|0x000000008cc00000, 0x000000008cd00000, 0x000000008cd00000|100%| E|CS|TAMS 0x000000008cc00000, 0x000000008cc00000| Complete 
| 205|0x000000008cd00000, 0x000000008ce00000, 0x000000008ce00000|100%| E|CS|TAMS 0x000000008cd00000, 0x000000008cd00000| Complete 
| 206|0x000000008ce00000, 0x000000008cf00000, 0x000000008cf00000|100%| E|CS|TAMS 0x000000008ce00000, 0x000000008ce00000| Complete 
| 207|0x000000008cf00000, 0x000000008d000000, 0x000000008d000000|100%| E|CS|TAMS 0x000000008cf00000, 0x000000008cf00000| Complete 
| 208|0x000000008d000000, 0x000000008d100000, 0x000000008d100000|100%| E|CS|TAMS 0x000000008d000000, 0x000000008d000000| Complete 
| 209|0x000000008d100000, 0x000000008d200000, 0x000000008d200000|100%| E|CS|TAMS 0x000000008d100000, 0x000000008d100000| Complete 
| 210|0x000000008d200000, 0x000000008d300000, 0x000000008d300000|100%| E|CS|TAMS 0x000000008d200000, 0x000000008d200000| Complete 
| 211|0x000000008d300000, 0x000000008d400000, 0x000000008d400000|100%| E|CS|TAMS 0x000000008d300000, 0x000000008d300000| Complete 
| 212|0x000000008d400000, 0x000000008d500000, 0x000000008d500000|100%| E|CS|TAMS 0x000000008d400000, 0x000000008d400000| Complete 
| 213|0x000000008d500000, 0x000000008d600000, 0x000000008d600000|100%| E|CS|TAMS 0x000000008d500000, 0x000000008d500000| Complete 
| 214|0x000000008d600000, 0x000000008d700000, 0x000000008d700000|100%| E|CS|TAMS 0x000000008d600000, 0x000000008d600000| Complete 
| 215|0x000000008d700000, 0x000000008d800000, 0x000000008d800000|100%| E|CS|TAMS 0x000000008d700000, 0x000000008d700000| Complete 
| 216|0x000000008d800000, 0x000000008d900000, 0x000000008d900000|100%| E|CS|TAMS 0x000000008d800000, 0x000000008d800000| Complete 
| 217|0x000000008d900000, 0x000000008da00000, 0x000000008da00000|100%| E|CS|TAMS 0x000000008d900000, 0x000000008d900000| Complete 
| 218|0x000000008da00000, 0x000000008db00000, 0x000000008db00000|100%| E|CS|TAMS 0x000000008da00000, 0x000000008da00000| Complete 
| 219|0x000000008db00000, 0x000000008dc00000, 0x000000008dc00000|100%| E|CS|TAMS 0x000000008db00000, 0x000000008db00000| Complete 
| 220|0x000000008dc00000, 0x000000008dd00000, 0x000000008dd00000|100%| E|CS|TAMS 0x000000008dc00000, 0x000000008dc00000| Complete 
| 221|0x000000008dd00000, 0x000000008de00000, 0x000000008de00000|100%| E|CS|TAMS 0x000000008dd00000, 0x000000008dd00000| Complete 
| 222|0x000000008de00000, 0x000000008df00000, 0x000000008df00000|100%| E|CS|TAMS 0x000000008de00000, 0x000000008de00000| Complete 
| 223|0x000000008df00000, 0x000000008e000000, 0x000000008e000000|100%| E|CS|TAMS 0x000000008df00000, 0x000000008df00000| Complete 
| 224|0x000000008e000000, 0x000000008e100000, 0x000000008e100000|100%| E|CS|TAMS 0x000000008e000000, 0x000000008e000000| Complete 
| 225|0x000000008e100000, 0x000000008e200000, 0x000000008e200000|100%| E|CS|TAMS 0x000000008e100000, 0x000000008e100000| Complete 
| 226|0x000000008e200000, 0x000000008e300000, 0x000000008e300000|100%| E|CS|TAMS 0x000000008e200000, 0x000000008e200000| Complete 
| 227|0x000000008e300000, 0x000000008e400000, 0x000000008e400000|100%| E|CS|TAMS 0x000000008e300000, 0x000000008e300000| Complete 
| 228|0x000000008e400000, 0x000000008e500000, 0x000000008e500000|100%| E|CS|TAMS 0x000000008e400000, 0x000000008e400000| Complete 
| 229|0x000000008e500000, 0x000000008e600000, 0x000000008e600000|100%| E|CS|TAMS 0x000000008e500000, 0x000000008e500000| Complete 
| 230|0x000000008e600000, 0x000000008e700000, 0x000000008e700000|100%| E|CS|TAMS 0x000000008e600000, 0x000000008e600000| Complete 
| 231|0x000000008e700000, 0x000000008e800000, 0x000000008e800000|100%| E|CS|TAMS 0x000000008e700000, 0x000000008e700000| Complete 
| 232|0x000000008e800000, 0x000000008e900000, 0x000000008e900000|100%| E|CS|TAMS 0x000000008e800000, 0x000000008e800000| Complete 
| 233|0x000000008e900000, 0x000000008ea00000, 0x000000008ea00000|100%| E|CS|TAMS 0x000000008e900000, 0x000000008e900000| Complete 
| 234|0x000000008ea00000, 0x000000008eb00000, 0x000000008eb00000|100%| E|CS|TAMS 0x000000008ea00000, 0x000000008ea00000| Complete 
| 235|0x000000008eb00000, 0x000000008ec00000, 0x000000008ec00000|100%| E|CS|TAMS 0x000000008eb00000, 0x000000008eb00000| Complete 
| 236|0x000000008ec00000, 0x000000008ed00000, 0x000000008ed00000|100%| E|CS|TAMS 0x000000008ec00000, 0x000000008ec00000| Complete 
| 237|0x000000008ed00000, 0x000000008ee00000, 0x000000008ee00000|100%| E|CS|TAMS 0x000000008ed00000, 0x000000008ed00000| Complete 
| 238|0x000000008ee00000, 0x000000008ef00000, 0x000000008ef00000|100%| E|CS|TAMS 0x000000008ee00000, 0x000000008ee00000| Complete 
| 239|0x000000008ef00000, 0x000000008f000000, 0x000000008f000000|100%| E|CS|TAMS 0x000000008ef00000, 0x000000008ef00000| Complete 
| 240|0x000000008f000000, 0x000000008f100000, 0x000000008f100000|100%| E|CS|TAMS 0x000000008f000000, 0x000000008f000000| Complete 
| 241|0x000000008f100000, 0x000000008f200000, 0x000000008f200000|100%| E|CS|TAMS 0x000000008f100000, 0x000000008f100000| Complete 

Card table byte_map: [0x0000024372ed0000,0x00000243732d0000] _byte_map_base: 0x0000024372ad0000

Marking Bits (Prev, Next): (CMBitMap*) 0x000002436000e318, (CMBitMap*) 0x000002436000e350
 Prev Bits: [0x00000243736d0000, 0x00000243756d0000)
 Next Bits: [0x00000243756d0000, 0x00000243776d0000)

Polling page: 0x000002435df50000

Metaspace:

Usage:
  Non-class:     89.73 MB capacity,    88.23 MB ( 98%) used,     1.18 MB (  1%) free+waste,   330.44 KB ( <1%) overhead. 
      Class:     14.10 MB capacity,    13.10 MB ( 93%) used,   876.52 KB (  6%) free+waste,   146.88 KB (  1%) overhead. 
       Both:    103.83 MB capacity,   101.33 MB ( 98%) used,     2.04 MB (  2%) free+waste,   477.31 KB ( <1%) overhead. 

Virtual space:
  Non-class space:       90.00 MB reserved,      89.90 MB (>99%) committed 
      Class space:        1.00 GB reserved,      14.13 MB (  1%) committed 
             Both:        1.09 GB reserved,     104.03 MB (  9%) committed 

Chunk freelists:
   Non-Class:  47.00 KB
       Class:  0 bytes
        Both:  47.00 KB

MaxMetaspaceSize: 17179869184.00 GB
CompressedClassSpaceSize: 1.00 GB

CodeHeap 'non-profiled nmethods': size=120064Kb used=7830Kb max_used=7830Kb free=112233Kb
 bounds [0x000002436b590000, 0x000002436bd40000, 0x0000024372ad0000]
CodeHeap 'profiled nmethods': size=120000Kb used=36311Kb max_used=36311Kb free=83688Kb
 bounds [0x0000024364060000, 0x00000243663e0000, 0x000002436b590000]
CodeHeap 'non-nmethods': size=5696Kb used=2304Kb max_used=2353Kb free=3391Kb
 bounds [0x0000024363ad0000, 0x0000024363d40000, 0x0000024364060000]
 total_blobs=15622 nmethods=14698 adapters=834
 compilation: enabled
              stopped_count=0, restarted_count=0
 full_count=0

Compilation events (20 events):
Event: 94.039 Thread 0x000002437b794800 nmethod 15026 0x000002436bd30290 code [0x000002436bd306e0, 0x000002436bd336d8]
Event: 94.040 Thread 0x000002437b794800 14981 %     4       com.android.tools.r8.ir.regalloc.b::c @ 2135 (3939 bytes)
Event: 94.400 Thread 0x0000024379bed800 15105       2       com.android.tools.r8.internal.r0::next (28 bytes)
Event: 94.401 Thread 0x0000024379bed800 nmethod 15105 0x00000243663d2990 code [0x00000243663d2b60, 0x00000243663d2e48]
Event: 94.401 Thread 0x0000024379bed800 15106       2       com.android.tools.r8.internal.q0::b (10 bytes)
Event: 94.402 Thread 0x0000024379bed800 nmethod 15106 0x00000243663d2f10 code [0x00000243663d30c0, 0x00000243663d31e8]
Event: 94.402 Thread 0x0000024379bed800 15107       2       com.android.tools.r8.internal.W81::<init> (22 bytes)
Event: 94.403 Thread 0x0000024379bed800 nmethod 15107 0x00000243663d3290 code [0x00000243663d3440, 0x00000243663d35a8]
Event: 94.403 Thread 0x0000024379bed800 15108       2       com.android.tools.r8.internal.ES0::a (11 bytes)
Event: 94.404 Thread 0x0000024379bed800 nmethod 15108 0x00000243663d3690 code [0x00000243663d3840, 0x00000243663d3968]
Event: 94.404 Thread 0x0000024379bed800 15109       2       com.android.tools.r8.internal.iT0::get (9 bytes)
Event: 94.404 Thread 0x0000024379bed800 nmethod 15109 0x00000243663d3a10 code [0x00000243663d3bc0, 0x00000243663d3ce8]
Event: 94.404 Thread 0x0000024379bed800 15110       2       com.android.tools.r8.internal.fT0::get (9 bytes)
Event: 94.405 Thread 0x0000024379bed800 nmethod 15110 0x00000243663d3d90 code [0x00000243663d3f40, 0x00000243663d4068]
Event: 94.405 Thread 0x0000024379bed800 15111       2       com.android.tools.r8.internal.Ok1::g (7 bytes)
Event: 94.405 Thread 0x0000024379bed800 nmethod 15111 0x00000243663d4110 code [0x00000243663d42c0, 0x00000243663d43d8]
Event: 94.725 Thread 0x0000024379bed800 15112 %     3       com.android.tools.r8.internal.AU0::F0 @ 16 (51 bytes)
Event: 94.726 Thread 0x0000024379bed800 nmethod 15112% 0x00000243663d4490 code [0x00000243663d46a0, 0x00000243663d4d88]
Event: 94.726 Thread 0x0000024379bed800 15113       3       com.android.tools.r8.internal.AU0::F0 (51 bytes)
Event: 94.727 Thread 0x0000024379bed800 nmethod 15113 0x00000243663d4f90 code [0x00000243663d51a0, 0x00000243663d5828]

GC Heap History (20 events):
Event: 76.398 GC heap before
{Heap before GC invocations=66 (full 0):
 garbage-first heap   total 247808K, used 178176K [0x0000000080000000, 0x0000000100000000)
  region size 1024K, 55 young (56320K), 6 survivors (6144K)
 Metaspace       used 100851K, capacity 103294K, committed 103452K, reserved 1138688K
  class space    used 13133K, capacity 14116K, committed 14208K, reserved 1048576K
}
Event: 76.428 GC heap after
{Heap after GC invocations=67 (full 0):
 garbage-first heap   total 247808K, used 130060K [0x0000000080000000, 0x0000000100000000)
  region size 1024K, 2 young (2048K), 2 survivors (2048K)
 Metaspace       used 100851K, capacity 103294K, committed 103452K, reserved 1138688K
  class space    used 13133K, capacity 14116K, committed 14208K, reserved 1048576K
}
Event: 78.154 GC heap before
{Heap before GC invocations=68 (full 0):
 garbage-first heap   total 247808K, used 182284K [0x0000000080000000, 0x0000000100000000)
  region size 1024K, 53 young (54272K), 2 survivors (2048K)
 Metaspace       used 101222K, capacity 103590K, committed 103964K, reserved 1138688K
  class space    used 13127K, capacity 14089K, committed 14208K, reserved 1048576K
}
Event: 78.167 GC heap after
{Heap after GC invocations=69 (full 0):
 garbage-first heap   total 247808K, used 129669K [0x0000000080000000, 0x0000000100000000)
  region size 1024K, 1 young (1024K), 1 survivors (1024K)
 Metaspace       used 101222K, capacity 103590K, committed 103964K, reserved 1138688K
  class space    used 13127K, capacity 14089K, committed 14208K, reserved 1048576K
}
Event: 79.249 GC heap before
{Heap before GC invocations=69 (full 0):
 garbage-first heap   total 247808K, used 191109K [0x0000000080000000, 0x0000000100000000)
  region size 1024K, 61 young (62464K), 1 survivors (1024K)
 Metaspace       used 101369K, capacity 103732K, committed 103964K, reserved 1138688K
  class space    used 13128K, capacity 14091K, committed 14208K, reserved 1048576K
}
Event: 79.261 GC heap after
{Heap after GC invocations=70 (full 0):
 garbage-first heap   total 247808K, used 129852K [0x0000000080000000, 0x0000000100000000)
  region size 1024K, 2 young (2048K), 2 survivors (2048K)
 Metaspace       used 101369K, capacity 103732K, committed 103964K, reserved 1138688K
  class space    used 13128K, capacity 14091K, committed 14208K, reserved 1048576K
}
Event: 80.922 GC heap before
{Heap before GC invocations=71 (full 0):
 garbage-first heap   total 247808K, used 192316K [0x0000000080000000, 0x0000000100000000)
  region size 1024K, 63 young (64512K), 2 survivors (2048K)
 Metaspace       used 101686K, capacity 104143K, committed 104476K, reserved 1140736K
  class space    used 13156K, capacity 14118K, committed 14208K, reserved 1048576K
}
Event: 80.950 GC heap after
{Heap after GC invocations=72 (full 0):
 garbage-first heap   total 247808K, used 130063K [0x0000000080000000, 0x0000000100000000)
  region size 1024K, 2 young (2048K), 2 survivors (2048K)
 Metaspace       used 101686K, capacity 104143K, committed 104476K, reserved 1140736K
  class space    used 13156K, capacity 14118K, committed 14208K, reserved 1048576K
}
Event: 81.860 GC heap before
{Heap before GC invocations=72 (full 0):
 garbage-first heap   total 247808K, used 201743K [0x0000000080000000, 0x0000000100000000)
  region size 1024K, 72 young (73728K), 2 survivors (2048K)
 Metaspace       used 101795K, capacity 104216K, committed 104476K, reserved 1140736K
  class space    used 13168K, capacity 14118K, committed 14208K, reserved 1048576K
}
Event: 81.879 GC heap after
{Heap after GC invocations=73 (full 0):
 garbage-first heap   total 247808K, used 130529K [0x0000000080000000, 0x0000000100000000)
  region size 1024K, 2 young (2048K), 2 survivors (2048K)
 Metaspace       used 101795K, capacity 104216K, committed 104476K, reserved 1140736K
  class space    used 13168K, capacity 14118K, committed 14208K, reserved 1048576K
}
Event: 83.435 GC heap before
{Heap before GC invocations=74 (full 0):
 garbage-first heap   total 247808K, used 204257K [0x0000000080000000, 0x0000000100000000)
  region size 1024K, 74 young (75776K), 2 survivors (2048K)
 Metaspace       used 101864K, capacity 104297K, committed 104476K, reserved 1140736K
  class space    used 13170K, capacity 14122K, committed 14208K, reserved 1048576K
}
Event: 83.455 GC heap after
{Heap after GC invocations=75 (full 0):
 garbage-first heap   total 247808K, used 130766K [0x0000000080000000, 0x0000000100000000)
  region size 1024K, 2 young (2048K), 2 survivors (2048K)
 Metaspace       used 101864K, capacity 104297K, committed 104476K, reserved 1140736K
  class space    used 13170K, capacity 14122K, committed 14208K, reserved 1048576K
}
Event: 84.349 GC heap before
{Heap before GC invocations=75 (full 0):
 garbage-first heap   total 247808K, used 205518K [0x0000000080000000, 0x0000000100000000)
  region size 1024K, 75 young (76800K), 2 survivors (2048K)
 Metaspace       used 101898K, capacity 104300K, committed 104476K, reserved 1140736K
  class space    used 13171K, capacity 14123K, committed 14208K, reserved 1048576K
}
Event: 84.367 GC heap after
{Heap after GC invocations=76 (full 0):
 garbage-first heap   total 247808K, used 131337K [0x0000000080000000, 0x0000000100000000)
  region size 1024K, 3 young (3072K), 3 survivors (3072K)
 Metaspace       used 101898K, capacity 104300K, committed 104476K, reserved 1140736K
  class space    used 13171K, capacity 14123K, committed 14208K, reserved 1048576K
}
Event: 85.821 GC heap before
{Heap before GC invocations=77 (full 0):
 garbage-first heap   total 247808K, used 206089K [0x0000000080000000, 0x0000000100000000)
  region size 1024K, 76 young (77824K), 3 survivors (3072K)
 Metaspace       used 102098K, capacity 104552K, committed 104860K, reserved 1140736K
  class space    used 13200K, capacity 14184K, committed 14336K, reserved 1048576K
}
Event: 85.844 GC heap after
{Heap after GC invocations=78 (full 0):
 garbage-first heap   total 247808K, used 131670K [0x0000000080000000, 0x0000000100000000)
  region size 1024K, 3 young (3072K), 3 survivors (3072K)
 Metaspace       used 102098K, capacity 104552K, committed 104860K, reserved 1140736K
  class space    used 13200K, capacity 14184K, committed 14336K, reserved 1048576K
}
Event: 87.665 GC heap before
{Heap before GC invocations=78 (full 0):
 garbage-first heap   total 247808K, used 207446K [0x0000000080000000, 0x0000000100000000)
  region size 1024K, 77 young (78848K), 3 survivors (3072K)
 Metaspace       used 103323K, capacity 105810K, committed 106012K, reserved 1140736K
  class space    used 13357K, capacity 14383K, committed 14464K, reserved 1048576K
}
Event: 87.692 GC heap after
{Heap after GC invocations=79 (full 0):
 garbage-first heap   total 247808K, used 133442K [0x0000000080000000, 0x0000000100000000)
  region size 1024K, 5 young (5120K), 5 survivors (5120K)
 Metaspace       used 103323K, capacity 105810K, committed 106012K, reserved 1140736K
  class space    used 13357K, capacity 14383K, committed 14464K, reserved 1048576K
}
Event: 92.843 GC heap before
{Heap before GC invocations=80 (full 0):
 garbage-first heap   total 247808K, used 210242K [0x0000000080000000, 0x0000000100000000)
  region size 1024K, 79 young (80896K), 5 survivors (5120K)
 Metaspace       used 103747K, capacity 106323K, committed 106524K, reserved 1140736K
  class space    used 13414K, capacity 14438K, committed 14464K, reserved 1048576K
}
Event: 92.875 GC heap after
{Heap after GC invocations=81 (full 0):
 garbage-first heap   total 247808K, used 131981K [0x0000000080000000, 0x0000000100000000)
  region size 1024K, 4 young (4096K), 4 survivors (4096K)
 Metaspace       used 103747K, capacity 106323K, committed 106524K, reserved 1140736K
  class space    used 13414K, capacity 14438K, committed 14464K, reserved 1048576K
}

Deoptimization events (20 events):
Event: 92.600 Thread 0x000002437bc7a800 DEOPT PACKING pc=0x0000024365ce94da sp=0x0000005a036f98c0
Event: 92.600 Thread 0x000002437bc7a800 DEOPT UNPACKING pc=0x0000024363af66bf sp=0x0000005a036f8d88 mode 0
Event: 93.281 Thread 0x000002437bc7a800 DEOPT PACKING pc=0x0000024365cc51b6 sp=0x0000005a036f9590
Event: 93.281 Thread 0x000002437bc7a800 DEOPT UNPACKING pc=0x0000024363af66bf sp=0x0000005a036f8d40 mode 0
Event: 93.291 Thread 0x000002437bc7a800 DEOPT PACKING pc=0x0000024365d3ea95 sp=0x0000005a036f9900
Event: 93.291 Thread 0x000002437bc7a800 DEOPT UNPACKING pc=0x0000024363af66bf sp=0x0000005a036f8da0 mode 0
Event: 93.349 Thread 0x000002437bc7a800 DEOPT PACKING pc=0x0000024365949529 sp=0x0000005a036fa5a0
Event: 93.350 Thread 0x000002437bc7a800 DEOPT UNPACKING pc=0x0000024363af66bf sp=0x0000005a036f9a48 mode 0
Event: 93.372 Thread 0x000002437bc7a800 DEOPT PACKING pc=0x0000024365d51483 sp=0x0000005a036f91e0
Event: 93.372 Thread 0x000002437bc7a800 DEOPT UNPACKING pc=0x0000024363af66bf sp=0x0000005a036f8798 mode 0
Event: 93.453 Thread 0x000002437bc7a800 DEOPT PACKING pc=0x0000024365dbacc0 sp=0x0000005a036f99d0
Event: 93.453 Thread 0x000002437bc7a800 DEOPT UNPACKING pc=0x0000024363af66bf sp=0x0000005a036f9280 mode 0
Event: 94.016 Thread 0x000002437bc7a800 DEOPT PACKING pc=0x0000024365ef729e sp=0x0000005a036f9930
Event: 94.016 Thread 0x000002437bc7a800 DEOPT UNPACKING pc=0x0000024363af66bf sp=0x0000005a036f8fa8 mode 0
Event: 94.157 Thread 0x000002437bc7a800 DEOPT PACKING pc=0x0000024365db9fd3 sp=0x0000005a036f99d0
Event: 94.157 Thread 0x000002437bc7a800 DEOPT UNPACKING pc=0x0000024363af66bf sp=0x0000005a036f9280 mode 0
Event: 94.593 Thread 0x000002437bc7a800 DEOPT PACKING pc=0x0000024365db9fd3 sp=0x0000005a036f99d0
Event: 94.593 Thread 0x000002437bc7a800 DEOPT UNPACKING pc=0x0000024363af66bf sp=0x0000005a036f9280 mode 0
Event: 94.727 Thread 0x000002437bc7a800 DEOPT PACKING pc=0x0000024365a0ad97 sp=0x0000005a036f9520
Event: 94.727 Thread 0x000002437bc7a800 DEOPT UNPACKING pc=0x0000024363af66bf sp=0x0000005a036f89c8 mode 0

Classes redefined (0 events):
No events

Internal exceptions (20 events):
Event: 69.839 Thread 0x000002437bc7a800 Implicit null exception at 0x000002436bbb68b7 to 0x000002436bbb6bdc
Event: 71.365 Thread 0x000002437ac52000 Exception <a 'java/lang/NoSuchMethodError'{0x000000008a31c1e0}: 'java.lang.Object java.lang.invoke.DirectMethodHandle$Holder.invokeStatic(java.lang.Object, int, java.lang.Object, java.lang.Object)'> (0x000000008a31c1e0) thrown at [./src/hotspot/share/interpreter/linkResolver.cpp, line 773]
Event: 71.365 Thread 0x000002437bc7a800 Exception <a 'java/lang/NoSuchMethodError'{0x000000008a4a4d00}: 'java.lang.Object java.lang.invoke.DirectMethodHandle$Holder.invokeStatic(java.lang.Object, int, java.lang.Object, java.lang.Object)'> (0x000000008a4a4d00) thrown at [./src/hotspot/share/interpreter/linkResolver.cpp, line 773]
Event: 72.210 Thread 0x000002437ac52000 Exception <a 'java/lang/NoSuchMethodError'{0x000000008a32aba0}: 'int java.lang.invoke.DirectMethodHandle$Holder.invokeSpecial(java.lang.Object, java.lang.Object, java.lang.Object, java.lang.Object, java.lang.Object)'> (0x000000008a32aba0) thrown at [./src/hotspot/share/interpreter/linkResolver.cpp, line 773]
Event: 72.402 Thread 0x000002437ac52000 Exception <a 'java/lang/NoSuchMethodError'{0x000000008987df88}: 'java.lang.Object java.lang.invoke.DirectMethodHandle$Holder.invokeVirtual(java.lang.Object, java.lang.Object, int, java.lang.Object)'> (0x000000008987df88) thrown at [./src/hotspot/share/interpreter/linkResolver.cpp, line 773]
Event: 72.663 Thread 0x000002437ac52000 Exception <a 'java/lang/IncompatibleClassChangeError'{0x000000008b7768f0}: Found class java.lang.Object, but interface was expected> (0x000000008b7768f0) thrown at [./src/hotspot/share/interpreter/linkResolver.cpp, line 839]
Event: 72.666 Thread 0x000002437ac52000 Exception <a 'java/lang/IncompatibleClassChangeError'{0x000000008b7817b8}: Found class java.lang.Object, but interface was expected> (0x000000008b7817b8) thrown at [./src/hotspot/share/interpreter/linkResolver.cpp, line 839]
Event: 72.897 Thread 0x000002437ac52000 Exception <a 'java/lang/NoSuchMethodError'{0x000000008ab7d160}: 'void java.lang.invoke.DirectMethodHandle$Holder.invokeVirtual(java.lang.Object, java.lang.Object, int, java.lang.Object)'> (0x000000008ab7d160) thrown at [./src/hotspot/share/interpreter/linkResolver.cpp, line 773]
Event: 73.846 Thread 0x000002437ac52000 Exception <a 'java/lang/NoSuchMethodError'{0x0000000089c73568}: 'java.lang.Object java.lang.invoke.DirectMethodHandle$Holder.newInvokeSpecial(java.lang.Object, int)'> (0x0000000089c73568) thrown at [./src/hotspot/share/interpreter/linkResolver.cpp, line 773]
Event: 74.984 Thread 0x000002437bc7a800 Implicit null exception at 0x000002436b71a66b to 0x000002436b71a68c
Event: 78.907 Thread 0x000002437ac52000 Exception <a 'java/lang/NoSuchMethodError'{0x000000008ce950b8}: 'int java.lang.invoke.DirectMethodHandle$Holder.invokeInterface(java.lang.Object, java.lang.Object, int)'> (0x000000008ce950b8) thrown at [./src/hotspot/share/interpreter/linkResolver.cpp, line 773]
Event: 86.306 Thread 0x000002437ac52000 Exception <a 'java/lang/NoSuchMethodError'{0x000000008df31d18}: 'java.lang.Object java.lang.invoke.Invokers$Holder.linkToTargetMethod(java.lang.Object, int, java.lang.Object, java.lang.Object, java.lang.Object, java.lang.Object)'> (0x000000008df31d18) thrown at [./src/hotspot/share/interpreter/linkResolver.cpp, line 773]
Event: 86.311 Thread 0x000002437ac52000 Exception <a 'java/lang/NoSuchMethodError'{0x000000008df45d88}: 'java.lang.Object java.lang.invoke.Invokers$Holder.linkToTargetMethod(java.lang.Object, java.lang.Object, java.lang.Object, int, java.lang.Object, java.lang.Object, java.lang.Object)'> (0x000000008df45d88) thrown at [./src/hotspot/share/interpreter/linkResolver.cpp, line 773]
Event: 86.318 Thread 0x000002437ac52000 Exception <a 'java/lang/NoSuchMethodError'{0x000000008df5b050}: 'void java.lang.invoke.DirectMethodHandle$Holder.invokeStatic(java.lang.Object, java.lang.Object, java.lang.Object, java.lang.Object, java.lang.Object, java.lang.Object, java.lang.Object, java.lang.Object)'> (0x000000008df5b050) thrown at [./src/hotspot/share/interpreter/linkResolver.cpp, line 773]
Event: 87.001 Thread 0x000002437ac52000 Exception <a 'java/lang/IncompatibleClassChangeError'{0x000000008bfe26b0}: Found class java.lang.Object, but interface was expected> (0x000000008bfe26b0) thrown at [./src/hotspot/share/interpreter/linkResolver.cpp, line 839]
Event: 87.902 Thread 0x000002437ac52000 Exception <a 'java/lang/NoSuchMethodError'{0x000000008ef800e8}: 'void java.lang.invoke.DirectMethodHandle$Holder.invokeVirtual(java.lang.Object, java.lang.Object, int)'> (0x000000008ef800e8) thrown at [./src/hotspot/share/interpreter/linkResolver.cpp, line 773]
Event: 88.854 Thread 0x000002437ac52000 Exception <a 'sun/nio/fs/WindowsException'{0x000000008e60bd90}> (0x000000008e60bd90) thrown at [./src/hotspot/share/prims/jni.cpp, line 615]
Event: 89.519 Thread 0x000002437ac52000 Exception <a 'java/lang/NoSuchMethodError'{0x000000008e2b7848}: 'void java.lang.invoke.DirectMethodHandle$Holder.invokeStatic(java.lang.Object, java.lang.Object, java.lang.Object, java.lang.Object, java.lang.Object, java.lang.Object, java.lang.Object)'> (0x000000008e2b7848) thrown at [./src/hotspot/share/interpreter/linkResolver.cpp, line 773]
Event: 91.964 Thread 0x000002437bc7a800 Implicit null exception at 0x000002436bcfd760 to 0x000002436bd0241c
Event: 92.037 Thread 0x000002437bc7a800 Implicit null exception at 0x000002436bce0038 to 0x000002436bce4770

Events (20 events):
Event: 89.574 loading class org/gradle/internal/execution/history/impl/DefaultOutputFilesRepository
Event: 89.574 loading class org/gradle/internal/execution/history/impl/DefaultOutputFilesRepository done
Event: 89.575 loading class org/gradle/internal/execution/history/impl/DefaultOutputFilesRepository$1
Event: 89.575 loading class org/gradle/internal/execution/history/impl/DefaultOutputFilesRepository$1 done
Event: 89.579 loading class org/gradle/internal/execution/history/impl/FileSystemSnapshotSerializer$1
Event: 89.579 loading class org/gradle/internal/execution/history/impl/FileSystemSnapshotSerializer$1 done
Event: 89.581 loading class org/gradle/internal/execution/history/impl/FileSystemSnapshotSerializer$1$1
Event: 89.581 loading class org/gradle/internal/execution/history/impl/FileSystemSnapshotSerializer$1$1 done
Event: 89.621 loading class org/gradle/internal/execution/steps/SkipUpToDateStep$2
Event: 89.621 loading class org/gradle/internal/execution/steps/SkipUpToDateStep$2 done
Event: 90.333 Thread 0x000002437b794800 Thread added: 0x000002437b794800
Event: 92.353 Thread 0x0000024379bf6800 flushing nmethod 0x0000024364060010
Event: 92.353 Thread 0x0000024379bf6800 flushing nmethod 0x0000024364061110
Event: 92.353 Thread 0x0000024379bf6800 flushing nmethod 0x0000024364061890
Event: 92.353 Thread 0x0000024379bf6800 flushing nmethod 0x0000024364064e10
Event: 92.353 Thread 0x0000024379bf6800 flushing nmethod 0x0000024364073a10
Event: 92.842 Executing VM operation: G1CollectForAllocation
Event: 92.875 Executing VM operation: G1CollectForAllocation done
Event: 93.538 loading class com/android/tools/r8/internal/TE0
Event: 93.538 loading class com/android/tools/r8/internal/TE0 done


Dynamic libraries:
0x00007ff72c350000 - 0x00007ff72c35a000 	D:\Alondra\programs\Android Studio\jre\bin\java.exe
0x00007ffca02a0000 - 0x00007ffca0461000 	C:\Windows\SYSTEM32\ntdll.dll
0x00007ffc9d8b0000 - 0x00007ffc9d95d000 	C:\Windows\system32\KERNEL32.DLL
0x00007ffc9c9a0000 - 0x00007ffc9cb88000 	C:\Windows\system32\KERNELBASE.dll
0x00007ffc9b0b0000 - 0x00007ffc9b129000 	C:\Windows\system32\apphelp.dll
0x00007ffc982b0000 - 0x00007ffc982c9000 	D:\Alondra\programs\Android Studio\jre\bin\jli.dll
0x00007ffc98290000 - 0x00007ffc982a7000 	D:\Alondra\programs\Android Studio\jre\bin\VCRUNTIME140.dll
0x00007ffc9ba50000 - 0x00007ffc9bb44000 	C:\Windows\SYSTEM32\ucrtbase.dll
0x00007ffc9fed0000 - 0x00007ffca0026000 	C:\Windows\system32\USER32.dll
0x00007ffc9d960000 - 0x00007ffc9dae6000 	C:\Windows\system32\GDI32.dll
0x00007ffc880b0000 - 0x00007ffc88324000 	C:\Windows\WinSxS\amd64_microsoft.windows.common-controls_6595b64144ccf1df_6.0.10586.0_none_8c15ae12515e1c22\COMCTL32.dll
0x00007ffc9de50000 - 0x00007ffc9deed000 	C:\Windows\system32\msvcrt.dll
0x00007ffc9def0000 - 0x00007ffc9e16d000 	C:\Windows\system32\combase.dll
0x00007ffc9db90000 - 0x00007ffc9dcac000 	C:\Windows\system32\RPCRT4.dll
0x00007ffc9d400000 - 0x00007ffc9d46a000 	C:\Windows\system32\bcryptPrimitives.dll
0x00007ffc9db50000 - 0x00007ffc9db8b000 	C:\Windows\system32\IMM32.DLL
0x00007ffc75cc0000 - 0x00007ffc75d5d000 	D:\Alondra\programs\Android Studio\jre\bin\msvcp140.dll
0x00007ffc6e1c0000 - 0x00007ffc6ec95000 	D:\Alondra\programs\Android Studio\jre\bin\server\jvm.dll
0x00007ffc9dcb0000 - 0x00007ffc9dd57000 	C:\Windows\system32\ADVAPI32.dll
0x00007ffc9daf0000 - 0x00007ffc9db4b000 	C:\Windows\system32\sechost.dll
0x00007ffc9e170000 - 0x00007ffc9e178000 	C:\Windows\system32\PSAPI.DLL
0x00007ffc8d040000 - 0x00007ffc8d049000 	C:\Windows\SYSTEM32\WSOCK32.dll
0x00007ffc8bd00000 - 0x00007ffc8bd0a000 	C:\Windows\SYSTEM32\VERSION.dll
0x00007ffc9ad10000 - 0x00007ffc9ad33000 	C:\Windows\SYSTEM32\WINMM.dll
0x00007ffc9e7e0000 - 0x00007ffc9e84b000 	C:\Windows\system32\WS2_32.dll
0x00007ffc9a9c0000 - 0x00007ffc9a9ec000 	C:\Windows\SYSTEM32\WINMMBASE.dll
0x00007ffc9c950000 - 0x00007ffc9c993000 	C:\Windows\system32\cfgmgr32.dll
0x00007ffc9c940000 - 0x00007ffc9c94f000 	C:\Windows\system32\kernel.appcore.dll
0x00007ffc98050000 - 0x00007ffc98061000 	D:\Alondra\programs\Android Studio\jre\bin\verify.dll
0x00007ffc9a1b0000 - 0x00007ffc9a33c000 	C:\Windows\SYSTEM32\DBGHELP.DLL
0x00007ffc721b0000 - 0x00007ffc721d5000 	C:\Windows\SYSTEM32\dbgcore.DLL
0x00007ffc97ad0000 - 0x00007ffc97af9000 	D:\Alondra\programs\Android Studio\jre\bin\java.dll
0x00007ffc9b080000 - 0x00007ffc9b08b000 	D:\Alondra\programs\Android Studio\jre\bin\jimage.dll
0x00007ffc94df0000 - 0x00007ffc94e08000 	D:\Alondra\programs\Android Studio\jre\bin\zip.dll
0x00007ffc9e960000 - 0x00007ffc9febf000 	C:\Windows\system32\SHELL32.dll
0x00007ffc9cdb0000 - 0x00007ffc9d3f4000 	C:\Windows\system32\windows.storage.dll
0x00007ffca0230000 - 0x00007ffca0282000 	C:\Windows\system32\shlwapi.dll
0x00007ffc9cc20000 - 0x00007ffc9ccd5000 	C:\Windows\system32\shcore.dll
0x00007ffc9c8c0000 - 0x00007ffc9c90b000 	C:\Windows\system32\powrprof.dll
0x00007ffc9c920000 - 0x00007ffc9c934000 	C:\Windows\system32\profapi.dll
0x00007ffc94dd0000 - 0x00007ffc94dea000 	D:\Alondra\programs\Android Studio\jre\bin\net.dll
0x00007ffc911a0000 - 0x00007ffc91268000 	C:\Windows\SYSTEM32\WINHTTP.dll
0x00007ffc9c190000 - 0x00007ffc9c1ec000 	C:\Windows\system32\mswsock.dll
0x00007ffc94db0000 - 0x00007ffc94dc4000 	D:\Alondra\programs\Android Studio\jre\bin\nio.dll
0x00007ffc988a0000 - 0x00007ffc988c7000 	D:\Alondra\AndroidStudioProjects\native\e1d6ef7f7dcc3fd88c89a11ec53ec762bb8ba0a96d01ffa2cd45eb1d1d8dd5c5\windows-amd64\native-platform.dll
0x00007ffc9b060000 - 0x00007ffc9b06a000 	D:\Alondra\programs\Android Studio\jre\bin\management.dll
0x00007ffc99170000 - 0x00007ffc9917d000 	D:\Alondra\programs\Android Studio\jre\bin\management_ext.dll
0x00007ffc9c240000 - 0x00007ffc9c257000 	C:\Windows\SYSTEM32\CRYPTSP.dll
0x00007ffc9bed0000 - 0x00007ffc9bf04000 	C:\Windows\system32\rsaenh.dll
0x00007ffc9c800000 - 0x00007ffc9c829000 	C:\Windows\SYSTEM32\bcrypt.dll
0x00007ffc9c020000 - 0x00007ffc9c03f000 	C:\Windows\SYSTEM32\USERENV.dll
0x00007ffc9c360000 - 0x00007ffc9c36b000 	C:\Windows\SYSTEM32\CRYPTBASE.dll
0x00007ffc8fe80000 - 0x00007ffc8feb8000 	C:\Windows\SYSTEM32\IPHLPAPI.DLL
0x00007ffc9fec0000 - 0x00007ffc9fec8000 	C:\Windows\system32\NSI.dll
0x00007ffc8f370000 - 0x00007ffc8f386000 	C:\Windows\SYSTEM32\dhcpcsvc6.DLL
0x00007ffc8f350000 - 0x00007ffc8f36a000 	C:\Windows\SYSTEM32\dhcpcsvc.DLL

dbghelp: loaded successfully - version: 4.0.5 - missing functions: none
symbol engine: initialized successfully - sym options: 0x614 - pdb path: .;D:\Alondra\programs\Android Studio\jre\bin;C:\Windows\SYSTEM32;C:\Windows\WinSxS\amd64_microsoft.windows.common-controls_6595b64144ccf1df_6.0.10586.0_none_8c15ae12515e1c22;D:\Alondra\programs\Android Studio\jre\bin\server;D:\Alondra\AndroidStudioProjects\native\e1d6ef7f7dcc3fd88c89a11ec53ec762bb8ba0a96d01ffa2cd45eb1d1d8dd5c5\windows-amd64

VM Arguments:
jvm_args: --add-opens=java.base/java.util=ALL-UNNAMED --add-opens=java.base/java.lang=ALL-UNNAMED --add-opens=java.base/java.lang.invoke=ALL-UNNAMED --add-opens=java.base/java.util=ALL-UNNAMED --add-opens=java.prefs/java.util.prefs=ALL-UNNAMED --add-opens=java.prefs/java.util.prefs=ALL-UNNAMED --add-opens=java.base/java.nio.charset=ALL-UNNAMED --add-opens=java.base/java.net=ALL-UNNAMED --add-opens=java.base/java.util.concurrent.atomic=ALL-UNNAMED -Xmx2048m -Dfile.encoding=UTF-8 -Duser.country=419 -Duser.language=es -Duser.variant 
java_command: org.gradle.launcher.daemon.bootstrap.GradleDaemon 7.2
java_class_path (initial): D:\Alondra\AndroidStudioProjects\wrapper\dists\gradle-7.2-bin\2dnblmf4td7x66yl1d74lt32g\gradle-7.2\lib\gradle-launcher-7.2.jar
Launcher Type: SUN_STANDARD

[Global flags]
     intx CICompilerCount                          = 3                                         {product} {ergonomic}
     uint ConcGCThreads                            = 1                                         {product} {ergonomic}
     uint G1ConcRefinementThreads                  = 4                                         {product} {ergonomic}
   size_t G1HeapRegionSize                         = 1048576                                   {product} {ergonomic}
    uintx GCDrainStackTargetSize                   = 64                                        {product} {ergonomic}
   size_t InitialHeapSize                          = 65011712                                  {product} {ergonomic}
   size_t MarkStackSize                            = 4194304                                   {product} {ergonomic}
   size_t MaxHeapSize                              = 2147483648                                {product} {command line}
   size_t MaxNewSize                               = 1287651328                                {product} {ergonomic}
   size_t MinHeapDeltaBytes                        = 1048576                                   {product} {ergonomic}
    uintx NonNMethodCodeHeapSize                   = 5830732                                {pd product} {ergonomic}
    uintx NonProfiledCodeHeapSize                  = 122913754                              {pd product} {ergonomic}
    uintx ProfiledCodeHeapSize                     = 122913754                              {pd product} {ergonomic}
    uintx ReservedCodeCacheSize                    = 251658240                              {pd product} {ergonomic}
     bool SegmentedCodeCache                       = true                                      {product} {ergonomic}
     bool UseCompressedClassPointers               = true                                 {lp64_product} {ergonomic}
     bool UseCompressedOops                        = true                                 {lp64_product} {ergonomic}
     bool UseG1GC                                  = true                                      {product} {ergonomic}
     bool UseLargePagesIndividualAllocation        = false                                  {pd product} {ergonomic}

Logging:
Log output configuration:
 #0: stdout all=warning uptime,level,tags
 #1: stderr all=off uptime,level,tags

Environment Variables:
JAVA_HOME=D:\Alondra\programs\java\jdk1.8.0_281
PATH=D:\Alondra\programs\python39\Scripts\;D:\Alondra\programs\python39\;C:\Python39\Scripts\;C:\Python39\;C:\Program Files (x86)\Common Files\Oracle\Java\javapath;C:\Windows\system32;C:\Windows;C:\Windows\System32\Wbem;C:\Windows\System32\WindowsPowerShell\v1.0\;C:\Users\Alondra\AppData\Local\Programs\Python\Python39;C:\Users\Alondra\AppData\Local\Programs\Python\Python39\Scripts;C:\Program Files\dotnet\;D:\Alondra\programs\Brackets\command;D:\Alondra\programs\java\jdk1.8.0_281\bin;D:\Alondra\programs\nodejs\;C:\ProgramData\chocolatey\bin;D:\Alondra\programs\Git\cmd;D:\Alondra\programs\PuTTY\;C:\Users\Alondra\AppData\Roaming\Python\Python39\Scripts;C:\Users\Alondra\AppData\Roaming\Python\Python39;D:\Alondra\programs\PostgreSQL\13\bin;D:\Alondra\7° SEMESTRE\4.Lenguajes y Automatas ll\javacc-javacc-7.0.10\scripts;D:\Alondra\7° SEMESTRE\4.Lenguajes y Automatas ll\javacc-javacc-7.0.10\bin;D:\Alondra\programs\XAMPP\php;D:\Alondra\programs\ComposerSetup;D:\Alondra\programs\Pyhon\Scripts\;D:\Alondra\programs\Pyhon\;D:\Alondra\programs\Microsoft VS Code\bin;D:\Alondra\descargas D\curl_7_53_1_openssl_nghttp2_x64;C:\Users\Alondra\.dotnet\tools;C:\Users\Alondra\AppData\Roaming\npm;D:\Alondra\programs\Nmap;C:\Users\Alondra\AppData\Roaming\Composer\vendor\bin
USERNAME=Alondra
OS=Windows_NT
PROCESSOR_IDENTIFIER=Intel64 Family 6 Model 92 Stepping 9, GenuineIntel



---------------  S Y S T E M  ---------------

OS: Windows 10 , 64 bit Build 10586 (10.0.10586.0)
OS uptime: 1 days 10:47 hours

CPU:total 4 (initial active 4) (4 cores per cpu, 1 threads per core) family 6 model 92 stepping 9 microcode 0x2a, cmov, cx8, fxsr, mmx, sse, sse2, sse3, ssse3, sse4.1, sse4.2, popcnt, aes, clmul, erms, 3dnowpref, tsc, tscinvbit, sha

Memory: 4k page, system-wide physical 3928M (535M free)
TotalPageFile size 5416M (AvailPageFile size 3M)
current process WorkingSet (physical memory assigned to process): 515M, peak: 515M
current process commit charge ("private bytes"): 607M, peak: 607M

vm_info: OpenJDK 64-Bit Server VM (11.0.11+9-b60-7590822) for windows-amd64 JRE (11.0.11+9-b60-7590822), built on Jul 29 2021 21:43:44 by "builder" with MS VC++ 14.0 (VS2015)

END.
