#
# There is insufficient memory for the Java Runtime Environment to continue.
# Native memory allocation (mmap) failed to map 39845888 bytes for Failed to commit area from 0x000000008bc00000 to 0x000000008e200000 of length 39845888.
# Possible reasons:
#   The system is out of physical RAM or swap space
#   The process is running with CompressedOops enabled, and the Java Heap may be blocking the growth of the native heap
# Possible solutions:
#   Reduce memory load on the system
#   Increase physical memory or swap space
#   Check if swap backing store is full
#   Decrease Java heap size (-Xmx/-Xms)
#   Decrease number of Java threads
#   Decrease Java thread stack sizes (-Xss)
#   Set larger code cache with -XX:ReservedCodeCacheSize=
#   JVM is running with Unscaled Compressed Oops mode in which the Java heap is
#     placed in the first 4GB address space. The Java Heap base address is the
#     maximum limit for the native heap growth. Please use -XX:HeapBaseMinAddress
#     to set the Java Heap base and to place the Java Heap above 4GB virtual address.
# This output file may be truncated or incomplete.
#
#  Out of Memory Error (./src/hotspot/os/windows/os_windows.cpp:3301), pid=5444, tid=6516
#
# JRE version: OpenJDK Runtime Environment (11.0.11+9) (build 11.0.11+9-b60-7590822)
# Java VM: OpenJDK 64-Bit Server VM (11.0.11+9-b60-7590822, mixed mode, tiered, compressed oops, g1 gc, windows-amd64)
# No core dump will be written. Minidumps are not enabled by default on client versions of Windows
#

---------------  S U M M A R Y ------------

Command Line: --add-opens=java.base/java.util=ALL-UNNAMED --add-opens=java.base/java.lang=ALL-UNNAMED --add-opens=java.base/java.lang.invoke=ALL-UNNAMED --add-opens=java.base/java.util=ALL-UNNAMED --add-opens=java.prefs/java.util.prefs=ALL-UNNAMED --add-opens=java.prefs/java.util.prefs=ALL-UNNAMED --add-opens=java.base/java.nio.charset=ALL-UNNAMED --add-opens=java.base/java.net=ALL-UNNAMED --add-opens=java.base/java.util.concurrent.atomic=ALL-UNNAMED -Xmx2048m -Dfile.encoding=UTF-8 -Duser.country=419 -Duser.language=es -Duser.variant org.gradle.launcher.daemon.bootstrap.GradleDaemon 7.2

Host: Intel(R) Pentium(R) CPU N4200 @ 1.10GHz, 4 cores, 3G,  Windows 10 , 64 bit Build 10586 (10.0.10586.0)
Time: Tue Mar 29 20:15:10 2022 Hora estándar central (México) elapsed time: 192.209114 seconds (0d 0h 3m 12s)

---------------  T H R E A D  ---------------

Current thread (0x0000024cec899800):  VMThread "VM Thread" [stack: 0x000000f4c8200000,0x000000f4c8300000] [id=6516]

Stack: [0x000000f4c8200000,0x000000f4c8300000]
[error occurred during error reporting (printing stack bounds), id 0xc0000005, EXCEPTION_ACCESS_VIOLATION (0xc0000005) at pc=0x0000024cd6070f3d]

Native frames: (J=compiled Java code, j=interpreted, Vv=VM code, C=native code)
V  [jvm.dll+0x5f214a]
V  [jvm.dll+0x726fb5]
V  [jvm.dll+0x7285cd]
V  [jvm.dll+0x728be5]
V  [jvm.dll+0x728b9b]
V  [jvm.dll+0x5f14e8]
V  [jvm.dll+0x5f1c78]
C  [ntdll.dll+0xa976d]
C  [ntdll.dll+0x34c19]
C  [ntdll.dll+0xa887a]
C  0x0000024cd6070f3d

VM_Operation (0x000000f4cbdf8a90): G1CollectForAllocation, mode: safepoint, requested by thread 0x0000024cf1c14800


---------------  P R O C E S S  ---------------

Threads class SMR info:
_java_thread_list=0x0000024cfb6497f0, length=87, elements={
0x0000024cd0e0c000, 0x0000024cec89d800, 0x0000024cec8a7800, 0x0000024ced230800,
0x0000024ced233000, 0x0000024ced234800, 0x0000024ced237800, 0x0000024ced240000,
0x0000024cec8ff800, 0x0000024ced38d000, 0x0000024cef41b800, 0x0000024cee2ef000,
0x0000024ceec7d000, 0x0000024ceec61000, 0x0000024cee3c7800, 0x0000024cefa14800,
0x0000024ced6e4800, 0x0000024cee8f8800, 0x0000024cef744000, 0x0000024cef744800,
0x0000024cef742800, 0x0000024cef740000, 0x0000024cef745800, 0x0000024cef743000,
0x0000024cef746800, 0x0000024cef740800, 0x0000024cef741800, 0x0000024cf10d3800,
0x0000024cf10d5000, 0x0000024cf10d6000, 0x0000024cf10d1000, 0x0000024cf10d7000,
0x0000024cf10d7800, 0x0000024cf10d2000, 0x0000024cf10da000, 0x0000024cf10dd800,
0x0000024cf10de000, 0x0000024cf10db800, 0x0000024cf10d8800, 0x0000024cf10d9000,
0x0000024cf10df000, 0x0000024cf10e0000, 0x0000024cf10db000, 0x0000024cf10dc800,
0x0000024cf1c0e000, 0x0000024cf1c0f000, 0x0000024cf1c10800, 0x0000024cf1c11000,
0x0000024cf1c12000, 0x0000024cf1c13000, 0x0000024cf1c0f800, 0x0000024cf1c0d000,
0x0000024cf1c17800, 0x0000024cf1c18800, 0x0000024cf1c14800, 0x0000024cf1c13800,
0x0000024cf1c19800, 0x0000024cf1c1b000, 0x0000024cf1c1a000, 0x0000024cf1c15800,
0x0000024cf1c1c000, 0x0000024cf1c17000, 0x0000024cf1c16000, 0x0000024cf138a800,
0x0000024cf1389800, 0x0000024cf138e800, 0x0000024cf138d000, 0x0000024cf138c000,
0x0000024cf138b000, 0x0000024cf138d800, 0x0000024cf1388800, 0x0000024cf1390000,
0x0000024cf1394000, 0x0000024cf1391000, 0x0000024cf1395000, 0x0000024cf1391800,
0x0000024cf1392800, 0x0000024cf1393800, 0x0000024cf1396800, 0x0000024cf1397800,
0x0000024cf37ef800, 0x0000024cf37ee800, 0x0000024cf37f0000, 0x0000024cf37ed000,
0x0000024cf37ec000, 0x0000024cf37f2800, 0x0000024cf37f3800
}

Java Threads: ( => current thread )
  0x0000024cd0e0c000 JavaThread "main" [_thread_blocked, id=7660, stack(0x000000f4c7c00000,0x000000f4c7d00000)]
  0x0000024cec89d800 JavaThread "Reference Handler" daemon [_thread_blocked, id=8388, stack(0x000000f4c8300000,0x000000f4c8400000)]
  0x0000024cec8a7800 JavaThread "Finalizer" daemon [_thread_blocked, id=8872, stack(0x000000f4c8400000,0x000000f4c8500000)]
  0x0000024ced230800 JavaThread "Signal Dispatcher" daemon [_thread_blocked, id=7452, stack(0x000000f4c8500000,0x000000f4c8600000)]
  0x0000024ced233000 JavaThread "Attach Listener" daemon [_thread_blocked, id=2700, stack(0x000000f4c8600000,0x000000f4c8700000)]
  0x0000024ced234800 JavaThread "Service Thread" daemon [_thread_blocked, id=6020, stack(0x000000f4c8700000,0x000000f4c8800000)]
  0x0000024ced237800 JavaThread "C2 CompilerThread0" daemon [_thread_blocked, id=4296, stack(0x000000f4c8800000,0x000000f4c8900000)]
  0x0000024ced240000 JavaThread "C1 CompilerThread0" daemon [_thread_blocked, id=6736, stack(0x000000f4c8900000,0x000000f4c8a00000)]
  0x0000024cec8ff800 JavaThread "Sweeper thread" daemon [_thread_blocked, id=2128, stack(0x000000f4c8a00000,0x000000f4c8b00000)]
  0x0000024ced38d000 JavaThread "Common-Cleaner" daemon [_thread_blocked, id=7700, stack(0x000000f4c8b00000,0x000000f4c8c00000)]
  0x0000024cef41b800 JavaThread "Daemon health stats" [_thread_blocked, id=1308, stack(0x000000f4c8e00000,0x000000f4c8f00000)]
  0x0000024cee2ef000 JavaThread "Incoming local TCP Connector on port 1770" [_thread_in_native, id=5020, stack(0x000000f4c8f00000,0x000000f4c9000000)]
  0x0000024ceec7d000 JavaThread "Daemon periodic checks" [_thread_blocked, id=4752, stack(0x000000f4c9000000,0x000000f4c9100000)]
  0x0000024ceec61000 JavaThread "Daemon" [_thread_blocked, id=8640, stack(0x000000f4c9100000,0x000000f4c9200000)]
  0x0000024cee3c7800 JavaThread "Handler for socket connection from /127.0.0.1:1770 to /127.0.0.1:1771" [_thread_in_native, id=2524, stack(0x000000f4c9200000,0x000000f4c9300000)]
  0x0000024cefa14800 JavaThread "Cancel handler" [_thread_blocked, id=9168, stack(0x000000f4c9300000,0x000000f4c9400000)]
  0x0000024ced6e4800 JavaThread "Daemon worker" [_thread_blocked, id=8556, stack(0x000000f4c9400000,0x000000f4c9500000)]
  0x0000024cee8f8800 JavaThread "Asynchronous log dispatcher for DefaultDaemonConnection: socket connection from /127.0.0.1:1770 to /127.0.0.1:1771" [_thread_blocked, id=236, stack(0x000000f4c9500000,0x000000f4c9600000)]
  0x0000024cef744000 JavaThread "Daemon client event forwarder" [_thread_blocked, id=5948, stack(0x000000f4c9700000,0x000000f4c9800000)]
  0x0000024cef744800 JavaThread "Cache worker for journal cache (D:\Alondra\AndroidStudioProjects\caches\journal-1)" [_thread_blocked, id=6396, stack(0x000000f4c9a00000,0x000000f4c9b00000)]
  0x0000024cef742800 JavaThread "File lock request listener" [_thread_in_native, id=8628, stack(0x000000f4c9b00000,0x000000f4c9c00000)]
  0x0000024cef740000 JavaThread "Cache worker for file hash cache (D:\Alondra\AndroidStudioProjects\caches\7.2\fileHashes)" [_thread_blocked, id=7932, stack(0x000000f4c9c00000,0x000000f4c9d00000)]
  0x0000024cef745800 JavaThread "Cache worker for file hash cache (D:\Alondra\RecyclerView\.gradle\7.2\fileHashes)" [_thread_blocked, id=4220, stack(0x000000f4c9d00000,0x000000f4c9e00000)]
  0x0000024cef743000 JavaThread "Cache worker for checksums cache (D:\Alondra\RecyclerView\.gradle\checksums)" [_thread_blocked, id=5104, stack(0x000000f4c9e00000,0x000000f4c9f00000)]
  0x0000024cef746800 JavaThread "Cache worker for cache directory md-supplier (D:\Alondra\AndroidStudioProjects\caches\7.2\md-supplier)" [_thread_blocked, id=2300, stack(0x000000f4c9f00000,0x000000f4ca000000)]
  0x0000024cef740800 JavaThread "Cache worker for cache directory md-rule (D:\Alondra\AndroidStudioProjects\caches\7.2\md-rule)" [_thread_blocked, id=5924, stack(0x000000f4ca000000,0x000000f4ca100000)]
  0x0000024cef741800 JavaThread "Cache worker for execution history cache (D:\Alondra\AndroidStudioProjects\caches\7.2\executionHistory)" [_thread_blocked, id=4512, stack(0x000000f4ca100000,0x000000f4ca200000)]
  0x0000024cf10d3800 JavaThread "jar transforms" [_thread_blocked, id=5992, stack(0x000000f4ca200000,0x000000f4ca300000)]
  0x0000024cf10d5000 JavaThread "Cache worker for file content cache (D:\Alondra\AndroidStudioProjects\caches\7.2\fileContent)" [_thread_blocked, id=1640, stack(0x000000f4ca300000,0x000000f4ca400000)]
  0x0000024cf10d6000 JavaThread "jar transforms Thread 2" [_thread_blocked, id=7644, stack(0x000000f4ca400000,0x000000f4ca500000)]
  0x0000024cf10d1000 JavaThread "Cache worker for dependencies-accessors (D:\Alondra\RecyclerView\.gradle\7.2\dependencies-accessors)" [_thread_blocked, id=7428, stack(0x000000f4ca500000,0x000000f4ca600000)]
  0x0000024cf10d7000 JavaThread "jar transforms Thread 3" [_thread_blocked, id=6192, stack(0x000000f4ca600000,0x000000f4ca700000)]
  0x0000024cf10d7800 JavaThread "Cache worker for Build Output Cleanup Cache (D:\Alondra\RecyclerView\.gradle\buildOutputCleanup)" [_thread_blocked, id=7232, stack(0x000000f4ca700000,0x000000f4ca800000)]
  0x0000024cf10d2000 JavaThread "Unconstrained build operations" [_thread_blocked, id=124, stack(0x000000f4ca800000,0x000000f4ca900000)]
  0x0000024cf10da000 JavaThread "Unconstrained build operations Thread 2" [_thread_blocked, id=1732, stack(0x000000f4ca900000,0x000000f4caa00000)]
  0x0000024cf10dd800 JavaThread "Unconstrained build operations Thread 3" [_thread_blocked, id=6972, stack(0x000000f4caa00000,0x000000f4cab00000)]
  0x0000024cf10de000 JavaThread "Unconstrained build operations Thread 4" [_thread_blocked, id=4048, stack(0x000000f4cab00000,0x000000f4cac00000)]
  0x0000024cf10db800 JavaThread "Unconstrained build operations Thread 5" [_thread_blocked, id=8784, stack(0x000000f4cac00000,0x000000f4cad00000)]
  0x0000024cf10d8800 JavaThread "Unconstrained build operations Thread 6" [_thread_blocked, id=7228, stack(0x000000f4cad00000,0x000000f4cae00000)]
  0x0000024cf10d9000 JavaThread "Unconstrained build operations Thread 7" [_thread_blocked, id=4448, stack(0x000000f4cae00000,0x000000f4caf00000)]
  0x0000024cf10df000 JavaThread "Unconstrained build operations Thread 8" [_thread_blocked, id=7880, stack(0x000000f4caf00000,0x000000f4cb000000)]
  0x0000024cf10e0000 JavaThread "Unconstrained build operations Thread 9" [_thread_blocked, id=8276, stack(0x000000f4cb000000,0x000000f4cb100000)]
  0x0000024cf10db000 JavaThread "Unconstrained build operations Thread 10" [_thread_blocked, id=8664, stack(0x000000f4cb100000,0x000000f4cb200000)]
  0x0000024cf10dc800 JavaThread "Unconstrained build operations Thread 11" [_thread_blocked, id=2460, stack(0x000000f4cb200000,0x000000f4cb300000)]
  0x0000024cf1c0e000 JavaThread "Unconstrained build operations Thread 12" [_thread_blocked, id=6976, stack(0x000000f4cb300000,0x000000f4cb400000)]
  0x0000024cf1c0f000 JavaThread "Unconstrained build operations Thread 13" [_thread_blocked, id=1076, stack(0x000000f4cb400000,0x000000f4cb500000)]
  0x0000024cf1c10800 JavaThread "Unconstrained build operations Thread 14" [_thread_blocked, id=2784, stack(0x000000f4cb500000,0x000000f4cb600000)]
  0x0000024cf1c11000 JavaThread "Unconstrained build operations Thread 15" [_thread_blocked, id=8896, stack(0x000000f4cb600000,0x000000f4cb700000)]
  0x0000024cf1c12000 JavaThread "Unconstrained build operations Thread 16" [_thread_blocked, id=4256, stack(0x000000f4cb700000,0x000000f4cb800000)]
  0x0000024cf1c13000 JavaThread "Unconstrained build operations Thread 17" [_thread_blocked, id=4532, stack(0x000000f4cb800000,0x000000f4cb900000)]
  0x0000024cf1c0f800 JavaThread "Unconstrained build operations Thread 18" [_thread_blocked, id=1168, stack(0x000000f4cb900000,0x000000f4cba00000)]
  0x0000024cf1c0d000 JavaThread "Unconstrained build operations Thread 19" [_thread_blocked, id=5960, stack(0x000000f4cba00000,0x000000f4cbb00000)]
  0x0000024cf1c17800 JavaThread "Unconstrained build operations Thread 20" [_thread_blocked, id=3348, stack(0x000000f4cbb00000,0x000000f4cbc00000)]
  0x0000024cf1c18800 JavaThread "Unconstrained build operations Thread 21" [_thread_blocked, id=8844, stack(0x000000f4cbc00000,0x000000f4cbd00000)]
  0x0000024cf1c14800 JavaThread "Unconstrained build operations Thread 22" [_thread_blocked, id=1524, stack(0x000000f4cbd00000,0x000000f4cbe00000)]
  0x0000024cf1c13800 JavaThread "Unconstrained build operations Thread 23" [_thread_blocked, id=3192, stack(0x000000f4cbe00000,0x000000f4cbf00000)]
  0x0000024cf1c19800 JavaThread "Unconstrained build operations Thread 24" [_thread_blocked, id=7652, stack(0x000000f4cbf00000,0x000000f4cc000000)]
  0x0000024cf1c1b000 JavaThread "Unconstrained build operations Thread 25" [_thread_blocked, id=7944, stack(0x000000f4cc000000,0x000000f4cc100000)]
  0x0000024cf1c1a000 JavaThread "Unconstrained build operations Thread 26" [_thread_blocked, id=4908, stack(0x000000f4cc100000,0x000000f4cc200000)]
  0x0000024cf1c15800 JavaThread "Unconstrained build operations Thread 27" [_thread_blocked, id=4228, stack(0x000000f4cc200000,0x000000f4cc300000)]
  0x0000024cf1c1c000 JavaThread "Unconstrained build operations Thread 28" [_thread_blocked, id=2108, stack(0x000000f4cc300000,0x000000f4cc400000)]
  0x0000024cf1c17000 JavaThread "Unconstrained build operations Thread 29" [_thread_blocked, id=8776, stack(0x000000f4cc500000,0x000000f4cc600000)]
  0x0000024cf1c16000 JavaThread "Unconstrained build operations Thread 30" [_thread_blocked, id=5096, stack(0x000000f4cc600000,0x000000f4cc700000)]
  0x0000024cf138a800 JavaThread "Unconstrained build operations Thread 31" [_thread_blocked, id=6792, stack(0x000000f4cc700000,0x000000f4cc800000)]
  0x0000024cf1389800 JavaThread "Unconstrained build operations Thread 32" [_thread_blocked, id=8120, stack(0x000000f4cc800000,0x000000f4cc900000)]
  0x0000024cf138e800 JavaThread "Unconstrained build operations Thread 33" [_thread_blocked, id=4320, stack(0x000000f4cc900000,0x000000f4cca00000)]
  0x0000024cf138d000 JavaThread "Unconstrained build operations Thread 34" [_thread_blocked, id=9140, stack(0x000000f4cca00000,0x000000f4ccb00000)]
  0x0000024cf138c000 JavaThread "Unconstrained build operations Thread 35" [_thread_blocked, id=4640, stack(0x000000f4ccb00000,0x000000f4ccc00000)]
  0x0000024cf138b000 JavaThread "Unconstrained build operations Thread 36" [_thread_blocked, id=8368, stack(0x000000f4ccc00000,0x000000f4ccd00000)]
  0x0000024cf138d800 JavaThread "Unconstrained build operations Thread 37" [_thread_blocked, id=1484, stack(0x000000f4ccd00000,0x000000f4cce00000)]
  0x0000024cf1388800 JavaThread "Unconstrained build operations Thread 38" [_thread_blocked, id=5284, stack(0x000000f4cce00000,0x000000f4ccf00000)]
  0x0000024cf1390000 JavaThread "Unconstrained build operations Thread 39" [_thread_blocked, id=3860, stack(0x000000f4ccf00000,0x000000f4cd000000)]
  0x0000024cf1394000 JavaThread "Unconstrained build operations Thread 40" [_thread_blocked, id=1152, stack(0x000000f4cd000000,0x000000f4cd100000)]
  0x0000024cf1391000 JavaThread "jar transforms Thread 4" [_thread_blocked, id=3432, stack(0x000000f4cd100000,0x000000f4cd200000)]
  0x0000024cf1395000 JavaThread "Memory manager" [_thread_blocked, id=7804, stack(0x000000f4cd900000,0x000000f4cda00000)]
  0x0000024cf1391800 JavaThread "build event listener" [_thread_blocked, id=6896, stack(0x000000f4ce000000,0x000000f4ce100000)]
  0x0000024cf1392800 JavaThread "Execution worker for ':'" [_thread_blocked, id=3868, stack(0x000000f4ce100000,0x000000f4ce200000)]
  0x0000024cf1393800 JavaThread "Execution worker for ':' Thread 2" [_thread_blocked, id=2800, stack(0x000000f4ce200000,0x000000f4ce300000)]
  0x0000024cf1396800 JavaThread "Execution worker for ':' Thread 3" [_thread_blocked, id=9080, stack(0x000000f4ce300000,0x000000f4ce400000)]
  0x0000024cf1397800 JavaThread "Cache worker for execution history cache (D:\Alondra\RecyclerView\.gradle\7.2\executionHistory)" [_thread_blocked, id=9088, stack(0x000000f4ce400000,0x000000f4ce500000)]
  0x0000024cf37ef800 JavaThread "WorkerExecutor Queue" [_thread_blocked, id=1848, stack(0x000000f4ce900000,0x000000f4cea00000)]
  0x0000024cf37ee800 JavaThread "WorkerExecutor Queue Thread 2" [_thread_blocked, id=9068, stack(0x000000f4ced00000,0x000000f4cee00000)]
  0x0000024cf37f0000 JavaThread "WorkerExecutor Queue Thread 3" [_thread_blocked, id=2404, stack(0x000000f4cef00000,0x000000f4cf000000)]
  0x0000024cf37ed000 JavaThread "WorkerExecutor Queue Thread 4" [_thread_blocked, id=8180, stack(0x000000f4cf000000,0x000000f4cf100000)]
  0x0000024cf37ec000 JavaThread "pool-3-thread-1" [_thread_blocked, id=992, stack(0x000000f4cff00000,0x000000f4d0000000)]
  0x0000024cf37f2800 JavaThread "stderr" [_thread_in_native, id=4972, stack(0x000000f4d0000000,0x000000f4d0100000)]
  0x0000024cf37f3800 JavaThread "stdout" [_thread_in_native, id=4316, stack(0x000000f4d0100000,0x000000f4d0200000)]

Other Threads:
=>0x0000024cec899800 VMThread "VM Thread" [stack: 0x000000f4c8200000,0x000000f4c8300000] [id=6516]
  0x0000024ced3b6000 WatcherThread [stack: 0x000000f4c8c00000,0x000000f4c8d00000] [id=3028]
  0x0000024cd0e44800 GCTaskThread "GC Thread#0" [stack: 0x000000f4c7d00000,0x000000f4c7e00000] [id=8196]
  0x0000024cede08000 GCTaskThread "GC Thread#1" [stack: 0x000000f4c8d00000,0x000000f4c8e00000] [id=4604]
  0x0000024ced63f800 GCTaskThread "GC Thread#2" [stack: 0x000000f4c9800000,0x000000f4c9900000] [id=9028]
  0x0000024ced632800 GCTaskThread "GC Thread#3" [stack: 0x000000f4c9900000,0x000000f4c9a00000] [id=960]
  0x0000024cd0e78000 ConcurrentGCThread "G1 Main Marker" [stack: 0x000000f4c7e00000,0x000000f4c7f00000] [id=5560]
  0x0000024cd0e79800 ConcurrentGCThread "G1 Conc#0" [stack: 0x000000f4c7f00000,0x000000f4c8000000] [id=8052]
  0x0000024cd0ed6800 ConcurrentGCThread "G1 Refine#0" [stack: 0x000000f4c8000000,0x000000f4c8100000] [id=5400]
  0x0000024cd0ed7800 ConcurrentGCThread "G1 Young RemSet Sampling" [stack: 0x000000f4c8100000,0x000000f4c8200000] [id=5824]

Threads with active compile tasks:
C2 CompilerThread0 192335 18109       4       com.android.tools.r8.internal.PE0::a (1151 bytes)

VM state:at safepoint (normal execution)

VM Mutex/Monitor currently owned by a thread:  ([mutex/lock_event])
[0x0000024cd0e0a610] Threads_lock - owner thread: 0x0000024cec899800
[0x0000024cd0e0a2b0] Heap_lock - owner thread: 0x0000024cf1c14800

Heap address: 0x0000000080000000, size: 2048 MB, Compressed Oops mode: 32-bit
Narrow klass base: 0x0000000000000000, Narrow klass shift: 3
Compressed class space size: 1073741824 Address: 0x0000000100000000

Heap:
 garbage-first heap   total 231424K, used 139485K [0x0000000080000000, 0x0000000100000000)
  region size 1024K, 2 young (2048K), 2 survivors (2048K)
 Metaspace       used 115231K, capacity 117846K, committed 118012K, reserved 1153024K
  class space    used 14442K, capacity 15442K, committed 15488K, reserved 1048576K
Heap Regions: E=young(eden), S=young(survivor), O=old, HS=humongous(starts), HC=humongous(continues), CS=collection set, F=free, A=archive, TAMS=top-at-mark-start (previous, next)
|   0|0x0000000080000000, 0x0000000080100000, 0x0000000080100000|100%| O|  |TAMS 0x0000000080100000, 0x0000000080000000| Untracked 
|   1|0x0000000080100000, 0x0000000080200000, 0x0000000080200000|100%| O|  |TAMS 0x0000000080200000, 0x0000000080100000| Untracked 
|   2|0x0000000080200000, 0x0000000080300000, 0x0000000080300000|100%| O|  |TAMS 0x0000000080300000, 0x0000000080200000| Untracked 
|   3|0x0000000080300000, 0x0000000080400000, 0x0000000080400000|100%|HS|  |TAMS 0x0000000080400000, 0x0000000080300000| Complete 
|   4|0x0000000080400000, 0x0000000080500000, 0x0000000080500000|100%|HC|  |TAMS 0x0000000080500000, 0x0000000080400000| Complete 
|   5|0x0000000080500000, 0x0000000080600000, 0x0000000080600000|100%|HC|  |TAMS 0x0000000080600000, 0x0000000080500000| Complete 
|   6|0x0000000080600000, 0x0000000080700000, 0x0000000080700000|100%| O|  |TAMS 0x0000000080700000, 0x0000000080600000| Untracked 
|   7|0x0000000080700000, 0x0000000080800000, 0x0000000080800000|100%| O|  |TAMS 0x0000000080800000, 0x0000000080700000| Untracked 
|   8|0x0000000080800000, 0x0000000080900000, 0x0000000080900000|100%| O|  |TAMS 0x0000000080900000, 0x0000000080800000| Untracked 
|   9|0x0000000080900000, 0x0000000080a00000, 0x0000000080a00000|100%| O|  |TAMS 0x0000000080a00000, 0x0000000080900000| Untracked 
|  10|0x0000000080a00000, 0x0000000080b00000, 0x0000000080b00000|100%| O|  |TAMS 0x0000000080b00000, 0x0000000080a00000| Untracked 
|  11|0x0000000080b00000, 0x0000000080c00000, 0x0000000080c00000|100%| O|  |TAMS 0x0000000080c00000, 0x0000000080b00000| Untracked 
|  12|0x0000000080c00000, 0x0000000080d00000, 0x0000000080d00000|100%| O|  |TAMS 0x0000000080d00000, 0x0000000080c00000| Untracked 
|  13|0x0000000080d00000, 0x0000000080e00000, 0x0000000080e00000|100%| O|  |TAMS 0x0000000080e00000, 0x0000000080d00000| Untracked 
|  14|0x0000000080e00000, 0x0000000080f00000, 0x0000000080f00000|100%| O|  |TAMS 0x0000000080f00000, 0x0000000080e00000| Untracked 
|  15|0x0000000080f00000, 0x0000000081000000, 0x0000000081000000|100%| O|  |TAMS 0x0000000081000000, 0x0000000080f00000| Untracked 
|  16|0x0000000081000000, 0x0000000081100000, 0x0000000081100000|100%| O|  |TAMS 0x0000000081100000, 0x0000000081000000| Untracked 
|  17|0x0000000081100000, 0x0000000081200000, 0x0000000081200000|100%| O|  |TAMS 0x0000000081200000, 0x0000000081100000| Untracked 
|  18|0x0000000081200000, 0x0000000081300000, 0x0000000081300000|100%| O|  |TAMS 0x0000000081300000, 0x0000000081200000| Untracked 
|  19|0x0000000081300000, 0x0000000081400000, 0x0000000081400000|100%| O|  |TAMS 0x0000000081400000, 0x0000000081300000| Untracked 
|  20|0x0000000081400000, 0x0000000081500000, 0x0000000081500000|100%| O|  |TAMS 0x0000000081500000, 0x0000000081400000| Untracked 
|  21|0x0000000081500000, 0x0000000081600000, 0x0000000081600000|100%| O|  |TAMS 0x0000000081600000, 0x0000000081500000| Untracked 
|  22|0x0000000081600000, 0x0000000081700000, 0x0000000081700000|100%| O|  |TAMS 0x0000000081700000, 0x0000000081600000| Untracked 
|  23|0x0000000081700000, 0x0000000081800000, 0x0000000081800000|100%| O|  |TAMS 0x0000000081800000, 0x0000000081700000| Untracked 
|  24|0x0000000081800000, 0x0000000081900000, 0x0000000081900000|100%| O|  |TAMS 0x0000000081900000, 0x0000000081800000| Untracked 
|  25|0x0000000081900000, 0x0000000081a00000, 0x0000000081a00000|100%| O|  |TAMS 0x0000000081a00000, 0x0000000081900000| Untracked 
|  26|0x0000000081a00000, 0x0000000081b00000, 0x0000000081b00000|100%| O|  |TAMS 0x0000000081b00000, 0x0000000081a00000| Untracked 
|  27|0x0000000081b00000, 0x0000000081c00000, 0x0000000081c00000|100%| O|  |TAMS 0x0000000081c00000, 0x0000000081b00000| Untracked 
|  28|0x0000000081c00000, 0x0000000081d00000, 0x0000000081d00000|100%| O|  |TAMS 0x0000000081d00000, 0x0000000081c00000| Untracked 
|  29|0x0000000081d00000, 0x0000000081e00000, 0x0000000081e00000|100%| O|  |TAMS 0x0000000081e00000, 0x0000000081d00000| Untracked 
|  30|0x0000000081e00000, 0x0000000081f00000, 0x0000000081f00000|100%| O|  |TAMS 0x0000000081f00000, 0x0000000081e00000| Untracked 
|  31|0x0000000081f00000, 0x0000000082000000, 0x0000000082000000|100%|HS|  |TAMS 0x0000000082000000, 0x0000000081f00000| Complete 
|  32|0x0000000082000000, 0x0000000082100000, 0x0000000082100000|100%| O|  |TAMS 0x0000000082100000, 0x0000000082000000| Untracked 
|  33|0x0000000082100000, 0x0000000082200000, 0x0000000082200000|100%| O|  |TAMS 0x0000000082200000, 0x0000000082100000| Untracked 
|  34|0x0000000082200000, 0x0000000082300000, 0x0000000082300000|100%|HS|  |TAMS 0x0000000082300000, 0x0000000082200000| Complete 
|  35|0x0000000082300000, 0x0000000082400000, 0x0000000082400000|100%|HS|  |TAMS 0x0000000082400000, 0x0000000082300000| Complete 
|  36|0x0000000082400000, 0x0000000082500000, 0x0000000082500000|100%|HS|  |TAMS 0x0000000082500000, 0x0000000082400000| Complete 
|  37|0x0000000082500000, 0x0000000082600000, 0x0000000082600000|100%| O|  |TAMS 0x0000000082600000, 0x0000000082500000| Untracked 
|  38|0x0000000082600000, 0x0000000082700000, 0x0000000082700000|100%|HS|  |TAMS 0x0000000082700000, 0x0000000082600000| Complete 
|  39|0x0000000082700000, 0x0000000082800000, 0x0000000082800000|100%|HC|  |TAMS 0x0000000082800000, 0x0000000082700000| Complete 
|  40|0x0000000082800000, 0x0000000082900000, 0x0000000082900000|100%|HC|  |TAMS 0x0000000082900000, 0x0000000082800000| Complete 
|  41|0x0000000082900000, 0x0000000082a00000, 0x0000000082a00000|100%| O|  |TAMS 0x0000000082a00000, 0x0000000082900000| Untracked 
|  42|0x0000000082a00000, 0x0000000082b00000, 0x0000000082b00000|100%| O|  |TAMS 0x0000000082b00000, 0x0000000082a00000| Untracked 
|  43|0x0000000082b00000, 0x0000000082c00000, 0x0000000082c00000|100%|HS|  |TAMS 0x0000000082c00000, 0x0000000082b00000| Complete 
|  44|0x0000000082c00000, 0x0000000082d00000, 0x0000000082d00000|100%|HC|  |TAMS 0x0000000082d00000, 0x0000000082c00000| Complete 
|  45|0x0000000082d00000, 0x0000000082e00000, 0x0000000082e00000|100%| O|  |TAMS 0x0000000082e00000, 0x0000000082d00000| Untracked 
|  46|0x0000000082e00000, 0x0000000082f00000, 0x0000000082f00000|100%| O|  |TAMS 0x0000000082f00000, 0x0000000082e00000| Untracked 
|  47|0x0000000082f00000, 0x0000000083000000, 0x0000000083000000|100%| O|  |TAMS 0x0000000083000000, 0x0000000082f00000| Untracked 
|  48|0x0000000083000000, 0x0000000083100000, 0x0000000083100000|100%| O|  |TAMS 0x0000000083100000, 0x0000000083000000| Untracked 
|  49|0x0000000083100000, 0x0000000083200000, 0x0000000083200000|100%| O|  |TAMS 0x0000000083200000, 0x0000000083100000| Untracked 
|  50|0x0000000083200000, 0x0000000083300000, 0x0000000083300000|100%| O|  |TAMS 0x0000000083300000, 0x0000000083200000| Untracked 
|  51|0x0000000083300000, 0x0000000083400000, 0x0000000083400000|100%| O|  |TAMS 0x0000000083400000, 0x0000000083300000| Untracked 
|  52|0x0000000083400000, 0x0000000083500000, 0x0000000083500000|100%| O|  |TAMS 0x0000000083500000, 0x0000000083400000| Untracked 
|  53|0x0000000083500000, 0x0000000083600000, 0x0000000083600000|100%| O|  |TAMS 0x0000000083600000, 0x0000000083500000| Untracked 
|  54|0x0000000083600000, 0x0000000083700000, 0x0000000083700000|100%| O|  |TAMS 0x0000000083700000, 0x0000000083600000| Untracked 
|  55|0x0000000083700000, 0x0000000083800000, 0x0000000083800000|100%| O|  |TAMS 0x0000000083800000, 0x0000000083700000| Untracked 
|  56|0x0000000083800000, 0x0000000083900000, 0x0000000083900000|100%| O|  |TAMS 0x0000000083900000, 0x0000000083800000| Untracked 
|  57|0x0000000083900000, 0x0000000083a00000, 0x0000000083a00000|100%| O|  |TAMS 0x0000000083a00000, 0x0000000083900000| Untracked 
|  58|0x0000000083a00000, 0x0000000083b00000, 0x0000000083b00000|100%| O|  |TAMS 0x0000000083b00000, 0x0000000083a00000| Untracked 
|  59|0x0000000083b00000, 0x0000000083c00000, 0x0000000083c00000|100%| O|  |TAMS 0x0000000083c00000, 0x0000000083b00000| Untracked 
|  60|0x0000000083c00000, 0x0000000083d00000, 0x0000000083d00000|100%| O|  |TAMS 0x0000000083d00000, 0x0000000083c00000| Untracked 
|  61|0x0000000083d00000, 0x0000000083e00000, 0x0000000083e00000|100%| O|  |TAMS 0x0000000083e00000, 0x0000000083d00000| Untracked 
|  62|0x0000000083e00000, 0x0000000083f00000, 0x0000000083f00000|100%| O|  |TAMS 0x0000000083f00000, 0x0000000083e00000| Untracked 
|  63|0x0000000083f00000, 0x0000000084000000, 0x0000000084000000|100%| O|  |TAMS 0x0000000084000000, 0x0000000083f00000| Untracked 
|  64|0x0000000084000000, 0x0000000084100000, 0x0000000084100000|100%| O|  |TAMS 0x0000000084100000, 0x0000000084000000| Untracked 
|  65|0x0000000084100000, 0x0000000084200000, 0x0000000084200000|100%| O|  |TAMS 0x0000000084200000, 0x0000000084100000| Untracked 
|  66|0x0000000084200000, 0x0000000084300000, 0x0000000084300000|100%| O|  |TAMS 0x0000000084300000, 0x0000000084200000| Untracked 
|  67|0x0000000084300000, 0x0000000084400000, 0x0000000084400000|100%| O|  |TAMS 0x0000000084400000, 0x0000000084300000| Untracked 
|  68|0x0000000084400000, 0x0000000084500000, 0x0000000084500000|100%| O|  |TAMS 0x0000000084500000, 0x0000000084400000| Untracked 
|  69|0x0000000084500000, 0x0000000084600000, 0x0000000084600000|100%| O|  |TAMS 0x0000000084600000, 0x0000000084500000| Untracked 
|  70|0x0000000084600000, 0x0000000084700000, 0x0000000084700000|100%| O|  |TAMS 0x0000000084700000, 0x0000000084600000| Untracked 
|  71|0x0000000084700000, 0x0000000084800000, 0x0000000084800000|100%| O|  |TAMS 0x0000000084800000, 0x0000000084700000| Untracked 
|  72|0x0000000084800000, 0x0000000084900000, 0x0000000084900000|100%| O|  |TAMS 0x0000000084900000, 0x0000000084800000| Untracked 
|  73|0x0000000084900000, 0x0000000084a00000, 0x0000000084a00000|100%| O|  |TAMS 0x0000000084a00000, 0x0000000084900000| Untracked 
|  74|0x0000000084a00000, 0x0000000084b00000, 0x0000000084b00000|100%| O|  |TAMS 0x0000000084b00000, 0x0000000084a00000| Untracked 
|  75|0x0000000084b00000, 0x0000000084c00000, 0x0000000084c00000|100%| O|  |TAMS 0x0000000084c00000, 0x0000000084b00000| Untracked 
|  76|0x0000000084c00000, 0x0000000084d00000, 0x0000000084d00000|100%| O|  |TAMS 0x0000000084d00000, 0x0000000084c00000| Untracked 
|  77|0x0000000084d00000, 0x0000000084e00000, 0x0000000084e00000|100%| O|  |TAMS 0x0000000084e00000, 0x0000000084d00000| Untracked 
|  78|0x0000000084e00000, 0x0000000084f00000, 0x0000000084f00000|100%| O|  |TAMS 0x0000000084f00000, 0x0000000084e00000| Untracked 
|  79|0x0000000084f00000, 0x0000000085000000, 0x0000000085000000|100%| O|  |TAMS 0x0000000085000000, 0x0000000084f00000| Untracked 
|  80|0x0000000085000000, 0x0000000085100000, 0x0000000085100000|100%| O|  |TAMS 0x0000000085033000, 0x0000000085000000| Untracked 
|  81|0x0000000085100000, 0x0000000085200000, 0x0000000085200000|100%| O|  |TAMS 0x0000000085200000, 0x0000000085100000| Untracked 
|  82|0x0000000085200000, 0x0000000085300000, 0x0000000085300000|100%| O|  |TAMS 0x0000000085300000, 0x0000000085200000| Untracked 
|  83|0x0000000085300000, 0x0000000085400000, 0x0000000085400000|100%|HS|  |TAMS 0x0000000085400000, 0x0000000085300000| Complete 
|  84|0x0000000085400000, 0x0000000085500000, 0x0000000085500000|100%| O|  |TAMS 0x0000000085500000, 0x0000000085400000| Untracked 
|  85|0x0000000085500000, 0x0000000085600000, 0x0000000085600000|100%| O|  |TAMS 0x0000000085600000, 0x0000000085500000| Untracked 
|  86|0x0000000085600000, 0x0000000085700000, 0x0000000085700000|100%| O|  |TAMS 0x0000000085700000, 0x0000000085600000| Untracked 
|  87|0x0000000085700000, 0x0000000085800000, 0x0000000085800000|100%| O|  |TAMS 0x0000000085800000, 0x0000000085700000| Untracked 
|  88|0x0000000085800000, 0x0000000085900000, 0x0000000085900000|100%| O|  |TAMS 0x0000000085900000, 0x0000000085800000| Untracked 
|  89|0x0000000085900000, 0x0000000085a00000, 0x0000000085a00000|100%| O|  |TAMS 0x0000000085a00000, 0x0000000085900000| Untracked 
|  90|0x0000000085a00000, 0x0000000085b00000, 0x0000000085b00000|100%| O|  |TAMS 0x0000000085b00000, 0x0000000085a00000| Untracked 
|  91|0x0000000085b00000, 0x0000000085c00000, 0x0000000085c00000|100%| O|  |TAMS 0x0000000085c00000, 0x0000000085b00000| Untracked 
|  92|0x0000000085c00000, 0x0000000085d00000, 0x0000000085d00000|100%| O|  |TAMS 0x0000000085d00000, 0x0000000085c00000| Untracked 
|  93|0x0000000085d00000, 0x0000000085e00000, 0x0000000085e00000|100%| O|  |TAMS 0x0000000085e00000, 0x0000000085d00000| Untracked 
|  94|0x0000000085e00000, 0x0000000085f00000, 0x0000000085f00000|100%| O|  |TAMS 0x0000000085f00000, 0x0000000085e00000| Untracked 
|  95|0x0000000085f00000, 0x0000000086000000, 0x0000000086000000|100%| O|  |TAMS 0x0000000086000000, 0x0000000085f00000| Untracked 
|  96|0x0000000086000000, 0x0000000086100000, 0x0000000086100000|100%| O|  |TAMS 0x0000000086100000, 0x0000000086000000| Untracked 
|  97|0x0000000086100000, 0x0000000086200000, 0x0000000086200000|100%| O|  |TAMS 0x0000000086200000, 0x0000000086100000| Untracked 
|  98|0x0000000086200000, 0x0000000086300000, 0x0000000086300000|100%| O|  |TAMS 0x0000000086300000, 0x0000000086200000| Untracked 
|  99|0x0000000086300000, 0x0000000086400000, 0x0000000086400000|100%| O|  |TAMS 0x0000000086300000, 0x0000000086300000| Untracked 
| 100|0x0000000086400000, 0x0000000086500000, 0x0000000086500000|100%| O|  |TAMS 0x0000000086500000, 0x0000000086400000| Untracked 
| 101|0x0000000086500000, 0x0000000086600000, 0x0000000086600000|100%| O|  |TAMS 0x0000000086500000, 0x0000000086500000| Untracked 
| 102|0x0000000086600000, 0x0000000086700000, 0x0000000086700000|100%| O|  |TAMS 0x0000000086600000, 0x0000000086600000| Untracked 
| 103|0x0000000086700000, 0x0000000086800000, 0x0000000086800000|100%| O|  |TAMS 0x0000000086800000, 0x0000000086700000| Untracked 
| 104|0x0000000086800000, 0x0000000086900000, 0x0000000086900000|100%| O|  |TAMS 0x0000000086800000, 0x0000000086800000| Untracked 
| 105|0x0000000086900000, 0x0000000086a00000, 0x0000000086a00000|100%| O|  |TAMS 0x0000000086900000, 0x0000000086900000| Untracked 
| 106|0x0000000086a00000, 0x0000000086b00000, 0x0000000086b00000|100%| O|  |TAMS 0x0000000086a00000, 0x0000000086a00000| Untracked 
| 107|0x0000000086b00000, 0x0000000086c00000, 0x0000000086c00000|100%| O|  |TAMS 0x0000000086b00000, 0x0000000086b00000| Untracked 
| 108|0x0000000086c00000, 0x0000000086d00000, 0x0000000086d00000|100%| O|  |TAMS 0x0000000086c00000, 0x0000000086c00000| Untracked 
| 109|0x0000000086d00000, 0x0000000086e00000, 0x0000000086e00000|100%| O|  |TAMS 0x0000000086d00000, 0x0000000086d00000| Untracked 
| 110|0x0000000086e00000, 0x0000000086f00000, 0x0000000086f00000|100%| O|  |TAMS 0x0000000086e00000, 0x0000000086e00000| Untracked 
| 111|0x0000000086f00000, 0x0000000087000000, 0x0000000087000000|100%| O|  |TAMS 0x0000000086f00000, 0x0000000086f00000| Untracked 
| 112|0x0000000087000000, 0x0000000087100000, 0x0000000087100000|100%| O|  |TAMS 0x0000000087000000, 0x0000000087000000| Untracked 
| 113|0x0000000087100000, 0x0000000087200000, 0x0000000087200000|100%| O|  |TAMS 0x0000000087100000, 0x0000000087100000| Untracked 
| 114|0x0000000087200000, 0x0000000087300000, 0x0000000087300000|100%| O|  |TAMS 0x0000000087200000, 0x0000000087200000| Untracked 
| 115|0x0000000087300000, 0x0000000087400000, 0x0000000087400000|100%| O|  |TAMS 0x0000000087300000, 0x0000000087300000| Untracked 
| 116|0x0000000087400000, 0x0000000087500000, 0x0000000087500000|100%| O|  |TAMS 0x0000000087400000, 0x0000000087400000| Untracked 
| 117|0x0000000087500000, 0x0000000087600000, 0x0000000087600000|100%| O|  |TAMS 0x0000000087500000, 0x0000000087500000| Untracked 
| 118|0x0000000087600000, 0x0000000087700000, 0x0000000087700000|100%| O|  |TAMS 0x0000000087600000, 0x0000000087600000| Untracked 
| 119|0x0000000087700000, 0x0000000087800000, 0x0000000087800000|100%| O|  |TAMS 0x0000000087700000, 0x0000000087700000| Untracked 
| 120|0x0000000087800000, 0x0000000087900000, 0x0000000087900000|100%| O|  |TAMS 0x0000000087800000, 0x0000000087800000| Untracked 
| 121|0x0000000087900000, 0x0000000087a00000, 0x0000000087a00000|100%| O|  |TAMS 0x0000000087900000, 0x0000000087900000| Untracked 
| 122|0x0000000087a00000, 0x0000000087b00000, 0x0000000087b00000|100%| O|  |TAMS 0x0000000087a00000, 0x0000000087a00000| Untracked 
| 123|0x0000000087b00000, 0x0000000087c00000, 0x0000000087c00000|100%| O|  |TAMS 0x0000000087b00000, 0x0000000087b00000| Untracked 
| 124|0x0000000087c00000, 0x0000000087d00000, 0x0000000087d00000|100%| O|  |TAMS 0x0000000087c00000, 0x0000000087c00000| Untracked 
| 125|0x0000000087d00000, 0x0000000087e00000, 0x0000000087e00000|100%| O|  |TAMS 0x0000000087d00000, 0x0000000087d00000| Untracked 
| 126|0x0000000087e00000, 0x0000000087f00000, 0x0000000087f00000|100%| O|  |TAMS 0x0000000087e00000, 0x0000000087e00000| Untracked 
| 127|0x0000000087f00000, 0x0000000088000000, 0x0000000088000000|100%| O|  |TAMS 0x0000000087f00000, 0x0000000087f00000| Untracked 
| 128|0x0000000088000000, 0x0000000088100000, 0x0000000088100000|100%| O|  |TAMS 0x0000000088000000, 0x0000000088000000| Untracked 
| 129|0x0000000088100000, 0x0000000088200000, 0x0000000088200000|100%| O|  |TAMS 0x0000000088100000, 0x0000000088100000| Untracked 
| 130|0x0000000088200000, 0x0000000088300000, 0x0000000088300000|100%| O|  |TAMS 0x0000000088200000, 0x0000000088200000| Untracked 
| 131|0x0000000088300000, 0x0000000088400000, 0x0000000088400000|100%| O|  |TAMS 0x0000000088300000, 0x0000000088300000| Untracked 
| 132|0x0000000088400000, 0x0000000088500000, 0x0000000088500000|100%| O|  |TAMS 0x0000000088400000, 0x0000000088400000| Untracked 
| 133|0x0000000088500000, 0x0000000088600000, 0x0000000088600000|100%| O|  |TAMS 0x0000000088500000, 0x0000000088500000| Untracked 
| 134|0x0000000088600000, 0x0000000088637600, 0x0000000088700000| 21%| O|  |TAMS 0x0000000088600000, 0x0000000088600000| Untracked 
| 135|0x0000000088700000, 0x0000000088700000, 0x0000000088800000|  0%| F|  |TAMS 0x0000000088700000, 0x0000000088700000| Untracked 
| 136|0x0000000088800000, 0x0000000088800000, 0x0000000088900000|  0%| F|  |TAMS 0x0000000088800000, 0x0000000088800000| Untracked 
| 137|0x0000000088900000, 0x0000000088900000, 0x0000000088a00000|  0%| F|  |TAMS 0x0000000088900000, 0x0000000088900000| Untracked 
| 138|0x0000000088a00000, 0x0000000088a00000, 0x0000000088b00000|  0%| F|  |TAMS 0x0000000088a00000, 0x0000000088a00000| Untracked 
| 139|0x0000000088b00000, 0x0000000088b00000, 0x0000000088c00000|  0%| F|  |TAMS 0x0000000088b00000, 0x0000000088b00000| Untracked 
| 140|0x0000000088c00000, 0x0000000088c00000, 0x0000000088d00000|  0%| F|  |TAMS 0x0000000088c00000, 0x0000000088c00000| Untracked 
| 141|0x0000000088d00000, 0x0000000088d00000, 0x0000000088e00000|  0%| F|  |TAMS 0x0000000088d00000, 0x0000000088d00000| Untracked 
| 142|0x0000000088e00000, 0x0000000088e00000, 0x0000000088f00000|  0%| F|  |TAMS 0x0000000088e00000, 0x0000000088e00000| Untracked 
| 143|0x0000000088f00000, 0x0000000088f00000, 0x0000000089000000|  0%| F|  |TAMS 0x0000000088f00000, 0x0000000088f00000| Untracked 
| 144|0x0000000089000000, 0x0000000089000000, 0x0000000089100000|  0%| F|  |TAMS 0x0000000089000000, 0x0000000089000000| Untracked 
| 145|0x0000000089100000, 0x0000000089100000, 0x0000000089200000|  0%| F|  |TAMS 0x0000000089100000, 0x0000000089100000| Untracked 
| 146|0x0000000089200000, 0x0000000089200000, 0x0000000089300000|  0%| F|  |TAMS 0x0000000089200000, 0x0000000089200000| Untracked 
| 147|0x0000000089300000, 0x0000000089300000, 0x0000000089400000|  0%| F|  |TAMS 0x0000000089300000, 0x0000000089300000| Untracked 
| 148|0x0000000089400000, 0x0000000089400000, 0x0000000089500000|  0%| F|  |TAMS 0x0000000089400000, 0x0000000089400000| Untracked 
| 149|0x0000000089500000, 0x0000000089500000, 0x0000000089600000|  0%| F|  |TAMS 0x0000000089500000, 0x0000000089500000| Untracked 
| 150|0x0000000089600000, 0x0000000089600000, 0x0000000089700000|  0%| F|  |TAMS 0x0000000089600000, 0x0000000089600000| Untracked 
| 151|0x0000000089700000, 0x0000000089700000, 0x0000000089800000|  0%| F|  |TAMS 0x0000000089700000, 0x0000000089700000| Untracked 
| 152|0x0000000089800000, 0x0000000089800000, 0x0000000089900000|  0%| F|  |TAMS 0x0000000089800000, 0x0000000089800000| Untracked 
| 153|0x0000000089900000, 0x0000000089900000, 0x0000000089a00000|  0%| F|  |TAMS 0x0000000089900000, 0x0000000089900000| Untracked 
| 154|0x0000000089a00000, 0x0000000089a00000, 0x0000000089b00000|  0%| F|  |TAMS 0x0000000089a00000, 0x0000000089a00000| Untracked 
| 155|0x0000000089b00000, 0x0000000089b00000, 0x0000000089c00000|  0%| F|  |TAMS 0x0000000089b00000, 0x0000000089b00000| Untracked 
| 156|0x0000000089c00000, 0x0000000089c00000, 0x0000000089d00000|  0%| F|  |TAMS 0x0000000089c00000, 0x0000000089c00000| Untracked 
| 157|0x0000000089d00000, 0x0000000089e00000, 0x0000000089e00000|100%| S|CS|TAMS 0x0000000089d00000, 0x0000000089d00000| Complete 
| 158|0x0000000089e00000, 0x0000000089f00000, 0x0000000089f00000|100%| S|CS|TAMS 0x0000000089e00000, 0x0000000089e00000| Complete 
| 159|0x0000000089f00000, 0x0000000089f00000, 0x000000008a000000|  0%| F|  |TAMS 0x0000000089f00000, 0x0000000089f00000| Untracked 
| 160|0x000000008a000000, 0x000000008a000000, 0x000000008a100000|  0%| F|  |TAMS 0x000000008a000000, 0x000000008a000000| Untracked 
| 161|0x000000008a100000, 0x000000008a100000, 0x000000008a200000|  0%| F|  |TAMS 0x000000008a100000, 0x000000008a100000| Untracked 
| 162|0x000000008a200000, 0x000000008a200000, 0x000000008a300000|  0%| F|  |TAMS 0x000000008a200000, 0x000000008a200000| Untracked 
| 163|0x000000008a300000, 0x000000008a300000, 0x000000008a400000|  0%| F|  |TAMS 0x000000008a300000, 0x000000008a300000| Untracked 
| 164|0x000000008a400000, 0x000000008a400000, 0x000000008a500000|  0%| F|  |TAMS 0x000000008a400000, 0x000000008a400000| Untracked 
| 165|0x000000008a500000, 0x000000008a500000, 0x000000008a600000|  0%| F|  |TAMS 0x000000008a500000, 0x000000008a500000| Untracked 
| 166|0x000000008a600000, 0x000000008a600000, 0x000000008a700000|  0%| F|  |TAMS 0x000000008a600000, 0x000000008a600000| Untracked 
| 167|0x000000008a700000, 0x000000008a700000, 0x000000008a800000|  0%| F|  |TAMS 0x000000008a700000, 0x000000008a700000| Untracked 
| 168|0x000000008a800000, 0x000000008a800000, 0x000000008a900000|  0%| F|  |TAMS 0x000000008a800000, 0x000000008a800000| Untracked 
| 169|0x000000008a900000, 0x000000008a900000, 0x000000008aa00000|  0%| F|  |TAMS 0x000000008a900000, 0x000000008a900000| Untracked 
| 170|0x000000008aa00000, 0x000000008aa00000, 0x000000008ab00000|  0%| F|  |TAMS 0x000000008aa00000, 0x000000008aa00000| Untracked 
| 171|0x000000008ab00000, 0x000000008ab00000, 0x000000008ac00000|  0%| F|  |TAMS 0x000000008ab00000, 0x000000008ab00000| Untracked 
| 172|0x000000008ac00000, 0x000000008ac00000, 0x000000008ad00000|  0%| F|  |TAMS 0x000000008ac00000, 0x000000008ac00000| Untracked 
| 173|0x000000008ad00000, 0x000000008ad00000, 0x000000008ae00000|  0%| F|  |TAMS 0x000000008ad00000, 0x000000008ad00000| Untracked 
| 174|0x000000008ae00000, 0x000000008ae00000, 0x000000008af00000|  0%| F|  |TAMS 0x000000008ae00000, 0x000000008ae00000| Untracked 
| 175|0x000000008af00000, 0x000000008af00000, 0x000000008b000000|  0%| F|  |TAMS 0x000000008af00000, 0x000000008af00000| Untracked 
| 176|0x000000008b000000, 0x000000008b000000, 0x000000008b100000|  0%| F|  |TAMS 0x000000008b000000, 0x000000008b000000| Untracked 
| 177|0x000000008b100000, 0x000000008b100000, 0x000000008b200000|  0%| F|  |TAMS 0x000000008b100000, 0x000000008b100000| Untracked 
| 178|0x000000008b200000, 0x000000008b200000, 0x000000008b300000|  0%| F|  |TAMS 0x000000008b200000, 0x000000008b200000| Untracked 
| 179|0x000000008b300000, 0x000000008b300000, 0x000000008b400000|  0%| F|  |TAMS 0x000000008b300000, 0x000000008b300000| Untracked 
| 180|0x000000008b400000, 0x000000008b400000, 0x000000008b500000|  0%| F|  |TAMS 0x000000008b400000, 0x000000008b400000| Untracked 
| 181|0x000000008b500000, 0x000000008b500000, 0x000000008b600000|  0%| F|  |TAMS 0x000000008b500000, 0x000000008b500000| Untracked 
| 182|0x000000008b600000, 0x000000008b600000, 0x000000008b700000|  0%| F|  |TAMS 0x000000008b600000, 0x000000008b600000| Untracked 
| 183|0x000000008b700000, 0x000000008b700000, 0x000000008b800000|  0%| F|  |TAMS 0x000000008b700000, 0x000000008b700000| Untracked 
| 184|0x000000008b800000, 0x000000008b800000, 0x000000008b900000|  0%| F|  |TAMS 0x000000008b800000, 0x000000008b800000| Untracked 
| 185|0x000000008b900000, 0x000000008b900000, 0x000000008ba00000|  0%| F|  |TAMS 0x000000008b900000, 0x000000008b900000| Untracked 
| 186|0x000000008ba00000, 0x000000008ba00000, 0x000000008bb00000|  0%| F|  |TAMS 0x000000008ba00000, 0x000000008ba00000| Untracked 
| 187|0x000000008bb00000, 0x000000008bb00000, 0x000000008bc00000|  0%| F|  |TAMS 0x000000008bb00000, 0x000000008bb00000| Untracked 

Card table byte_map: [0x0000024ce5a90000,0x0000024ce5e90000] _byte_map_base: 0x0000024ce5690000

Marking Bits (Prev, Next): (CMBitMap*) 0x0000024cd0e6f5f8, (CMBitMap*) 0x0000024cd0e6f630
 Prev Bits: [0x0000024ce6290000, 0x0000024ce8290000)
 Next Bits: [0x0000024ce8290000, 0x0000024cea290000)

Polling page: 0x0000024cd0cf0000

Metaspace:

Usage:
  Non-class:    100.00 MB capacity,    98.43 MB ( 98%) used,     1.25 MB (  1%) free+waste,   331.88 KB ( <1%) overhead. 
      Class:     15.08 MB capacity,    14.10 MB ( 94%) used,   854.09 KB (  6%) free+waste,   145.69 KB ( <1%) overhead. 
       Both:    115.08 MB capacity,   112.53 MB ( 98%) used,     2.09 MB (  2%) free+waste,   477.56 KB ( <1%) overhead. 

Virtual space:
  Non-class space:      102.00 MB reserved,     100.12 MB ( 98%) committed 
      Class space:        1.00 GB reserved,      15.13 MB (  1%) committed 
             Both:        1.10 GB reserved,     115.25 MB ( 10%) committed 

Chunk freelists:
   Non-Class:  56.00 KB
       Class:  14.00 KB
        Both:  70.00 KB

MaxMetaspaceSize: 17179869184.00 GB
CompressedClassSpaceSize: 1.00 GB

CodeHeap 'non-profiled nmethods': size=120064Kb used=11475Kb max_used=11475Kb free=108588Kb
 bounds [0x0000024cddb30000, 0x0000024cde670000, 0x0000024ce5070000]
CodeHeap 'profiled nmethods': size=120000Kb used=39938Kb max_used=39938Kb free=80061Kb
 bounds [0x0000024cd6600000, 0x0000024cd8d10000, 0x0000024cddb30000]
CodeHeap 'non-nmethods': size=5696Kb used=2326Kb max_used=2392Kb free=3369Kb
 bounds [0x0000024cd6070000, 0x0000024cd62e0000, 0x0000024cd6600000]
 total_blobs=17991 nmethods=17034 adapters=867
 compilation: enabled
              stopped_count=0, restarted_count=0
 full_count=0

Compilation events (20 events):
Event: 191.817 Thread 0x0000024ced240000 18206       2       com.android.tools.r8.code.V3::<init> (6 bytes)
Event: 191.817 Thread 0x0000024ced240000 nmethod 18206 0x0000024cd8d08710 code [0x0000024cd8d088c0, 0x0000024cd8d089c8]
Event: 191.825 Thread 0x0000024ced240000 18207       1       com.android.tools.r8.internal.Qz0::e2 (3 bytes)
Event: 191.826 Thread 0x0000024ced240000 nmethod 18207 0x0000024cde664f10 code [0x0000024cde6650c0, 0x0000024cde665178]
Event: 191.828 Thread 0x0000024ced240000 18208       1       com.android.tools.r8.internal.Qz0::Q0 (2 bytes)
Event: 191.828 Thread 0x0000024ced240000 nmethod 18208 0x0000024cde665210 code [0x0000024cde6653c0, 0x0000024cde665478]
Event: 191.832 Thread 0x0000024ced240000 18209       1       com.android.tools.r8.internal.Qz0::d2 (4 bytes)
Event: 191.833 Thread 0x0000024ced240000 nmethod 18209 0x0000024cde665510 code [0x0000024cde6656c0, 0x0000024cde665778]
Event: 191.860 Thread 0x0000024ced240000 18210       2       com.android.tools.r8.internal.SR0::f (36 bytes)
Event: 191.861 Thread 0x0000024ced240000 nmethod 18210 0x0000024cd8d08a90 code [0x0000024cd8d08c80, 0x0000024cd8d08ec8]
Event: 191.892 Thread 0x0000024ced240000 18212       2       com.android.tools.r8.internal.Es1::a (19 bytes)
Event: 191.893 Thread 0x0000024ced240000 nmethod 18212 0x0000024cd8d09010 code [0x0000024cd8d09200, 0x0000024cd8d095d8]
Event: 191.893 Thread 0x0000024ced240000 18213       2       com.android.tools.r8.internal.Es1$$Lambda$1374/0x0000000100ed0440::get$Lambda (9 bytes)
Event: 191.894 Thread 0x0000024ced240000 nmethod 18213 0x0000024cd8d09790 code [0x0000024cd8d09940, 0x0000024cd8d09ab8]
Event: 191.894 Thread 0x0000024ced240000 18214       2       com.android.tools.r8.internal.Es1$$Lambda$1374/0x0000000100ed0440::<init> (10 bytes)
Event: 191.894 Thread 0x0000024ced240000 nmethod 18214 0x0000024cd8d09b90 code [0x0000024cd8d09d40, 0x0000024cd8d09e78]
Event: 191.987 Thread 0x0000024ced240000 18215       2       java.util.HashMap$TreeNode::balanceInsertion (245 bytes)
Event: 191.989 Thread 0x0000024ced240000 nmethod 18215 0x0000024cd8d09f10 code [0x0000024cd8d0a140, 0x0000024cd8d0a758]
Event: 192.005 Thread 0x0000024ced240000 18216       1       com.android.tools.r8.internal.pJ0::Y0 (2 bytes)
Event: 192.005 Thread 0x0000024ced240000 nmethod 18216 0x0000024cde665810 code [0x0000024cde6659c0, 0x0000024cde665a78]

GC Heap History (20 events):
Event: 185.247 GC heap after
{Heap after GC invocations=127 (full 0):
 garbage-first heap   total 192512K, used 138196K [0x0000000080000000, 0x0000000100000000)
  region size 1024K, 1 young (1024K), 1 survivors (1024K)
 Metaspace       used 114859K, capacity 117396K, committed 117500K, reserved 1150976K
  class space    used 14396K, capacity 15404K, committed 15488K, reserved 1048576K
}
Event: 185.961 GC heap before
{Heap before GC invocations=127 (full 0):
 garbage-first heap   total 192512K, used 164820K [0x0000000080000000, 0x0000000100000000)
  region size 1024K, 27 young (27648K), 1 survivors (1024K)
 Metaspace       used 114911K, capacity 117465K, committed 117756K, reserved 1150976K
  class space    used 14397K, capacity 15406K, committed 15488K, reserved 1048576K
}
Event: 185.969 GC heap after
{Heap after GC invocations=128 (full 0):
 garbage-first heap   total 192512K, used 138242K [0x0000000080000000, 0x0000000100000000)
  region size 1024K, 2 young (2048K), 2 survivors (2048K)
 Metaspace       used 114911K, capacity 117465K, committed 117756K, reserved 1150976K
  class space    used 14397K, capacity 15406K, committed 15488K, reserved 1048576K
}
Event: 186.579 GC heap before
{Heap before GC invocations=128 (full 0):
 garbage-first heap   total 192512K, used 164866K [0x0000000080000000, 0x0000000100000000)
  region size 1024K, 28 young (28672K), 2 survivors (2048K)
 Metaspace       used 114944K, capacity 117532K, committed 117756K, reserved 1150976K
  class space    used 14397K, capacity 15406K, committed 15488K, reserved 1048576K
}
Event: 186.588 GC heap after
{Heap after GC invocations=129 (full 0):
 garbage-first heap   total 192512K, used 138382K [0x0000000080000000, 0x0000000100000000)
  region size 1024K, 2 young (2048K), 2 survivors (2048K)
 Metaspace       used 114944K, capacity 117532K, committed 117756K, reserved 1150976K
  class space    used 14397K, capacity 15406K, committed 15488K, reserved 1048576K
}
Event: 187.111 GC heap before
{Heap before GC invocations=129 (full 0):
 garbage-first heap   total 192512K, used 165006K [0x0000000080000000, 0x0000000100000000)
  region size 1024K, 28 young (28672K), 2 survivors (2048K)
 Metaspace       used 114963K, capacity 117598K, committed 117756K, reserved 1150976K
  class space    used 14397K, capacity 15406K, committed 15488K, reserved 1048576K
}
Event: 187.122 GC heap after
{Heap after GC invocations=130 (full 0):
 garbage-first heap   total 192512K, used 138555K [0x0000000080000000, 0x0000000100000000)
  region size 1024K, 2 young (2048K), 2 survivors (2048K)
 Metaspace       used 114963K, capacity 117598K, committed 117756K, reserved 1150976K
  class space    used 14397K, capacity 15406K, committed 15488K, reserved 1048576K
}
Event: 187.704 GC heap before
{Heap before GC invocations=130 (full 0):
 garbage-first heap   total 192512K, used 166203K [0x0000000080000000, 0x0000000100000000)
  region size 1024K, 29 young (29696K), 2 survivors (2048K)
 Metaspace       used 115081K, capacity 117699K, committed 117756K, reserved 1150976K
  class space    used 14427K, capacity 15438K, committed 15488K, reserved 1048576K
}
Event: 187.720 GC heap after
{Heap after GC invocations=131 (full 0):
 garbage-first heap   total 192512K, used 138624K [0x0000000080000000, 0x0000000100000000)
  region size 1024K, 2 young (2048K), 2 survivors (2048K)
 Metaspace       used 115081K, capacity 117699K, committed 117756K, reserved 1150976K
  class space    used 14427K, capacity 15438K, committed 15488K, reserved 1048576K
}
Event: 188.445 GC heap before
{Heap before GC invocations=131 (full 0):
 garbage-first heap   total 192512K, used 167296K [0x0000000080000000, 0x0000000100000000)
  region size 1024K, 30 young (30720K), 2 survivors (2048K)
 Metaspace       used 115097K, capacity 117699K, committed 117756K, reserved 1150976K
  class space    used 14427K, capacity 15438K, committed 15488K, reserved 1048576K
}
Event: 188.457 GC heap after
{Heap after GC invocations=132 (full 0):
 garbage-first heap   total 192512K, used 138786K [0x0000000080000000, 0x0000000100000000)
  region size 1024K, 2 young (2048K), 2 survivors (2048K)
 Metaspace       used 115097K, capacity 117699K, committed 117756K, reserved 1150976K
  class space    used 14427K, capacity 15438K, committed 15488K, reserved 1048576K
}
Event: 189.315 GC heap before
{Heap before GC invocations=132 (full 0):
 garbage-first heap   total 192512K, used 167458K [0x0000000080000000, 0x0000000100000000)
  region size 1024K, 30 young (30720K), 2 survivors (2048K)
 Metaspace       used 115136K, capacity 117763K, committed 118012K, reserved 1153024K
  class space    used 14437K, capacity 15438K, committed 15488K, reserved 1048576K
}
Event: 189.330 GC heap after
{Heap after GC invocations=133 (full 0):
 garbage-first heap   total 192512K, used 138922K [0x0000000080000000, 0x0000000100000000)
  region size 1024K, 2 young (2048K), 2 survivors (2048K)
 Metaspace       used 115136K, capacity 117763K, committed 118012K, reserved 1153024K
  class space    used 14437K, capacity 15438K, committed 15488K, reserved 1048576K
}
Event: 189.984 GC heap before
{Heap before GC invocations=133 (full 0):
 garbage-first heap   total 192512K, used 167594K [0x0000000080000000, 0x0000000100000000)
  region size 1024K, 30 young (30720K), 2 survivors (2048K)
 Metaspace       used 115155K, capacity 117763K, committed 118012K, reserved 1153024K
  class space    used 14439K, capacity 15438K, committed 15488K, reserved 1048576K
}
Event: 189.996 GC heap after
{Heap after GC invocations=134 (full 0):
 garbage-first heap   total 192512K, used 139152K [0x0000000080000000, 0x0000000100000000)
  region size 1024K, 2 young (2048K), 2 survivors (2048K)
 Metaspace       used 115155K, capacity 117763K, committed 118012K, reserved 1153024K
  class space    used 14439K, capacity 15438K, committed 15488K, reserved 1048576K
}
Event: 190.579 GC heap before
{Heap before GC invocations=134 (full 0):
 garbage-first heap   total 192512K, used 167824K [0x0000000080000000, 0x0000000100000000)
  region size 1024K, 30 young (30720K), 2 survivors (2048K)
 Metaspace       used 115175K, capacity 117775K, committed 118012K, reserved 1153024K
  class space    used 14441K, capacity 15441K, committed 15488K, reserved 1048576K
}
Event: 190.592 GC heap after
{Heap after GC invocations=135 (full 0):
 garbage-first heap   total 192512K, used 139220K [0x0000000080000000, 0x0000000100000000)
  region size 1024K, 2 young (2048K), 2 survivors (2048K)
 Metaspace       used 115175K, capacity 117775K, committed 118012K, reserved 1153024K
  class space    used 14441K, capacity 15441K, committed 15488K, reserved 1048576K
}
Event: 191.347 GC heap before
{Heap before GC invocations=135 (full 0):
 garbage-first heap   total 192512K, used 167892K [0x0000000080000000, 0x0000000100000000)
  region size 1024K, 30 young (30720K), 2 survivors (2048K)
 Metaspace       used 115216K, capacity 117846K, committed 118012K, reserved 1153024K
  class space    used 14442K, capacity 15442K, committed 15488K, reserved 1048576K
}
Event: 191.359 GC heap after
{Heap after GC invocations=136 (full 0):
 garbage-first heap   total 192512K, used 139411K [0x0000000080000000, 0x0000000100000000)
  region size 1024K, 3 young (3072K), 3 survivors (3072K)
 Metaspace       used 115216K, capacity 117846K, committed 118012K, reserved 1153024K
  class space    used 14442K, capacity 15442K, committed 15488K, reserved 1048576K
}
Event: 192.025 GC heap before
{Heap before GC invocations=136 (full 0):
 garbage-first heap   total 192512K, used 168083K [0x0000000080000000, 0x0000000100000000)
  region size 1024K, 31 young (31744K), 3 survivors (3072K)
 Metaspace       used 115231K, capacity 117846K, committed 118012K, reserved 1153024K
  class space    used 14442K, capacity 15442K, committed 15488K, reserved 1048576K
}

Deoptimization events (20 events):
Event: 185.750 Thread 0x0000024cf10d2000 DEOPT PACKING pc=0x0000024cd6a8f94e sp=0x000000f4ca8f8520
Event: 185.750 Thread 0x0000024cf10d2000 DEOPT UNPACKING pc=0x0000024cd60966bf sp=0x000000f4ca8f79b0 mode 0
Event: 186.721 Thread 0x0000024cf1c14800 Uncommon trap: trap_request=0xffffff4d fr.pc=0x0000024cddda6ec8 relative=0x0000000000000248
Event: 186.721 Thread 0x0000024cf1c14800 Uncommon trap: reason=unstable_if action=reinterpret pc=0x0000024cddda6ec8 method=com.android.tools.r8.ir.regalloc.b.a(Lcom/android/tools/r8/internal/AU0;Lcom/android/tools/r8/ir/regalloc/a;)Z @ 75 c2
Event: 186.721 Thread 0x0000024cf1c14800 DEOPT PACKING pc=0x0000024cddda6ec8 sp=0x000000f4cbdf94a0
Event: 186.721 Thread 0x0000024cf1c14800 DEOPT UNPACKING pc=0x0000024cd60962a9 sp=0x000000f4cbdf9438 mode 2
Event: 187.026 Thread 0x0000024cf10d2000 DEOPT PACKING pc=0x0000024cd8a58c8a sp=0x000000f4ca8f9450
Event: 187.026 Thread 0x0000024cf10d2000 DEOPT UNPACKING pc=0x0000024cd60966bf sp=0x000000f4ca8f8970 mode 0
Event: 187.736 Thread 0x0000024cf1c14800 DEOPT PACKING pc=0x0000024cd8a48713 sp=0x000000f4cbdf9c10
Event: 187.736 Thread 0x0000024cf1c14800 DEOPT UNPACKING pc=0x0000024cd60966bf sp=0x000000f4cbdf9230 mode 0
Event: 189.610 Thread 0x0000024cf10d2000 DEOPT PACKING pc=0x0000024cd8a4e725 sp=0x000000f4ca8f8be0
Event: 189.610 Thread 0x0000024cf10d2000 DEOPT UNPACKING pc=0x0000024cd60966bf sp=0x000000f4ca8f8090 mode 0
Event: 190.176 Thread 0x0000024cf1c14800 DEOPT PACKING pc=0x0000024cd8a4c637 sp=0x000000f4cbdf9c60
Event: 190.176 Thread 0x0000024cf1c14800 DEOPT UNPACKING pc=0x0000024cd60966bf sp=0x000000f4cbdf9228 mode 0
Event: 190.333 Thread 0x0000024cf10d2000 Uncommon trap: trap_request=0xffffff4d fr.pc=0x0000024cddca7ce8 relative=0x0000000000000228
Event: 190.333 Thread 0x0000024cf10d2000 Uncommon trap: reason=unstable_if action=reinterpret pc=0x0000024cddca7ce8 method=java.util.HashMap.getNode(ILjava/lang/Object;)Ljava/util/HashMap$Node; @ 84 c2
Event: 190.333 Thread 0x0000024cf10d2000 DEOPT PACKING pc=0x0000024cddca7ce8 sp=0x000000f4ca8f8cd0
Event: 190.334 Thread 0x0000024cf10d2000 DEOPT UNPACKING pc=0x0000024cd60962a9 sp=0x000000f4ca8f8bd8 mode 2
Event: 191.026 Thread 0x0000024cf10d2000 DEOPT PACKING pc=0x0000024cd8bbcb52 sp=0x000000f4ca8f8b70
Event: 191.026 Thread 0x0000024cf10d2000 DEOPT UNPACKING pc=0x0000024cd60966bf sp=0x000000f4ca8f8040 mode 0

Classes redefined (0 events):
No events

Internal exceptions (20 events):
Event: 152.271 Thread 0x0000024cf37ed000 Exception <a 'java/lang/NoSuchMethodError'{0x000000008afeba58}: 'java.lang.Object java.lang.invoke.Invokers$Holder.linkToTargetMethod(java.lang.Object, long, java.lang.Object)'> (0x000000008afeba58) thrown at [./src/hotspot/share/interpreter/linkResolver.cpp, line 773]
Event: 154.991 Thread 0x0000024cf10d2000 Exception <a 'sun/nio/fs/WindowsException'{0x0000000089df84f8}> (0x0000000089df84f8) thrown at [./src/hotspot/share/prims/jni.cpp, line 615]
Event: 157.879 Thread 0x0000024cf1c14800 Exception <a 'sun/nio/fs/WindowsException'{0x000000008b656688}> (0x000000008b656688) thrown at [./src/hotspot/share/prims/jni.cpp, line 615]
Event: 157.986 Thread 0x0000024cf37ed000 Exception <a 'java/lang/NoSuchMethodError'{0x000000008b75b680}: 'int java.lang.invoke.DirectMethodHandle$Holder.invokeSpecialIFC(java.lang.Object, java.lang.Object, java.lang.Object)'> (0x000000008b75b680) thrown at [./src/hotspot/share/interpreter/linkResolver.cpp, line 773]
Event: 159.908 Thread 0x0000024cf1c14800 Exception <a 'java/lang/NoSuchMethodError'{0x000000008b1b6f48}: 'java.lang.Object java.lang.invoke.DirectMethodHandle$Holder.invokeStaticInit(java.lang.Object, java.lang.Object, java.lang.Object, java.lang.Object, java.lang.Object, java.lang.Object, java.lang.Object, java.lang.Object, java.lang.Object, java.lang.Object, java.lang.Object, java.lang.Object, java.lang.Object, java.lang.Object, java.lang.Object, java.lang.Object, java.lang.Object, java.lang.Object, int, java.lang.Object, java.lang.Object)'> (0
Event: 160.287 Thread 0x0000024cf1c14800 Exception <a 'java/lang/IncompatibleClassChangeError'{0x000000008b0dae48}: Found class java.lang.Object, but interface was expected> (0x000000008b0dae48) thrown at [./src/hotspot/share/interpreter/linkResolver.cpp, line 839]
Event: 162.974 Thread 0x0000024cf10d2000 Exception <a 'java/lang/NoSuchMethodError'{0x0000000089282458}: 'int java.lang.invoke.DirectMethodHandle$Holder.invokeVirtual(java.lang.Object, java.lang.Object, java.lang.Object, java.lang.Object)'> (0x0000000089282458) thrown at [./src/hotspot/share/interpreter/linkResolver.cpp, line 773]
Event: 165.810 Thread 0x0000024cf10d2000 Exception <a 'java/lang/IncompatibleClassChangeError'{0x000000008b3f7e80}: Found class java.lang.Object, but interface was expected> (0x000000008b3f7e80) thrown at [./src/hotspot/share/interpreter/linkResolver.cpp, line 839]
Event: 166.089 Thread 0x0000024cf10d2000 Implicit null exception at 0x0000024cde587e9b to 0x0000024cde58890c
Event: 166.089 Thread 0x0000024cf10d2000 Implicit null exception at 0x0000024cde587e9b to 0x0000024cde58890c
Event: 167.137 Thread 0x0000024cf10d2000 Exception <a 'java/lang/NoSuchMethodError'{0x000000008abec638}: 'int java.lang.invoke.DirectMethodHandle$Holder.invokeVirtual(java.lang.Object, java.lang.Object, java.lang.Object)'> (0x000000008abec638) thrown at [./src/hotspot/share/interpreter/linkResolver.cpp, line 773]
Event: 173.418 Thread 0x0000024cf1c14800 Exception <a 'java/lang/NoSuchMethodError'{0x000000008b831b90}: 'java.lang.Object java.lang.invoke.DirectMethodHandle$Holder.invokeStatic(java.lang.Object, int, java.lang.Object, java.lang.Object)'> (0x000000008b831b90) thrown at [./src/hotspot/share/interpreter/linkResolver.cpp, line 773]
Event: 175.236 Thread 0x0000024cf10d2000 Exception <a 'java/lang/NoSuchMethodError'{0x000000008b92c6e0}: 'int java.lang.invoke.DirectMethodHandle$Holder.invokeSpecial(java.lang.Object, java.lang.Object, java.lang.Object, java.lang.Object, java.lang.Object)'> (0x000000008b92c6e0) thrown at [./src/hotspot/share/interpreter/linkResolver.cpp, line 773]
Event: 175.599 Thread 0x0000024cf10d2000 Exception <a 'java/lang/NoSuchMethodError'{0x000000008ae14ee0}: 'java.lang.Object java.lang.invoke.DirectMethodHandle$Holder.invokeVirtual(java.lang.Object, java.lang.Object, int, java.lang.Object)'> (0x000000008ae14ee0) thrown at [./src/hotspot/share/interpreter/linkResolver.cpp, line 773]
Event: 175.715 Thread 0x0000024cf10d2000 Exception <a 'java/lang/IncompatibleClassChangeError'{0x000000008aa879b0}: Found class java.lang.Object, but interface was expected> (0x000000008aa879b0) thrown at [./src/hotspot/share/interpreter/linkResolver.cpp, line 839]
Event: 175.718 Thread 0x0000024cf10d2000 Exception <a 'java/lang/IncompatibleClassChangeError'{0x000000008a965c50}: Found class java.lang.Object, but interface was expected> (0x000000008a965c50) thrown at [./src/hotspot/share/interpreter/linkResolver.cpp, line 839]
Event: 176.096 Thread 0x0000024cf10d2000 Exception <a 'java/lang/NoSuchMethodError'{0x0000000089e1bc38}: 'void java.lang.invoke.DirectMethodHandle$Holder.invokeVirtual(java.lang.Object, java.lang.Object, int, java.lang.Object)'> (0x0000000089e1bc38) thrown at [./src/hotspot/share/interpreter/linkResolver.cpp, line 773]
Event: 177.355 Thread 0x0000024cf10d2000 Exception <a 'java/lang/NoSuchMethodError'{0x000000008a61c608}: 'java.lang.Object java.lang.invoke.DirectMethodHandle$Holder.newInvokeSpecial(java.lang.Object, int)'> (0x000000008a61c608) thrown at [./src/hotspot/share/interpreter/linkResolver.cpp, line 773]
Event: 180.755 Thread 0x0000024cf1c14800 Implicit null exception at 0x0000024cde3ff0eb to 0x0000024cde3ff10c
Event: 185.779 Thread 0x0000024cf10d2000 Exception <a 'java/lang/NoSuchMethodError'{0x000000008aacd9f8}: 'int java.lang.invoke.DirectMethodHandle$Holder.invokeInterface(java.lang.Object, java.lang.Object, int)'> (0x000000008aacd9f8) thrown at [./src/hotspot/share/interpreter/linkResolver.cpp, line 773]

Events (20 events):
Event: 189.330 Executing VM operation: G1CollectForAllocation done
Event: 189.332 loading class com/android/tools/r8/code/p0
Event: 189.332 loading class com/android/tools/r8/code/p0 done
Event: 189.984 Executing VM operation: G1CollectForAllocation
Event: 189.996 Executing VM operation: G1CollectForAllocation done
Event: 190.131 loading class com/android/tools/r8/internal/Es1
Event: 190.131 loading class com/android/tools/r8/internal/Es1 done
Event: 190.131 loading class com/android/tools/r8/internal/AU0
Event: 190.131 loading class com/android/tools/r8/internal/AU0 done
Event: 190.131 loading class com/android/tools/r8/internal/Es1
Event: 190.131 loading class com/android/tools/r8/internal/Es1 done
Event: 190.411 loading class com/android/tools/r8/internal/ID0
Event: 190.411 loading class com/android/tools/r8/internal/ID0 done
Event: 190.578 Executing VM operation: G1CollectForAllocation
Event: 190.592 Executing VM operation: G1CollectForAllocation done
Event: 190.979 loading class com/android/tools/r8/internal/ID0
Event: 190.979 loading class com/android/tools/r8/internal/ID0 done
Event: 191.344 Executing VM operation: G1CollectForAllocation
Event: 191.360 Executing VM operation: G1CollectForAllocation done
Event: 192.024 Executing VM operation: G1CollectForAllocation


Dynamic libraries:
0x00007ff72c350000 - 0x00007ff72c35a000 	D:\Alondra\programs\Android Studio\jre\bin\java.exe
0x00007ffca02a0000 - 0x00007ffca0461000 	C:\Windows\SYSTEM32\ntdll.dll
0x00007ffc9d8b0000 - 0x00007ffc9d95d000 	C:\Windows\system32\KERNEL32.DLL
0x00007ffc9c9a0000 - 0x00007ffc9cb88000 	C:\Windows\system32\KERNELBASE.dll
0x00007ffc9b0b0000 - 0x00007ffc9b129000 	C:\Windows\system32\apphelp.dll
0x00007ffc982b0000 - 0x00007ffc982c9000 	D:\Alondra\programs\Android Studio\jre\bin\jli.dll
0x00007ffc9fed0000 - 0x00007ffca0026000 	C:\Windows\system32\USER32.dll
0x00007ffc98290000 - 0x00007ffc982a7000 	D:\Alondra\programs\Android Studio\jre\bin\VCRUNTIME140.dll
0x00007ffc9d960000 - 0x00007ffc9dae6000 	C:\Windows\system32\GDI32.dll
0x00007ffc9ba50000 - 0x00007ffc9bb44000 	C:\Windows\SYSTEM32\ucrtbase.dll
0x00007ffc880b0000 - 0x00007ffc88324000 	C:\Windows\WinSxS\amd64_microsoft.windows.common-controls_6595b64144ccf1df_6.0.10586.0_none_8c15ae12515e1c22\COMCTL32.dll
0x00007ffc9de50000 - 0x00007ffc9deed000 	C:\Windows\system32\msvcrt.dll
0x00007ffc9def0000 - 0x00007ffc9e16d000 	C:\Windows\system32\combase.dll
0x00007ffc9db90000 - 0x00007ffc9dcac000 	C:\Windows\system32\RPCRT4.dll
0x00007ffc9d400000 - 0x00007ffc9d46a000 	C:\Windows\system32\bcryptPrimitives.dll
0x00007ffc9db50000 - 0x00007ffc9db8b000 	C:\Windows\system32\IMM32.DLL
0x00007ffc75cc0000 - 0x00007ffc75d5d000 	D:\Alondra\programs\Android Studio\jre\bin\msvcp140.dll
0x00007ffc6e1c0000 - 0x00007ffc6ec95000 	D:\Alondra\programs\Android Studio\jre\bin\server\jvm.dll
0x00007ffc9dcb0000 - 0x00007ffc9dd57000 	C:\Windows\system32\ADVAPI32.dll
0x00007ffc9daf0000 - 0x00007ffc9db4b000 	C:\Windows\system32\sechost.dll
0x00007ffc9e170000 - 0x00007ffc9e178000 	C:\Windows\system32\PSAPI.DLL
0x00007ffc8d040000 - 0x00007ffc8d049000 	C:\Windows\SYSTEM32\WSOCK32.dll
0x00007ffc9e7e0000 - 0x00007ffc9e84b000 	C:\Windows\system32\WS2_32.dll
0x00007ffc9ad10000 - 0x00007ffc9ad33000 	C:\Windows\SYSTEM32\WINMM.dll
0x00007ffc8bd00000 - 0x00007ffc8bd0a000 	C:\Windows\SYSTEM32\VERSION.dll
0x00007ffc9a9c0000 - 0x00007ffc9a9ec000 	C:\Windows\SYSTEM32\WINMMBASE.dll
0x00007ffc9c950000 - 0x00007ffc9c993000 	C:\Windows\system32\cfgmgr32.dll
0x00007ffc9c940000 - 0x00007ffc9c94f000 	C:\Windows\system32\kernel.appcore.dll
0x00007ffc98050000 - 0x00007ffc98061000 	D:\Alondra\programs\Android Studio\jre\bin\verify.dll
0x00007ffc9a1b0000 - 0x00007ffc9a33c000 	C:\Windows\SYSTEM32\DBGHELP.DLL
0x00007ffc721b0000 - 0x00007ffc721d5000 	C:\Windows\SYSTEM32\dbgcore.DLL
0x00007ffc97ad0000 - 0x00007ffc97af9000 	D:\Alondra\programs\Android Studio\jre\bin\java.dll
0x00007ffc9b080000 - 0x00007ffc9b08b000 	D:\Alondra\programs\Android Studio\jre\bin\jimage.dll
0x00007ffc94df0000 - 0x00007ffc94e08000 	D:\Alondra\programs\Android Studio\jre\bin\zip.dll
0x00007ffc9e960000 - 0x00007ffc9febf000 	C:\Windows\system32\SHELL32.dll
0x00007ffc9cdb0000 - 0x00007ffc9d3f4000 	C:\Windows\system32\windows.storage.dll
0x00007ffca0230000 - 0x00007ffca0282000 	C:\Windows\system32\shlwapi.dll
0x00007ffc9cc20000 - 0x00007ffc9ccd5000 	C:\Windows\system32\shcore.dll
0x00007ffc9c8c0000 - 0x00007ffc9c90b000 	C:\Windows\system32\powrprof.dll
0x00007ffc9c920000 - 0x00007ffc9c934000 	C:\Windows\system32\profapi.dll
0x00007ffc94dd0000 - 0x00007ffc94dea000 	D:\Alondra\programs\Android Studio\jre\bin\net.dll
0x00007ffc911a0000 - 0x00007ffc91268000 	C:\Windows\SYSTEM32\WINHTTP.dll
0x00007ffc9c190000 - 0x00007ffc9c1ec000 	C:\Windows\system32\mswsock.dll
0x00007ffc94db0000 - 0x00007ffc94dc4000 	D:\Alondra\programs\Android Studio\jre\bin\nio.dll
0x00007ffc988a0000 - 0x00007ffc988c7000 	D:\Alondra\AndroidStudioProjects\native\e1d6ef7f7dcc3fd88c89a11ec53ec762bb8ba0a96d01ffa2cd45eb1d1d8dd5c5\windows-amd64\native-platform.dll
0x00007ffc9b060000 - 0x00007ffc9b06a000 	D:\Alondra\programs\Android Studio\jre\bin\management.dll
0x00007ffc99170000 - 0x00007ffc9917d000 	D:\Alondra\programs\Android Studio\jre\bin\management_ext.dll
0x00007ffc9c240000 - 0x00007ffc9c257000 	C:\Windows\SYSTEM32\CRYPTSP.dll
0x00007ffc9bed0000 - 0x00007ffc9bf04000 	C:\Windows\system32\rsaenh.dll
0x00007ffc9c800000 - 0x00007ffc9c829000 	C:\Windows\SYSTEM32\bcrypt.dll
0x00007ffc9c020000 - 0x00007ffc9c03f000 	C:\Windows\SYSTEM32\USERENV.dll
0x00007ffc9c360000 - 0x00007ffc9c36b000 	C:\Windows\SYSTEM32\CRYPTBASE.dll
0x00007ffc8fe80000 - 0x00007ffc8feb8000 	C:\Windows\SYSTEM32\IPHLPAPI.DLL
0x00007ffc9fec0000 - 0x00007ffc9fec8000 	C:\Windows\system32\NSI.dll
0x00007ffc8f370000 - 0x00007ffc8f386000 	C:\Windows\SYSTEM32\dhcpcsvc6.DLL
0x00007ffc8f350000 - 0x00007ffc8f36a000 	C:\Windows\SYSTEM32\dhcpcsvc.DLL
0x00007ffc9bdb0000 - 0x00007ffc9bde1000 	C:\Windows\SYSTEM32\ntmarta.dll
0x00007ffc84d50000 - 0x00007ffc84dec000 	C:\Windows\SYSTEM32\efswrt.dll
0x00007ffc9dd80000 - 0x00007ffc9de41000 	C:\Windows\system32\OLEAUT32.dll
0x00007ffc994f0000 - 0x00007ffc99626000 	C:\Windows\SYSTEM32\wintypes.dll
0x00007ffc84be0000 - 0x00007ffc84c30000 	C:\Windows\SYSTEM32\edputil.dll

dbghelp: loaded successfully - version: 4.0.5 - missing functions: none
symbol engine: initialized successfully - sym options: 0x614 - pdb path: .;D:\Alondra\programs\Android Studio\jre\bin;C:\Windows\SYSTEM32;C:\Windows\WinSxS\amd64_microsoft.windows.common-controls_6595b64144ccf1df_6.0.10586.0_none_8c15ae12515e1c22;D:\Alondra\programs\Android Studio\jre\bin\server;D:\Alondra\AndroidStudioProjects\native\e1d6ef7f7dcc3fd88c89a11ec53ec762bb8ba0a96d01ffa2cd45eb1d1d8dd5c5\windows-amd64

VM Arguments:
jvm_args: --add-opens=java.base/java.util=ALL-UNNAMED --add-opens=java.base/java.lang=ALL-UNNAMED --add-opens=java.base/java.lang.invoke=ALL-UNNAMED --add-opens=java.base/java.util=ALL-UNNAMED --add-opens=java.prefs/java.util.prefs=ALL-UNNAMED --add-opens=java.prefs/java.util.prefs=ALL-UNNAMED --add-opens=java.base/java.nio.charset=ALL-UNNAMED --add-opens=java.base/java.net=ALL-UNNAMED --add-opens=java.base/java.util.concurrent.atomic=ALL-UNNAMED -Xmx2048m -Dfile.encoding=UTF-8 -Duser.country=419 -Duser.language=es -Duser.variant 
java_command: org.gradle.launcher.daemon.bootstrap.GradleDaemon 7.2
java_class_path (initial): D:\Alondra\AndroidStudioProjects\wrapper\dists\gradle-7.2-bin\2dnblmf4td7x66yl1d74lt32g\gradle-7.2\lib\gradle-launcher-7.2.jar
Launcher Type: SUN_STANDARD

[Global flags]
     intx CICompilerCount                          = 3                                         {product} {ergonomic}
     uint ConcGCThreads                            = 1                                         {product} {ergonomic}
     uint G1ConcRefinementThreads                  = 4                                         {product} {ergonomic}
   size_t G1HeapRegionSize                         = 1048576                                   {product} {ergonomic}
    uintx GCDrainStackTargetSize                   = 64                                        {product} {ergonomic}
   size_t InitialHeapSize                          = 65011712                                  {product} {ergonomic}
   size_t MarkStackSize                            = 4194304                                   {product} {ergonomic}
   size_t MaxHeapSize                              = 2147483648                                {product} {command line}
   size_t MaxNewSize                               = 1287651328                                {product} {ergonomic}
   size_t MinHeapDeltaBytes                        = 1048576                                   {product} {ergonomic}
    uintx NonNMethodCodeHeapSize                   = 5830732                                {pd product} {ergonomic}
    uintx NonProfiledCodeHeapSize                  = 122913754                              {pd product} {ergonomic}
    uintx ProfiledCodeHeapSize                     = 122913754                              {pd product} {ergonomic}
    uintx ReservedCodeCacheSize                    = 251658240                              {pd product} {ergonomic}
     bool SegmentedCodeCache                       = true                                      {product} {ergonomic}
     bool UseCompressedClassPointers               = true                                 {lp64_product} {ergonomic}
     bool UseCompressedOops                        = true                                 {lp64_product} {ergonomic}
     bool UseG1GC                                  = true                                      {product} {ergonomic}
     bool UseLargePagesIndividualAllocation        = false                                  {pd product} {ergonomic}

Logging:
Log output configuration:
 #0: stdout all=warning uptime,level,tags
 #1: stderr all=off uptime,level,tags

Environment Variables:
JAVA_HOME=D:\Alondra\programs\java\jdk1.8.0_281
PATH=D:\Alondra\programs\python39\Scripts\;D:\Alondra\programs\python39\;C:\Python39\Scripts\;C:\Python39\;C:\Program Files (x86)\Common Files\Oracle\Java\javapath;C:\Windows\system32;C:\Windows;C:\Windows\System32\Wbem;C:\Windows\System32\WindowsPowerShell\v1.0\;C:\Users\Alondra\AppData\Local\Programs\Python\Python39;C:\Users\Alondra\AppData\Local\Programs\Python\Python39\Scripts;C:\Program Files\dotnet\;D:\Alondra\programs\Brackets\command;D:\Alondra\programs\java\jdk1.8.0_281\bin;D:\Alondra\programs\nodejs\;C:\ProgramData\chocolatey\bin;D:\Alondra\programs\Git\cmd;D:\Alondra\programs\PuTTY\;C:\Users\Alondra\AppData\Roaming\Python\Python39\Scripts;C:\Users\Alondra\AppData\Roaming\Python\Python39;D:\Alondra\programs\PostgreSQL\13\bin;D:\Alondra\7° SEMESTRE\4.Lenguajes y Automatas ll\javacc-javacc-7.0.10\scripts;D:\Alondra\7° SEMESTRE\4.Lenguajes y Automatas ll\javacc-javacc-7.0.10\bin;D:\Alondra\programs\XAMPP\php;D:\Alondra\programs\ComposerSetup;D:\Alondra\programs\Pyhon\Scripts\;D:\Alondra\programs\Pyhon\;D:\Alondra\programs\Microsoft VS Code\bin;D:\Alondra\descargas D\curl_7_53_1_openssl_nghttp2_x64;C:\Users\Alondra\.dotnet\tools;C:\Users\Alondra\AppData\Roaming\npm;D:\Alondra\programs\Nmap;C:\Users\Alondra\AppData\Roaming\Composer\vendor\bin
USERNAME=Alondra
OS=Windows_NT
PROCESSOR_IDENTIFIER=Intel64 Family 6 Model 92 Stepping 9, GenuineIntel



---------------  S Y S T E M  ---------------

OS: Windows 10 , 64 bit Build 10586 (10.0.10586.0)
OS uptime: 1 days 10:45 hours

CPU:total 4 (initial active 4) (4 cores per cpu, 1 threads per core) family 6 model 92 stepping 9 microcode 0x2a, cmov, cx8, fxsr, mmx, sse, sse2, sse3, ssse3, sse4.1, sse4.2, popcnt, aes, clmul, erms, 3dnowpref, tsc, tscinvbit, sha

Memory: 4k page, system-wide physical 3928M (312M free)
TotalPageFile size 5416M (AvailPageFile size 11M)
current process WorkingSet (physical memory assigned to process): 446M, peak: 448M
current process commit charge ("private bytes"): 560M, peak: 601M

vm_info: OpenJDK 64-Bit Server VM (11.0.11+9-b60-7590822) for windows-amd64 JRE (11.0.11+9-b60-7590822), built on Jul 29 2021 21:43:44 by "builder" with MS VC++ 14.0 (VS2015)

END.
